[0.628s] Invoking command in '/home/ubuntu/ariac_ws/src/ariac_gui': PYTHONPATH=/home/ubuntu/ariac_ws/build/ariac_gui/prefix_override:/home/ubuntu/ariac_ws/install/ariac_gui/lib/python3.8/site-packages:/home/ubuntu/ariac_ws/install/ariac_msgs/lib/python3.8/site-packages:/home/ubuntu/ariac_ws/install/py_pubsub/lib/python3.8/site-packages:/home/ubuntu/ariac_ws/install/ariac_gui/lib/python3.8/site-packages:/opt/ros/galactic/lib/python3.8/site-packages /usr/bin/python3 setup.py egg_info --egg-base ../../build/ariac_gui build --build-base /home/ubuntu/ariac_ws/build/ariac_gui/build install --record /home/ubuntu/ariac_ws/build/ariac_gui/install.log --single-version-externally-managed
[0.832s] running egg_info
[0.833s] writing ../../build/ariac_gui/ariac_gui.egg-info/PKG-INFO
[0.833s] writing dependency_links to ../../build/ariac_gui/ariac_gui.egg-info/dependency_links.txt
[0.834s] writing entry points to ../../build/ariac_gui/ariac_gui.egg-info/entry_points.txt
[0.834s] writing requirements to ../../build/ariac_gui/ariac_gui.egg-info/requires.txt
[0.834s] writing top-level names to ../../build/ariac_gui/ariac_gui.egg-info/top_level.txt
[0.868s] package init file 'ariac_gui/__init__.py' not found (or not a regular file)
[0.869s] reading manifest file '../../build/ariac_gui/ariac_gui.egg-info/SOURCES.txt'
[0.870s] writing manifest file '../../build/ariac_gui/ariac_gui.egg-info/SOURCES.txt'
[0.870s] running build
[0.870s] running build_py
[0.871s] running install
[0.871s] running install_lib
[0.873s] byte-compiling /home/ubuntu/ariac_ws/install/ariac_gui/lib/python3.8/site-packages/ariac_gui/newGui.py to newGui.cpython-38.pyc
[0.873s]   File "/home/ubuntu/ariac_ws/install/ariac_gui/lib/python3.8/site-packages/ariac_gui/newGui.py", line 7
[0.874s]     from ariac_gui/Functions.checkCancel import *
[0.874s]                   ^
[0.874s] SyntaxError: invalid syntax
[0.874s] 
[0.874s] running install_data
[0.874s] running install_egg_info
[0.875s] removing '/home/ubuntu/ariac_ws/install/ariac_gui/lib/python3.8/site-packages/ariac_gui-0.0.0-py3.8.egg-info' (and everything under it)
[0.876s] Copying ../../build/ariac_gui/ariac_gui.egg-info to /home/ubuntu/ariac_ws/install/ariac_gui/lib/python3.8/site-packages/ariac_gui-0.0.0-py3.8.egg-info
[0.878s] running install_scripts
[0.893s] Installing gui script to /home/ubuntu/ariac_ws/install/ariac_gui/lib/ariac_gui
[0.893s] writing list of installed files to '/home/ubuntu/ariac_ws/build/ariac_gui/install.log'
[0.912s] Invoked command in '/home/ubuntu/ariac_ws/src/ariac_gui' returned '0': PYTHONPATH=/home/ubuntu/ariac_ws/build/ariac_gui/prefix_override:/home/ubuntu/ariac_ws/install/ariac_gui/lib/python3.8/site-packages:/home/ubuntu/ariac_ws/install/ariac_msgs/lib/python3.8/site-packages:/home/ubuntu/ariac_ws/install/py_pubsub/lib/python3.8/site-packages:/home/ubuntu/ariac_ws/install/ariac_gui/lib/python3.8/site-packages:/opt/ros/galactic/lib/python3.8/site-packages /usr/bin/python3 setup.py egg_info --egg-base ../../build/ariac_gui build --build-base /home/ubuntu/ariac_ws/build/ariac_gui/build install --record /home/ubuntu/ariac_ws/build/ariac_gui/install.log --single-version-externally-managed
