[0.134s] DEBUG:colcon:Command line arguments: ['/usr/bin/colcon', 'build']
[0.134s] DEBUG:colcon:Parsed command line arguments: Namespace(allow_overriding=[], ament_cmake_args=None, base_paths=['.'], build_base='build', catkin_cmake_args=None, catkin_skip_building_tests=False, cmake_args=None, cmake_clean_cache=False, cmake_clean_first=False, cmake_force_configure=False, cmake_target=None, cmake_target_skip_unavailable=False, continue_on_error=False, event_handlers=None, executor='parallel', ignore_user_meta=False, install_base='install', log_base=None, log_level=None, main=<bound method BuildVerb.main of <colcon_core.verb.build.BuildVerb object at 0x7f11020a19d0>>, merge_install=False, metas=['./colcon.meta'], packages_above=None, packages_above_and_dependencies=None, packages_above_depth=None, packages_end=None, packages_ignore=None, packages_ignore_regex=None, packages_select=None, packages_select_build_failed=False, packages_select_by_dep=None, packages_select_regex=None, packages_select_test_failures=False, packages_skip=None, packages_skip_build_finished=False, packages_skip_by_dep=None, packages_skip_regex=None, packages_skip_test_passed=False, packages_skip_up_to=None, packages_start=None, packages_up_to=None, packages_up_to_regex=None, parallel_workers=12, paths=None, symlink_install=False, test_result_base=None, verb_extension=<colcon_core.verb.build.BuildVerb object at 0x7f11020a19d0>, verb_name='build', verb_parser=<colcon_defaults.argument_parser.defaults.DefaultArgumentsDecorator object at 0x7f11020a1f40>)
[0.155s] Level 1:colcon.colcon_core.package_discovery:discover_packages(colcon_meta) check parameters
[0.155s] Level 1:colcon.colcon_core.package_discovery:discover_packages(recursive) check parameters
[0.155s] Level 1:colcon.colcon_core.package_discovery:discover_packages(ignore) check parameters
[0.155s] Level 1:colcon.colcon_core.package_discovery:discover_packages(path) check parameters
[0.155s] Level 1:colcon.colcon_core.package_discovery:discover_packages(colcon_meta) discover
[0.155s] Level 1:colcon.colcon_core.package_discovery:discover_packages(recursive) discover
[0.155s] INFO:colcon.colcon_core.package_discovery:Crawling recursively for packages in '/home/ubuntu/ariac_ws'
[0.155s] Level 1:colcon.colcon_core.package_identification:_identify(.) by extensions ['ignore', 'ignore_ament_install']
[0.155s] Level 1:colcon.colcon_core.package_identification:_identify(.) by extension 'ignore'
[0.155s] Level 1:colcon.colcon_core.package_identification:_identify(.) by extension 'ignore_ament_install'
[0.155s] Level 1:colcon.colcon_core.package_identification:_identify(.) by extensions ['colcon_pkg']
[0.155s] Level 1:colcon.colcon_core.package_identification:_identify(.) by extension 'colcon_pkg'
[0.155s] Level 1:colcon.colcon_core.package_identification:_identify(.) by extensions ['colcon_meta']
[0.155s] Level 1:colcon.colcon_core.package_identification:_identify(.) by extension 'colcon_meta'
[0.155s] Level 1:colcon.colcon_core.package_identification:_identify(.) by extensions ['ros']
[0.155s] Level 1:colcon.colcon_core.package_identification:_identify(.) by extension 'ros'
[0.168s] Level 1:colcon.colcon_core.package_identification:_identify(.) by extensions ['cmake', 'python']
[0.168s] Level 1:colcon.colcon_core.package_identification:_identify(.) by extension 'cmake'
[0.168s] Level 1:colcon.colcon_core.package_identification:_identify(.) by extension 'python'
[0.168s] Level 1:colcon.colcon_core.package_identification:_identify(.) by extensions ['python_setup_py']
[0.168s] Level 1:colcon.colcon_core.package_identification:_identify(.) by extension 'python_setup_py'
[0.168s] Level 1:colcon.colcon_core.package_identification:_identify(build) by extensions ['ignore', 'ignore_ament_install']
[0.168s] Level 1:colcon.colcon_core.package_identification:_identify(build) by extension 'ignore'
[0.168s] Level 1:colcon.colcon_core.package_identification:_identify(build) ignored
[0.168s] Level 1:colcon.colcon_core.package_identification:_identify(install) by extensions ['ignore', 'ignore_ament_install']
[0.168s] Level 1:colcon.colcon_core.package_identification:_identify(install) by extension 'ignore'
[0.168s] Level 1:colcon.colcon_core.package_identification:_identify(install) ignored
[0.169s] Level 1:colcon.colcon_core.package_identification:_identify(log) by extensions ['ignore', 'ignore_ament_install']
[0.169s] Level 1:colcon.colcon_core.package_identification:_identify(log) by extension 'ignore'
[0.169s] Level 1:colcon.colcon_core.package_identification:_identify(log) ignored
[0.169s] Level 1:colcon.colcon_core.package_identification:_identify(src) by extensions ['ignore', 'ignore_ament_install']
[0.169s] Level 1:colcon.colcon_core.package_identification:_identify(src) by extension 'ignore'
[0.169s] Level 1:colcon.colcon_core.package_identification:_identify(src) by extension 'ignore_ament_install'
[0.169s] Level 1:colcon.colcon_core.package_identification:_identify(src) by extensions ['colcon_pkg']
[0.169s] Level 1:colcon.colcon_core.package_identification:_identify(src) by extension 'colcon_pkg'
[0.169s] Level 1:colcon.colcon_core.package_identification:_identify(src) by extensions ['colcon_meta']
[0.169s] Level 1:colcon.colcon_core.package_identification:_identify(src) by extension 'colcon_meta'
[0.169s] Level 1:colcon.colcon_core.package_identification:_identify(src) by extensions ['ros']
[0.169s] Level 1:colcon.colcon_core.package_identification:_identify(src) by extension 'ros'
[0.169s] Level 1:colcon.colcon_core.package_identification:_identify(src) by extensions ['cmake', 'python']
[0.169s] Level 1:colcon.colcon_core.package_identification:_identify(src) by extension 'cmake'
[0.170s] Level 1:colcon.colcon_core.package_identification:_identify(src) by extension 'python'
[0.170s] Level 1:colcon.colcon_core.package_identification:_identify(src) by extensions ['python_setup_py']
[0.170s] Level 1:colcon.colcon_core.package_identification:_identify(src) by extension 'python_setup_py'
[0.170s] Level 1:colcon.colcon_core.package_identification:_identify(src/ariac_gui) by extensions ['ignore', 'ignore_ament_install']
[0.170s] Level 1:colcon.colcon_core.package_identification:_identify(src/ariac_gui) by extension 'ignore'
[0.170s] Level 1:colcon.colcon_core.package_identification:_identify(src/ariac_gui) by extension 'ignore_ament_install'
[0.170s] Level 1:colcon.colcon_core.package_identification:_identify(src/ariac_gui) by extensions ['colcon_pkg']
[0.170s] Level 1:colcon.colcon_core.package_identification:_identify(src/ariac_gui) by extension 'colcon_pkg'
[0.170s] Level 1:colcon.colcon_core.package_identification:_identify(src/ariac_gui) by extensions ['colcon_meta']
[0.170s] Level 1:colcon.colcon_core.package_identification:_identify(src/ariac_gui) by extension 'colcon_meta'
[0.170s] Level 1:colcon.colcon_core.package_identification:_identify(src/ariac_gui) by extensions ['ros']
[0.170s] Level 1:colcon.colcon_core.package_identification:_identify(src/ariac_gui) by extension 'ros'
[0.173s] DEBUG:colcon.colcon_core.package_identification:Package 'src/ariac_gui' with type 'ros.ament_python' and name 'ariac_gui'
[0.173s] Level 1:colcon.colcon_core.package_identification:_identify(src/ariac_ros2) by extensions ['ignore', 'ignore_ament_install']
[0.173s] Level 1:colcon.colcon_core.package_identification:_identify(src/ariac_ros2) by extension 'ignore'
[0.173s] Level 1:colcon.colcon_core.package_identification:_identify(src/ariac_ros2) by extension 'ignore_ament_install'
[0.173s] Level 1:colcon.colcon_core.package_identification:_identify(src/ariac_ros2) by extensions ['colcon_pkg']
[0.173s] Level 1:colcon.colcon_core.package_identification:_identify(src/ariac_ros2) by extension 'colcon_pkg'
[0.173s] Level 1:colcon.colcon_core.package_identification:_identify(src/ariac_ros2) by extensions ['colcon_meta']
[0.173s] Level 1:colcon.colcon_core.package_identification:_identify(src/ariac_ros2) by extension 'colcon_meta'
[0.173s] Level 1:colcon.colcon_core.package_identification:_identify(src/ariac_ros2) by extensions ['ros']
[0.173s] Level 1:colcon.colcon_core.package_identification:_identify(src/ariac_ros2) by extension 'ros'
[0.173s] Level 1:colcon.colcon_core.package_identification:_identify(src/ariac_ros2) by extensions ['cmake', 'python']
[0.173s] Level 1:colcon.colcon_core.package_identification:_identify(src/ariac_ros2) by extension 'cmake'
[0.173s] Level 1:colcon.colcon_core.package_identification:_identify(src/ariac_ros2) by extension 'python'
[0.174s] Level 1:colcon.colcon_core.package_identification:_identify(src/ariac_ros2) by extensions ['python_setup_py']
[0.174s] Level 1:colcon.colcon_core.package_identification:_identify(src/ariac_ros2) by extension 'python_setup_py'
[0.174s] Level 1:colcon.colcon_core.package_identification:_identify(src/ariac_ros2/ariac_msgs) by extensions ['ignore', 'ignore_ament_install']
[0.174s] Level 1:colcon.colcon_core.package_identification:_identify(src/ariac_ros2/ariac_msgs) by extension 'ignore'
[0.174s] Level 1:colcon.colcon_core.package_identification:_identify(src/ariac_ros2/ariac_msgs) by extension 'ignore_ament_install'
[0.174s] Level 1:colcon.colcon_core.package_identification:_identify(src/ariac_ros2/ariac_msgs) by extensions ['colcon_pkg']
[0.174s] Level 1:colcon.colcon_core.package_identification:_identify(src/ariac_ros2/ariac_msgs) by extension 'colcon_pkg'
[0.174s] Level 1:colcon.colcon_core.package_identification:_identify(src/ariac_ros2/ariac_msgs) by extensions ['colcon_meta']
[0.174s] Level 1:colcon.colcon_core.package_identification:_identify(src/ariac_ros2/ariac_msgs) by extension 'colcon_meta'
[0.174s] Level 1:colcon.colcon_core.package_identification:_identify(src/ariac_ros2/ariac_msgs) by extensions ['ros']
[0.174s] Level 1:colcon.colcon_core.package_identification:_identify(src/ariac_ros2/ariac_msgs) by extension 'ros'
[0.175s] DEBUG:colcon.colcon_core.package_identification:Package 'src/ariac_ros2/ariac_msgs' with type 'ros.ament_cmake' and name 'ariac_msgs'
[0.175s] Level 1:colcon.colcon_core.package_discovery:discover_packages(recursive) using defaults
[0.175s] Level 1:colcon.colcon_core.package_discovery:discover_packages(ignore) discover
[0.175s] Level 1:colcon.colcon_core.package_discovery:discover_packages(ignore) using defaults
[0.175s] Level 1:colcon.colcon_core.package_discovery:discover_packages(path) discover
[0.175s] Level 1:colcon.colcon_core.package_discovery:discover_packages(path) using defaults
[0.205s] Level 1:colcon.colcon_core.package_discovery:discover_packages(prefix_path) check parameters
[0.205s] Level 1:colcon.colcon_core.package_discovery:discover_packages(prefix_path) discover
[0.207s] Level 1:colcon.colcon_core.package_discovery:discover_packages(prefix_path) using defaults
[0.208s] Level 5:colcon.colcon_core.verb:set package 'ariac_msgs' build argument 'cmake_args' from command line to 'None'
[0.208s] Level 5:colcon.colcon_core.verb:set package 'ariac_msgs' build argument 'cmake_target' from command line to 'None'
[0.209s] Level 5:colcon.colcon_core.verb:set package 'ariac_msgs' build argument 'cmake_target_skip_unavailable' from command line to 'False'
[0.209s] Level 5:colcon.colcon_core.verb:set package 'ariac_msgs' build argument 'cmake_clean_cache' from command line to 'False'
[0.209s] Level 5:colcon.colcon_core.verb:set package 'ariac_msgs' build argument 'cmake_clean_first' from command line to 'False'
[0.209s] Level 5:colcon.colcon_core.verb:set package 'ariac_msgs' build argument 'cmake_force_configure' from command line to 'False'
[0.209s] Level 5:colcon.colcon_core.verb:set package 'ariac_msgs' build argument 'ament_cmake_args' from command line to 'None'
[0.209s] Level 5:colcon.colcon_core.verb:set package 'ariac_msgs' build argument 'catkin_cmake_args' from command line to 'None'
[0.209s] Level 5:colcon.colcon_core.verb:set package 'ariac_msgs' build argument 'catkin_skip_building_tests' from command line to 'False'
[0.209s] DEBUG:colcon.colcon_core.verb:Building package 'ariac_msgs' with the following arguments: {'ament_cmake_args': None, 'build_base': '/home/ubuntu/ariac_ws/build/ariac_msgs', 'catkin_cmake_args': None, 'catkin_skip_building_tests': False, 'cmake_args': None, 'cmake_clean_cache': False, 'cmake_clean_first': False, 'cmake_force_configure': False, 'cmake_target': None, 'cmake_target_skip_unavailable': False, 'install_base': '/home/ubuntu/ariac_ws/install/ariac_msgs', 'merge_install': False, 'path': '/home/ubuntu/ariac_ws/src/ariac_ros2/ariac_msgs', 'symlink_install': False, 'test_result_base': None}
[0.210s] Level 5:colcon.colcon_core.verb:set package 'ariac_gui' build argument 'cmake_args' from command line to 'None'
[0.210s] Level 5:colcon.colcon_core.verb:set package 'ariac_gui' build argument 'cmake_target' from command line to 'None'
[0.211s] Level 5:colcon.colcon_core.verb:set package 'ariac_gui' build argument 'cmake_target_skip_unavailable' from command line to 'False'
[0.211s] Level 5:colcon.colcon_core.verb:set package 'ariac_gui' build argument 'cmake_clean_cache' from command line to 'False'
[0.211s] Level 5:colcon.colcon_core.verb:set package 'ariac_gui' build argument 'cmake_clean_first' from command line to 'False'
[0.211s] Level 5:colcon.colcon_core.verb:set package 'ariac_gui' build argument 'cmake_force_configure' from command line to 'False'
[0.211s] Level 5:colcon.colcon_core.verb:set package 'ariac_gui' build argument 'ament_cmake_args' from command line to 'None'
[0.211s] Level 5:colcon.colcon_core.verb:set package 'ariac_gui' build argument 'catkin_cmake_args' from command line to 'None'
[0.211s] Level 5:colcon.colcon_core.verb:set package 'ariac_gui' build argument 'catkin_skip_building_tests' from command line to 'False'
[0.211s] DEBUG:colcon.colcon_core.verb:Building package 'ariac_gui' with the following arguments: {'ament_cmake_args': None, 'build_base': '/home/ubuntu/ariac_ws/build/ariac_gui', 'catkin_cmake_args': None, 'catkin_skip_building_tests': False, 'cmake_args': None, 'cmake_clean_cache': False, 'cmake_clean_first': False, 'cmake_force_configure': False, 'cmake_target': None, 'cmake_target_skip_unavailable': False, 'install_base': '/home/ubuntu/ariac_ws/install/ariac_gui', 'merge_install': False, 'path': '/home/ubuntu/ariac_ws/src/ariac_gui', 'symlink_install': False, 'test_result_base': None}
[0.212s] INFO:colcon.colcon_core.executor:Executing jobs using 'parallel' executor
[0.217s] DEBUG:colcon.colcon_parallel_executor.executor.parallel:run_until_complete
[0.217s] INFO:colcon.colcon_ros.task.ament_cmake.build:Building ROS package in '/home/ubuntu/ariac_ws/src/ariac_ros2/ariac_msgs' with build type 'ament_cmake'
[0.217s] INFO:colcon.colcon_cmake.task.cmake.build:Building CMake package in '/home/ubuntu/ariac_ws/src/ariac_ros2/ariac_msgs'
[0.221s] INFO:colcon.colcon_core.plugin_system:Skipping extension 'colcon_core.shell.bat': Not used on non-Windows systems
[0.222s] INFO:colcon.colcon_core.shell:Skip shell extension 'powershell' for command environment: Not usable outside of PowerShell
[0.222s] DEBUG:colcon.colcon_core.shell:Skip shell extension 'dsv' for command environment
[0.230s] DEBUG:colcon.colcon_core.event_handler.log_command:Invoking command in '/home/ubuntu/ariac_ws/build/ariac_msgs': /usr/bin/cmake --build /home/ubuntu/ariac_ws/build/ariac_msgs -- -j12 -l12
[0.594s] DEBUG:colcon.colcon_core.event_handler.log_command:Invoked command in '/home/ubuntu/ariac_ws/build/ariac_msgs' returned '0': /usr/bin/cmake --build /home/ubuntu/ariac_ws/build/ariac_msgs -- -j12 -l12
[1.030s] DEBUG:colcon.colcon_core.event_handler.log_command:Invoking command in '/home/ubuntu/ariac_ws/build/ariac_msgs': /usr/bin/cmake --install /home/ubuntu/ariac_ws/build/ariac_msgs
[1.119s] Level 1:colcon.colcon_core.environment:create_environment_scripts_only(ariac_msgs)
[1.136s] Level 1:colcon.colcon_core.environment:checking '/home/ubuntu/ariac_ws/install/ariac_msgs' for CMake module files
[1.140s] Level 1:colcon.colcon_core.environment:checking '/home/ubuntu/ariac_ws/install/ariac_msgs' for CMake config files
[1.157s] Level 1:colcon.colcon_core.shell:create_environment_hook('ariac_msgs', 'cmake_prefix_path')
[1.159s] INFO:colcon.colcon_core.shell:Creating environment hook '/home/ubuntu/ariac_ws/install/ariac_msgs/share/ariac_msgs/hook/cmake_prefix_path.ps1'
[1.160s] DEBUG:colcon.colcon_core.event_handler.log_command:Invoked command in '/home/ubuntu/ariac_ws/build/ariac_msgs' returned '0': /usr/bin/cmake --install /home/ubuntu/ariac_ws/build/ariac_msgs
[1.161s] INFO:colcon.colcon_core.shell:Creating environment descriptor '/home/ubuntu/ariac_ws/install/ariac_msgs/share/ariac_msgs/hook/cmake_prefix_path.dsv'
[1.161s] INFO:colcon.colcon_core.shell:Creating environment hook '/home/ubuntu/ariac_ws/install/ariac_msgs/share/ariac_msgs/hook/cmake_prefix_path.sh'
[1.162s] Level 1:colcon.colcon_core.environment:checking '/home/ubuntu/ariac_ws/install/ariac_msgs/lib'
[1.163s] Level 1:colcon.colcon_core.shell:create_environment_hook('ariac_msgs', 'ld_library_path_lib')
[1.164s] INFO:colcon.colcon_core.shell:Creating environment hook '/home/ubuntu/ariac_ws/install/ariac_msgs/share/ariac_msgs/hook/ld_library_path_lib.ps1'
[1.165s] INFO:colcon.colcon_core.shell:Creating environment descriptor '/home/ubuntu/ariac_ws/install/ariac_msgs/share/ariac_msgs/hook/ld_library_path_lib.dsv'
[1.165s] INFO:colcon.colcon_core.shell:Creating environment hook '/home/ubuntu/ariac_ws/install/ariac_msgs/share/ariac_msgs/hook/ld_library_path_lib.sh'
[1.165s] Level 1:colcon.colcon_core.environment:checking '/home/ubuntu/ariac_ws/install/ariac_msgs/bin'
[1.165s] Level 1:colcon.colcon_core.environment:checking '/home/ubuntu/ariac_ws/install/ariac_msgs/lib/pkgconfig/ariac_msgs.pc'
[1.166s] Level 1:colcon.colcon_core.environment:checking '/home/ubuntu/ariac_ws/install/ariac_msgs/lib/python3.8/site-packages'
[1.166s] Level 1:colcon.colcon_core.shell:create_environment_hook('ariac_msgs', 'pythonpath')
[1.168s] INFO:colcon.colcon_core.shell:Creating environment hook '/home/ubuntu/ariac_ws/install/ariac_msgs/share/ariac_msgs/hook/pythonpath.ps1'
[1.168s] INFO:colcon.colcon_core.shell:Creating environment descriptor '/home/ubuntu/ariac_ws/install/ariac_msgs/share/ariac_msgs/hook/pythonpath.dsv'
[1.168s] INFO:colcon.colcon_core.shell:Creating environment hook '/home/ubuntu/ariac_ws/install/ariac_msgs/share/ariac_msgs/hook/pythonpath.sh'
[1.169s] Level 1:colcon.colcon_core.environment:checking '/home/ubuntu/ariac_ws/install/ariac_msgs/bin'
[1.170s] INFO:colcon.colcon_core.shell:Creating package script '/home/ubuntu/ariac_ws/install/ariac_msgs/share/ariac_msgs/package.ps1'
[1.171s] INFO:colcon.colcon_core.shell:Creating package descriptor '/home/ubuntu/ariac_ws/install/ariac_msgs/share/ariac_msgs/package.dsv'
[1.171s] INFO:colcon.colcon_core.shell:Creating package script '/home/ubuntu/ariac_ws/install/ariac_msgs/share/ariac_msgs/package.sh'
[1.172s] INFO:colcon.colcon_core.shell:Creating package script '/home/ubuntu/ariac_ws/install/ariac_msgs/share/ariac_msgs/package.bash'
[1.173s] INFO:colcon.colcon_core.shell:Creating package script '/home/ubuntu/ariac_ws/install/ariac_msgs/share/ariac_msgs/package.zsh'
[1.174s] Level 1:colcon.colcon_core.environment:create_file_with_runtime_dependencies(/home/ubuntu/ariac_ws/install/ariac_msgs/share/colcon-core/packages/ariac_msgs)
[1.610s] Level 1:colcon.colcon_core.environment:create_environment_scripts_only(ariac_msgs)
[1.612s] Level 1:colcon.colcon_core.environment:checking '/home/ubuntu/ariac_ws/install/ariac_msgs' for CMake module files
[1.613s] Level 1:colcon.colcon_core.environment:checking '/home/ubuntu/ariac_ws/install/ariac_msgs' for CMake config files
[1.615s] Level 1:colcon.colcon_core.shell:create_environment_hook('ariac_msgs', 'cmake_prefix_path')
[1.616s] INFO:colcon.colcon_core.shell:Creating environment hook '/home/ubuntu/ariac_ws/install/ariac_msgs/share/ariac_msgs/hook/cmake_prefix_path.ps1'
[1.616s] INFO:colcon.colcon_core.shell:Creating environment descriptor '/home/ubuntu/ariac_ws/install/ariac_msgs/share/ariac_msgs/hook/cmake_prefix_path.dsv'
[1.616s] INFO:colcon.colcon_core.shell:Creating environment hook '/home/ubuntu/ariac_ws/install/ariac_msgs/share/ariac_msgs/hook/cmake_prefix_path.sh'
[1.617s] Level 1:colcon.colcon_core.environment:checking '/home/ubuntu/ariac_ws/install/ariac_msgs/lib'
[1.617s] Level 1:colcon.colcon_core.shell:create_environment_hook('ariac_msgs', 'ld_library_path_lib')
[1.618s] INFO:colcon.colcon_core.shell:Creating environment hook '/home/ubuntu/ariac_ws/install/ariac_msgs/share/ariac_msgs/hook/ld_library_path_lib.ps1'
[1.618s] INFO:colcon.colcon_core.shell:Creating environment descriptor '/home/ubuntu/ariac_ws/install/ariac_msgs/share/ariac_msgs/hook/ld_library_path_lib.dsv'
[1.619s] INFO:colcon.colcon_core.shell:Creating environment hook '/home/ubuntu/ariac_ws/install/ariac_msgs/share/ariac_msgs/hook/ld_library_path_lib.sh'
[1.619s] Level 1:colcon.colcon_core.environment:checking '/home/ubuntu/ariac_ws/install/ariac_msgs/bin'
[1.619s] Level 1:colcon.colcon_core.environment:checking '/home/ubuntu/ariac_ws/install/ariac_msgs/lib/pkgconfig/ariac_msgs.pc'
[1.619s] Level 1:colcon.colcon_core.environment:checking '/home/ubuntu/ariac_ws/install/ariac_msgs/lib/python3.8/site-packages'
[1.619s] Level 1:colcon.colcon_core.shell:create_environment_hook('ariac_msgs', 'pythonpath')
[1.621s] INFO:colcon.colcon_core.shell:Creating environment hook '/home/ubuntu/ariac_ws/install/ariac_msgs/share/ariac_msgs/hook/pythonpath.ps1'
[1.621s] INFO:colcon.colcon_core.shell:Creating environment descriptor '/home/ubuntu/ariac_ws/install/ariac_msgs/share/ariac_msgs/hook/pythonpath.dsv'
[1.621s] INFO:colcon.colcon_core.shell:Creating environment hook '/home/ubuntu/ariac_ws/install/ariac_msgs/share/ariac_msgs/hook/pythonpath.sh'
[1.622s] Level 1:colcon.colcon_core.environment:checking '/home/ubuntu/ariac_ws/install/ariac_msgs/bin'
[1.623s] INFO:colcon.colcon_core.shell:Creating package script '/home/ubuntu/ariac_ws/install/ariac_msgs/share/ariac_msgs/package.ps1'
[1.624s] INFO:colcon.colcon_core.shell:Creating package descriptor '/home/ubuntu/ariac_ws/install/ariac_msgs/share/ariac_msgs/package.dsv'
[1.624s] INFO:colcon.colcon_core.shell:Creating package script '/home/ubuntu/ariac_ws/install/ariac_msgs/share/ariac_msgs/package.sh'
[1.625s] INFO:colcon.colcon_core.shell:Creating package script '/home/ubuntu/ariac_ws/install/ariac_msgs/share/ariac_msgs/package.bash'
[1.625s] INFO:colcon.colcon_core.shell:Creating package script '/home/ubuntu/ariac_ws/install/ariac_msgs/share/ariac_msgs/package.zsh'
[1.625s] Level 1:colcon.colcon_core.environment:create_file_with_runtime_dependencies(/home/ubuntu/ariac_ws/install/ariac_msgs/share/colcon-core/packages/ariac_msgs)
[1.626s] INFO:colcon.colcon_ros.task.ament_python.build:Building ROS package in '/home/ubuntu/ariac_ws/src/ariac_gui' with build type 'ament_python'
[1.626s] Level 1:colcon.colcon_core.shell:create_environment_hook('ariac_gui', 'ament_prefix_path')
[1.627s] INFO:colcon.colcon_core.shell:Creating environment hook '/home/ubuntu/ariac_ws/install/ariac_gui/share/ariac_gui/hook/ament_prefix_path.ps1'
[1.627s] INFO:colcon.colcon_core.shell:Creating environment descriptor '/home/ubuntu/ariac_ws/install/ariac_gui/share/ariac_gui/hook/ament_prefix_path.dsv'
[1.628s] INFO:colcon.colcon_core.shell:Creating environment hook '/home/ubuntu/ariac_ws/install/ariac_gui/share/ariac_gui/hook/ament_prefix_path.sh'
[1.630s] INFO:colcon.colcon_core.shell:Skip shell extension 'powershell' for command environment: Not usable outside of PowerShell
[1.630s] DEBUG:colcon.colcon_core.shell:Skip shell extension 'dsv' for command environment
[1.816s] INFO:colcon.colcon_core.task.python.build:Building Python package in '/home/ubuntu/ariac_ws/src/ariac_gui'
[1.817s] INFO:colcon.colcon_core.shell:Skip shell extension 'powershell' for command environment: Not usable outside of PowerShell
[1.818s] DEBUG:colcon.colcon_core.shell:Skip shell extension 'dsv' for command environment
[2.128s] DEBUG:colcon.colcon_core.event_handler.log_command:Invoking command in '/home/ubuntu/ariac_ws/src/ariac_gui': AMENT_PREFIX_PATH=/home/ubuntu/ariac_ws/install/ariac_msgs CMAKE_PREFIX_PATH=/home/ubuntu/ariac_ws/install/ariac_msgs LD_LIBRARY_PATH=/home/ubuntu/ariac_ws/install/ariac_msgs/lib PYTHONPATH=/home/ubuntu/ariac_ws/build/ariac_gui/prefix_override:/home/ubuntu/ariac_ws/install/ariac_gui/lib/python3.8/site-packages:/home/ubuntu/ariac_ws/install/ariac_msgs/lib/python3.8/site-packages /usr/bin/python3 setup.py egg_info --egg-base ../../build/ariac_gui build --build-base /home/ubuntu/ariac_ws/build/ariac_gui/build install --record /home/ubuntu/ariac_ws/build/ariac_gui/install.log --single-version-externally-managed
[2.366s] Level 1:colcon.colcon_core.environment:checking '/home/ubuntu/ariac_ws/install/ariac_gui' for CMake module files
[2.366s] DEBUG:colcon.colcon_core.event_handler.log_command:Invoked command in '/home/ubuntu/ariac_ws/src/ariac_gui' returned '0': AMENT_PREFIX_PATH=/home/ubuntu/ariac_ws/install/ariac_msgs CMAKE_PREFIX_PATH=/home/ubuntu/ariac_ws/install/ariac_msgs LD_LIBRARY_PATH=/home/ubuntu/ariac_ws/install/ariac_msgs/lib PYTHONPATH=/home/ubuntu/ariac_ws/build/ariac_gui/prefix_override:/home/ubuntu/ariac_ws/install/ariac_gui/lib/python3.8/site-packages:/home/ubuntu/ariac_ws/install/ariac_msgs/lib/python3.8/site-packages /usr/bin/python3 setup.py egg_info --egg-base ../../build/ariac_gui build --build-base /home/ubuntu/ariac_ws/build/ariac_gui/build install --record /home/ubuntu/ariac_ws/build/ariac_gui/install.log --single-version-externally-managed
[2.367s] Level 1:colcon.colcon_core.environment:checking '/home/ubuntu/ariac_ws/install/ariac_gui' for CMake config files
[2.368s] Level 1:colcon.colcon_core.environment:checking '/home/ubuntu/ariac_ws/install/ariac_gui/lib'
[2.368s] Level 1:colcon.colcon_core.environment:checking '/home/ubuntu/ariac_ws/install/ariac_gui/bin'
[2.368s] Level 1:colcon.colcon_core.environment:checking '/home/ubuntu/ariac_ws/install/ariac_gui/lib/pkgconfig/ariac_gui.pc'
[2.368s] Level 1:colcon.colcon_core.environment:checking '/home/ubuntu/ariac_ws/install/ariac_gui/lib/python3.8/site-packages'
[2.368s] Level 1:colcon.colcon_core.shell:create_environment_hook('ariac_gui', 'pythonpath')
[2.369s] INFO:colcon.colcon_core.shell:Creating environment hook '/home/ubuntu/ariac_ws/install/ariac_gui/share/ariac_gui/hook/pythonpath.ps1'
[2.370s] INFO:colcon.colcon_core.shell:Creating environment descriptor '/home/ubuntu/ariac_ws/install/ariac_gui/share/ariac_gui/hook/pythonpath.dsv'
[2.370s] INFO:colcon.colcon_core.shell:Creating environment hook '/home/ubuntu/ariac_ws/install/ariac_gui/share/ariac_gui/hook/pythonpath.sh'
[2.370s] Level 1:colcon.colcon_core.environment:checking '/home/ubuntu/ariac_ws/install/ariac_gui/bin'
[2.370s] Level 1:colcon.colcon_core.environment:create_environment_scripts_only(ariac_gui)
[2.372s] INFO:colcon.colcon_core.shell:Creating package script '/home/ubuntu/ariac_ws/install/ariac_gui/share/ariac_gui/package.ps1'
[2.372s] INFO:colcon.colcon_core.shell:Creating package descriptor '/home/ubuntu/ariac_ws/install/ariac_gui/share/ariac_gui/package.dsv'
[2.373s] INFO:colcon.colcon_core.shell:Creating package script '/home/ubuntu/ariac_ws/install/ariac_gui/share/ariac_gui/package.sh'
[2.373s] INFO:colcon.colcon_core.shell:Creating package script '/home/ubuntu/ariac_ws/install/ariac_gui/share/ariac_gui/package.bash'
[2.373s] INFO:colcon.colcon_core.shell:Creating package script '/home/ubuntu/ariac_ws/install/ariac_gui/share/ariac_gui/package.zsh'
[2.374s] Level 1:colcon.colcon_core.environment:create_file_with_runtime_dependencies(/home/ubuntu/ariac_ws/install/ariac_gui/share/colcon-core/packages/ariac_gui)
[2.374s] DEBUG:colcon.colcon_parallel_executor.executor.parallel:closing loop
[2.374s] DEBUG:colcon.colcon_parallel_executor.executor.parallel:loop closed
[2.374s] DEBUG:colcon.colcon_parallel_executor.executor.parallel:run_until_complete finished with '0'
[2.375s] DEBUG:colcon.colcon_core.event_reactor:joining thread
[2.381s] INFO:colcon.colcon_core.plugin_system:Skipping extension 'colcon_notification.desktop_notification.notify_send': Could not find 'notify-send'
[2.381s] INFO:colcon.colcon_core.plugin_system:Skipping extension 'colcon_notification.desktop_notification.terminal_notifier': Not used on non-Darwin systems
[2.381s] INFO:colcon.colcon_core.plugin_system:Skipping extension 'colcon_notification.desktop_notification.win32': Not used on non-Windows systems
[2.381s] INFO:colcon.colcon_notification.desktop_notification:Sending desktop notification using 'notify2'
[2.386s] DEBUG:colcon.colcon_notification.desktop_notification.notify2:Failed to initialize notify2: org.freedesktop.DBus.Error.ServiceUnknown: The name org.freedesktop.Notifications was not provided by any .service files
[2.386s] DEBUG:colcon.colcon_core.event_reactor:joined thread
[2.388s] INFO:colcon.colcon_core.shell:Creating prefix script '/home/ubuntu/ariac_ws/install/local_setup.ps1'
[2.390s] INFO:colcon.colcon_core.shell:Creating prefix util module '/home/ubuntu/ariac_ws/install/_local_setup_util_ps1.py'
[2.391s] INFO:colcon.colcon_core.shell:Creating prefix chain script '/home/ubuntu/ariac_ws/install/setup.ps1'
[2.392s] INFO:colcon.colcon_core.shell:Creating prefix script '/home/ubuntu/ariac_ws/install/local_setup.sh'
[2.393s] INFO:colcon.colcon_core.shell:Creating prefix util module '/home/ubuntu/ariac_ws/install/_local_setup_util_sh.py'
[2.393s] INFO:colcon.colcon_core.shell:Creating prefix chain script '/home/ubuntu/ariac_ws/install/setup.sh'
[2.394s] INFO:colcon.colcon_core.shell:Creating prefix script '/home/ubuntu/ariac_ws/install/local_setup.bash'
[2.395s] INFO:colcon.colcon_core.shell:Creating prefix chain script '/home/ubuntu/ariac_ws/install/setup.bash'
[2.396s] INFO:colcon.colcon_core.shell:Creating prefix script '/home/ubuntu/ariac_ws/install/local_setup.zsh'
[2.396s] INFO:colcon.colcon_core.shell:Creating prefix chain script '/home/ubuntu/ariac_ws/install/setup.zsh'
