[0.519s] Invoking command in '/home/ubuntu/ariac_ws/src/ariac_gui': AMENT_PREFIX_PATH=/home/ubuntu/ariac_ws/install/ariac_msgs CMAKE_PREFIX_PATH=/home/ubuntu/ariac_ws/install/ariac_msgs LD_LIBRARY_PATH=/home/ubuntu/ariac_ws/install/ariac_msgs/lib PYTHONPATH=/home/ubuntu/ariac_ws/build/ariac_gui/prefix_override:/home/ubuntu/ariac_ws/install/ariac_gui/lib/python3.8/site-packages:/home/ubuntu/ariac_ws/install/ariac_msgs/lib/python3.8/site-packages /usr/bin/python3 setup.py egg_info --egg-base ../../build/ariac_gui build --build-base /home/ubuntu/ariac_ws/build/ariac_gui/build install --record /home/ubuntu/ariac_ws/build/ariac_gui/install.log --single-version-externally-managed
[0.681s] running egg_info
[0.681s] writing ../../build/ariac_gui/ariac_gui.egg-info/PKG-INFO
[0.682s] writing dependency_links to ../../build/ariac_gui/ariac_gui.egg-info/dependency_links.txt
[0.682s] writing entry points to ../../build/ariac_gui/ariac_gui.egg-info/entry_points.txt
[0.682s] writing requirements to ../../build/ariac_gui/ariac_gui.egg-info/requires.txt
[0.682s] writing top-level names to ../../build/ariac_gui/ariac_gui.egg-info/top_level.txt
[0.714s] reading manifest file '../../build/ariac_gui/ariac_gui.egg-info/SOURCES.txt'
[0.714s] writing manifest file '../../build/ariac_gui/ariac_gui.egg-info/SOURCES.txt'
[0.714s] running build
[0.715s] running build_py
[0.715s] copying ariac_gui/addNewBin.py -> /home/ubuntu/ariac_ws/build/ariac_gui/build/lib/ariac_gui
[0.715s] copying ariac_gui/addPartFunc.py -> /home/ubuntu/ariac_ws/build/ariac_gui/build/lib/ariac_gui
[0.715s] copying ariac_gui/addConvPart.py -> /home/ubuntu/ariac_ws/build/ariac_gui/build/lib/ariac_gui
[0.716s] copying ariac_gui/challengesFuncs.py -> /home/ubuntu/ariac_ws/build/ariac_gui/build/lib/ariac_gui
[0.716s] copying ariac_gui/orderFuncs.py -> /home/ubuntu/ariac_ws/build/ariac_gui/build/lib/ariac_gui
[0.717s] running install
[0.717s] running install_lib
[0.718s] copying /home/ubuntu/ariac_ws/build/ariac_gui/build/lib/ariac_gui/addNewBin.py -> /home/ubuntu/ariac_ws/install/ariac_gui/lib/python3.8/site-packages/ariac_gui
[0.718s] copying /home/ubuntu/ariac_ws/build/ariac_gui/build/lib/ariac_gui/addPartFunc.py -> /home/ubuntu/ariac_ws/install/ariac_gui/lib/python3.8/site-packages/ariac_gui
[0.718s] copying /home/ubuntu/ariac_ws/build/ariac_gui/build/lib/ariac_gui/addConvPart.py -> /home/ubuntu/ariac_ws/install/ariac_gui/lib/python3.8/site-packages/ariac_gui
[0.719s] copying /home/ubuntu/ariac_ws/build/ariac_gui/build/lib/ariac_gui/challengesFuncs.py -> /home/ubuntu/ariac_ws/install/ariac_gui/lib/python3.8/site-packages/ariac_gui
[0.719s] copying /home/ubuntu/ariac_ws/build/ariac_gui/build/lib/ariac_gui/orderFuncs.py -> /home/ubuntu/ariac_ws/install/ariac_gui/lib/python3.8/site-packages/ariac_gui
[0.720s] byte-compiling /home/ubuntu/ariac_ws/install/ariac_gui/lib/python3.8/site-packages/ariac_gui/addNewBin.py to addNewBin.cpython-38.pyc
[0.722s] byte-compiling /home/ubuntu/ariac_ws/install/ariac_gui/lib/python3.8/site-packages/ariac_gui/addPartFunc.py to addPartFunc.cpython-38.pyc
[0.723s] byte-compiling /home/ubuntu/ariac_ws/install/ariac_gui/lib/python3.8/site-packages/ariac_gui/addConvPart.py to addConvPart.cpython-38.pyc
[0.724s] byte-compiling /home/ubuntu/ariac_ws/install/ariac_gui/lib/python3.8/site-packages/ariac_gui/challengesFuncs.py to challengesFuncs.cpython-38.pyc
[0.726s] byte-compiling /home/ubuntu/ariac_ws/install/ariac_gui/lib/python3.8/site-packages/ariac_gui/orderFuncs.py to orderFuncs.cpython-38.pyc
[0.728s] running install_data
[0.729s] running install_egg_info
[0.730s] removing '/home/ubuntu/ariac_ws/install/ariac_gui/lib/python3.8/site-packages/ariac_gui-0.0.0-py3.8.egg-info' (and everything under it)
[0.730s] Copying ../../build/ariac_gui/ariac_gui.egg-info to /home/ubuntu/ariac_ws/install/ariac_gui/lib/python3.8/site-packages/ariac_gui-0.0.0-py3.8.egg-info
[0.732s] running install_scripts
[0.747s] Installing gui script to /home/ubuntu/ariac_ws/install/ariac_gui/lib/ariac_gui
[0.748s] writing list of installed files to '/home/ubuntu/ariac_ws/build/ariac_gui/install.log'
[0.767s] Invoked command in '/home/ubuntu/ariac_ws/src/ariac_gui' returned '0': AMENT_PREFIX_PATH=/home/ubuntu/ariac_ws/install/ariac_msgs CMAKE_PREFIX_PATH=/home/ubuntu/ariac_ws/install/ariac_msgs LD_LIBRARY_PATH=/home/ubuntu/ariac_ws/install/ariac_msgs/lib PYTHONPATH=/home/ubuntu/ariac_ws/build/ariac_gui/prefix_override:/home/ubuntu/ariac_ws/install/ariac_gui/lib/python3.8/site-packages:/home/ubuntu/ariac_ws/install/ariac_msgs/lib/python3.8/site-packages /usr/bin/python3 setup.py egg_info --egg-base ../../build/ariac_gui build --build-base /home/ubuntu/ariac_ws/build/ariac_gui/build install --record /home/ubuntu/ariac_ws/build/ariac_gui/install.log --single-version-externally-managed
