running egg_info
writing ../../build/ariac_gui/ariac_gui.egg-info/PKG-INFO
writing dependency_links to ../../build/ariac_gui/ariac_gui.egg-info/dependency_links.txt
writing entry points to ../../build/ariac_gui/ariac_gui.egg-info/entry_points.txt
writing requirements to ../../build/ariac_gui/ariac_gui.egg-info/requires.txt
writing top-level names to ../../build/ariac_gui/ariac_gui.egg-info/top_level.txt
reading manifest file '../../build/ariac_gui/ariac_gui.egg-info/SOURCES.txt'
writing manifest file '../../build/ariac_gui/ariac_gui.egg-info/SOURCES.txt'
running build
running build_py
copying ariac_gui/addNewBin.py -> /home/ubuntu/ariac_ws/build/ariac_gui/build/lib/ariac_gui
copying ariac_gui/addPartFunc.py -> /home/ubuntu/ariac_ws/build/ariac_gui/build/lib/ariac_gui
copying ariac_gui/validationFunc.py -> /home/ubuntu/ariac_ws/build/ariac_gui/build/lib/ariac_gui
copying ariac_gui/addConvPart.py -> /home/ubuntu/ariac_ws/build/ariac_gui/build/lib/ariac_gui
copying ariac_gui/updateAGVFuncs.py -> /home/ubuntu/ariac_ws/build/ariac_gui/build/lib/ariac_gui
copying ariac_gui/buttonFuncs.py -> /home/ubuntu/ariac_ws/build/ariac_gui/build/lib/ariac_gui
copying ariac_gui/newGui.py -> /home/ubuntu/ariac_ws/build/ariac_gui/build/lib/ariac_gui
copying ariac_gui/newClasses.py -> /home/ubuntu/ariac_ws/build/ariac_gui/build/lib/ariac_gui
copying ariac_gui/timeFunctions.py -> /home/ubuntu/ariac_ws/build/ariac_gui/build/lib/ariac_gui
copying ariac_gui/validationFunctions.py -> /home/ubuntu/ariac_ws/build/ariac_gui/build/lib/ariac_gui
copying ariac_gui/challengesFuncs.py -> /home/ubuntu/ariac_ws/build/ariac_gui/build/lib/ariac_gui
copying ariac_gui/checkCancel.py -> /home/ubuntu/ariac_ws/build/ariac_gui/build/lib/ariac_gui
copying ariac_gui/orderFuncs.py -> /home/ubuntu/ariac_ws/build/ariac_gui/build/lib/ariac_gui
copying ariac_gui/updateRanges.py -> /home/ubuntu/ariac_ws/build/ariac_gui/build/lib/ariac_gui
copying ariac_gui/fileFunc.py -> /home/ubuntu/ariac_ws/build/ariac_gui/build/lib/ariac_gui
running install
running install_lib
copying /home/ubuntu/ariac_ws/build/ariac_gui/build/lib/ariac_gui/addNewBin.py -> /home/ubuntu/ariac_ws/install/ariac_gui/lib/python3.8/site-packages/ariac_gui
copying /home/ubuntu/ariac_ws/build/ariac_gui/build/lib/ariac_gui/addPartFunc.py -> /home/ubuntu/ariac_ws/install/ariac_gui/lib/python3.8/site-packages/ariac_gui
copying /home/ubuntu/ariac_ws/build/ariac_gui/build/lib/ariac_gui/validationFunc.py -> /home/ubuntu/ariac_ws/install/ariac_gui/lib/python3.8/site-packages/ariac_gui
copying /home/ubuntu/ariac_ws/build/ariac_gui/build/lib/ariac_gui/addConvPart.py -> /home/ubuntu/ariac_ws/install/ariac_gui/lib/python3.8/site-packages/ariac_gui
copying /home/ubuntu/ariac_ws/build/ariac_gui/build/lib/ariac_gui/updateAGVFuncs.py -> /home/ubuntu/ariac_ws/install/ariac_gui/lib/python3.8/site-packages/ariac_gui
copying /home/ubuntu/ariac_ws/build/ariac_gui/build/lib/ariac_gui/buttonFuncs.py -> /home/ubuntu/ariac_ws/install/ariac_gui/lib/python3.8/site-packages/ariac_gui
copying /home/ubuntu/ariac_ws/build/ariac_gui/build/lib/ariac_gui/newGui.py -> /home/ubuntu/ariac_ws/install/ariac_gui/lib/python3.8/site-packages/ariac_gui
copying /home/ubuntu/ariac_ws/build/ariac_gui/build/lib/ariac_gui/newClasses.py -> /home/ubuntu/ariac_ws/install/ariac_gui/lib/python3.8/site-packages/ariac_gui
copying /home/ubuntu/ariac_ws/build/ariac_gui/build/lib/ariac_gui/timeFunctions.py -> /home/ubuntu/ariac_ws/install/ariac_gui/lib/python3.8/site-packages/ariac_gui
copying /home/ubuntu/ariac_ws/build/ariac_gui/build/lib/ariac_gui/validationFunctions.py -> /home/ubuntu/ariac_ws/install/ariac_gui/lib/python3.8/site-packages/ariac_gui
copying /home/ubuntu/ariac_ws/build/ariac_gui/build/lib/ariac_gui/challengesFuncs.py -> /home/ubuntu/ariac_ws/install/ariac_gui/lib/python3.8/site-packages/ariac_gui
copying /home/ubuntu/ariac_ws/build/ariac_gui/build/lib/ariac_gui/checkCancel.py -> /home/ubuntu/ariac_ws/install/ariac_gui/lib/python3.8/site-packages/ariac_gui
copying /home/ubuntu/ariac_ws/build/ariac_gui/build/lib/ariac_gui/orderFuncs.py -> /home/ubuntu/ariac_ws/install/ariac_gui/lib/python3.8/site-packages/ariac_gui
copying /home/ubuntu/ariac_ws/build/ariac_gui/build/lib/ariac_gui/updateRanges.py -> /home/ubuntu/ariac_ws/install/ariac_gui/lib/python3.8/site-packages/ariac_gui
copying /home/ubuntu/ariac_ws/build/ariac_gui/build/lib/ariac_gui/fileFunc.py -> /home/ubuntu/ariac_ws/install/ariac_gui/lib/python3.8/site-packages/ariac_gui
byte-compiling /home/ubuntu/ariac_ws/install/ariac_gui/lib/python3.8/site-packages/ariac_gui/addNewBin.py to addNewBin.cpython-38.pyc
byte-compiling /home/ubuntu/ariac_ws/install/ariac_gui/lib/python3.8/site-packages/ariac_gui/addPartFunc.py to addPartFunc.cpython-38.pyc
byte-compiling /home/ubuntu/ariac_ws/install/ariac_gui/lib/python3.8/site-packages/ariac_gui/validationFunc.py to validationFunc.cpython-38.pyc
byte-compiling /home/ubuntu/ariac_ws/install/ariac_gui/lib/python3.8/site-packages/ariac_gui/addConvPart.py to addConvPart.cpython-38.pyc
byte-compiling /home/ubuntu/ariac_ws/install/ariac_gui/lib/python3.8/site-packages/ariac_gui/updateAGVFuncs.py to updateAGVFuncs.cpython-38.pyc
byte-compiling /home/ubuntu/ariac_ws/install/ariac_gui/lib/python3.8/site-packages/ariac_gui/buttonFuncs.py to buttonFuncs.cpython-38.pyc
byte-compiling /home/ubuntu/ariac_ws/install/ariac_gui/lib/python3.8/site-packages/ariac_gui/newGui.py to newGui.cpython-38.pyc
byte-compiling /home/ubuntu/ariac_ws/install/ariac_gui/lib/python3.8/site-packages/ariac_gui/newClasses.py to newClasses.cpython-38.pyc
byte-compiling /home/ubuntu/ariac_ws/install/ariac_gui/lib/python3.8/site-packages/ariac_gui/timeFunctions.py to timeFunctions.cpython-38.pyc
byte-compiling /home/ubuntu/ariac_ws/install/ariac_gui/lib/python3.8/site-packages/ariac_gui/validationFunctions.py to validationFunctions.cpython-38.pyc
byte-compiling /home/ubuntu/ariac_ws/install/ariac_gui/lib/python3.8/site-packages/ariac_gui/challengesFuncs.py to challengesFuncs.cpython-38.pyc
byte-compiling /home/ubuntu/ariac_ws/install/ariac_gui/lib/python3.8/site-packages/ariac_gui/checkCancel.py to checkCancel.cpython-38.pyc
byte-compiling /home/ubuntu/ariac_ws/install/ariac_gui/lib/python3.8/site-packages/ariac_gui/orderFuncs.py to orderFuncs.cpython-38.pyc
byte-compiling /home/ubuntu/ariac_ws/install/ariac_gui/lib/python3.8/site-packages/ariac_gui/updateRanges.py to updateRanges.cpython-38.pyc
byte-compiling /home/ubuntu/ariac_ws/install/ariac_gui/lib/python3.8/site-packages/ariac_gui/fileFunc.py to fileFunc.cpython-38.pyc
running install_data
running install_egg_info
removing '/home/ubuntu/ariac_ws/install/ariac_gui/lib/python3.8/site-packages/ariac_gui-0.0.0-py3.8.egg-info' (and everything under it)
Copying ../../build/ariac_gui/ariac_gui.egg-info to /home/ubuntu/ariac_ws/install/ariac_gui/lib/python3.8/site-packages/ariac_gui-0.0.0-py3.8.egg-info
running install_scripts
Installing gui script to /home/ubuntu/ariac_ws/install/ariac_gui/lib/ariac_gui
writing list of installed files to '/home/ubuntu/ariac_ws/build/ariac_gui/install.log'
