[0.580s] Invoking command in '/home/ubuntu/ariac_ws/src/ariac_gui': PYTHONPATH=/home/ubuntu/ariac_ws/build/ariac_gui/prefix_override:/home/ubuntu/ariac_ws/install/ariac_gui/lib/python3.8/site-packages:/home/ubuntu/ariac_ws/install/ariac_msgs/lib/python3.8/site-packages:/home/ubuntu/ariac_ws/install/py_pubsub/lib/python3.8/site-packages:/home/ubuntu/ariac_ws/install/ariac_gui/lib/python3.8/site-packages:/opt/ros/galactic/lib/python3.8/site-packages /usr/bin/python3 setup.py egg_info --egg-base ../../build/ariac_gui build --build-base /home/ubuntu/ariac_ws/build/ariac_gui/build install --record /home/ubuntu/ariac_ws/build/ariac_gui/install.log --single-version-externally-managed
[0.771s] running egg_info
[0.771s] writing ../../build/ariac_gui/ariac_gui.egg-info/PKG-INFO
[0.772s] writing dependency_links to ../../build/ariac_gui/ariac_gui.egg-info/dependency_links.txt
[0.772s] writing entry points to ../../build/ariac_gui/ariac_gui.egg-info/entry_points.txt
[0.772s] writing requirements to ../../build/ariac_gui/ariac_gui.egg-info/requires.txt
[0.772s] writing top-level names to ../../build/ariac_gui/ariac_gui.egg-info/top_level.txt
[0.805s] reading manifest file '../../build/ariac_gui/ariac_gui.egg-info/SOURCES.txt'
[0.805s] writing manifest file '../../build/ariac_gui/ariac_gui.egg-info/SOURCES.txt'
[0.805s] running build
[0.806s] running build_py
[0.806s] copying ariac_gui/addNewBin.py -> /home/ubuntu/ariac_ws/build/ariac_gui/build/lib/ariac_gui
[0.806s] copying ariac_gui/addPartFunc.py -> /home/ubuntu/ariac_ws/build/ariac_gui/build/lib/ariac_gui
[0.806s] copying ariac_gui/validationFunc.py -> /home/ubuntu/ariac_ws/build/ariac_gui/build/lib/ariac_gui
[0.807s] copying ariac_gui/addConvPart.py -> /home/ubuntu/ariac_ws/build/ariac_gui/build/lib/ariac_gui
[0.807s] copying ariac_gui/updateAGVFuncs.py -> /home/ubuntu/ariac_ws/build/ariac_gui/build/lib/ariac_gui
[0.807s] copying ariac_gui/buttonFuncs.py -> /home/ubuntu/ariac_ws/build/ariac_gui/build/lib/ariac_gui
[0.808s] copying ariac_gui/newGui.py -> /home/ubuntu/ariac_ws/build/ariac_gui/build/lib/ariac_gui
[0.808s] copying ariac_gui/newClasses.py -> /home/ubuntu/ariac_ws/build/ariac_gui/build/lib/ariac_gui
[0.808s] copying ariac_gui/timeFunctions.py -> /home/ubuntu/ariac_ws/build/ariac_gui/build/lib/ariac_gui
[0.808s] copying ariac_gui/validationFunctions.py -> /home/ubuntu/ariac_ws/build/ariac_gui/build/lib/ariac_gui
[0.808s] copying ariac_gui/challengesFuncs.py -> /home/ubuntu/ariac_ws/build/ariac_gui/build/lib/ariac_gui
[0.808s] copying ariac_gui/checkCancel.py -> /home/ubuntu/ariac_ws/build/ariac_gui/build/lib/ariac_gui
[0.808s] copying ariac_gui/orderFuncs.py -> /home/ubuntu/ariac_ws/build/ariac_gui/build/lib/ariac_gui
[0.808s] copying ariac_gui/updateRanges.py -> /home/ubuntu/ariac_ws/build/ariac_gui/build/lib/ariac_gui
[0.809s] copying ariac_gui/fileFunc.py -> /home/ubuntu/ariac_ws/build/ariac_gui/build/lib/ariac_gui
[0.809s] running install
[0.809s] running install_lib
[0.810s] copying /home/ubuntu/ariac_ws/build/ariac_gui/build/lib/ariac_gui/addNewBin.py -> /home/ubuntu/ariac_ws/install/ariac_gui/lib/python3.8/site-packages/ariac_gui
[0.810s] copying /home/ubuntu/ariac_ws/build/ariac_gui/build/lib/ariac_gui/addPartFunc.py -> /home/ubuntu/ariac_ws/install/ariac_gui/lib/python3.8/site-packages/ariac_gui
[0.810s] copying /home/ubuntu/ariac_ws/build/ariac_gui/build/lib/ariac_gui/validationFunc.py -> /home/ubuntu/ariac_ws/install/ariac_gui/lib/python3.8/site-packages/ariac_gui
[0.811s] copying /home/ubuntu/ariac_ws/build/ariac_gui/build/lib/ariac_gui/addConvPart.py -> /home/ubuntu/ariac_ws/install/ariac_gui/lib/python3.8/site-packages/ariac_gui
[0.811s] copying /home/ubuntu/ariac_ws/build/ariac_gui/build/lib/ariac_gui/updateAGVFuncs.py -> /home/ubuntu/ariac_ws/install/ariac_gui/lib/python3.8/site-packages/ariac_gui
[0.811s] copying /home/ubuntu/ariac_ws/build/ariac_gui/build/lib/ariac_gui/buttonFuncs.py -> /home/ubuntu/ariac_ws/install/ariac_gui/lib/python3.8/site-packages/ariac_gui
[0.811s] copying /home/ubuntu/ariac_ws/build/ariac_gui/build/lib/ariac_gui/newGui.py -> /home/ubuntu/ariac_ws/install/ariac_gui/lib/python3.8/site-packages/ariac_gui
[0.811s] copying /home/ubuntu/ariac_ws/build/ariac_gui/build/lib/ariac_gui/newClasses.py -> /home/ubuntu/ariac_ws/install/ariac_gui/lib/python3.8/site-packages/ariac_gui
[0.811s] copying /home/ubuntu/ariac_ws/build/ariac_gui/build/lib/ariac_gui/timeFunctions.py -> /home/ubuntu/ariac_ws/install/ariac_gui/lib/python3.8/site-packages/ariac_gui
[0.812s] copying /home/ubuntu/ariac_ws/build/ariac_gui/build/lib/ariac_gui/validationFunctions.py -> /home/ubuntu/ariac_ws/install/ariac_gui/lib/python3.8/site-packages/ariac_gui
[0.812s] copying /home/ubuntu/ariac_ws/build/ariac_gui/build/lib/ariac_gui/challengesFuncs.py -> /home/ubuntu/ariac_ws/install/ariac_gui/lib/python3.8/site-packages/ariac_gui
[0.812s] copying /home/ubuntu/ariac_ws/build/ariac_gui/build/lib/ariac_gui/checkCancel.py -> /home/ubuntu/ariac_ws/install/ariac_gui/lib/python3.8/site-packages/ariac_gui
[0.812s] copying /home/ubuntu/ariac_ws/build/ariac_gui/build/lib/ariac_gui/orderFuncs.py -> /home/ubuntu/ariac_ws/install/ariac_gui/lib/python3.8/site-packages/ariac_gui
[0.812s] copying /home/ubuntu/ariac_ws/build/ariac_gui/build/lib/ariac_gui/updateRanges.py -> /home/ubuntu/ariac_ws/install/ariac_gui/lib/python3.8/site-packages/ariac_gui
[0.812s] copying /home/ubuntu/ariac_ws/build/ariac_gui/build/lib/ariac_gui/fileFunc.py -> /home/ubuntu/ariac_ws/install/ariac_gui/lib/python3.8/site-packages/ariac_gui
[0.813s] byte-compiling /home/ubuntu/ariac_ws/install/ariac_gui/lib/python3.8/site-packages/ariac_gui/addNewBin.py to addNewBin.cpython-38.pyc
[0.815s] byte-compiling /home/ubuntu/ariac_ws/install/ariac_gui/lib/python3.8/site-packages/ariac_gui/addPartFunc.py to addPartFunc.cpython-38.pyc
[0.816s] byte-compiling /home/ubuntu/ariac_ws/install/ariac_gui/lib/python3.8/site-packages/ariac_gui/validationFunc.py to validationFunc.cpython-38.pyc
[0.817s] byte-compiling /home/ubuntu/ariac_ws/install/ariac_gui/lib/python3.8/site-packages/ariac_gui/addConvPart.py to addConvPart.cpython-38.pyc
[0.817s] byte-compiling /home/ubuntu/ariac_ws/install/ariac_gui/lib/python3.8/site-packages/ariac_gui/updateAGVFuncs.py to updateAGVFuncs.cpython-38.pyc
[0.818s] byte-compiling /home/ubuntu/ariac_ws/install/ariac_gui/lib/python3.8/site-packages/ariac_gui/buttonFuncs.py to buttonFuncs.cpython-38.pyc
[0.818s] byte-compiling /home/ubuntu/ariac_ws/install/ariac_gui/lib/python3.8/site-packages/ariac_gui/newGui.py to newGui.cpython-38.pyc
[0.821s] byte-compiling /home/ubuntu/ariac_ws/install/ariac_gui/lib/python3.8/site-packages/ariac_gui/newClasses.py to newClasses.cpython-38.pyc
[0.822s] byte-compiling /home/ubuntu/ariac_ws/install/ariac_gui/lib/python3.8/site-packages/ariac_gui/timeFunctions.py to timeFunctions.cpython-38.pyc
[0.822s] byte-compiling /home/ubuntu/ariac_ws/install/ariac_gui/lib/python3.8/site-packages/ariac_gui/validationFunctions.py to validationFunctions.cpython-38.pyc
[0.823s] byte-compiling /home/ubuntu/ariac_ws/install/ariac_gui/lib/python3.8/site-packages/ariac_gui/challengesFuncs.py to challengesFuncs.cpython-38.pyc
[0.825s] byte-compiling /home/ubuntu/ariac_ws/install/ariac_gui/lib/python3.8/site-packages/ariac_gui/checkCancel.py to checkCancel.cpython-38.pyc
[0.825s] byte-compiling /home/ubuntu/ariac_ws/install/ariac_gui/lib/python3.8/site-packages/ariac_gui/orderFuncs.py to orderFuncs.cpython-38.pyc
[0.827s] byte-compiling /home/ubuntu/ariac_ws/install/ariac_gui/lib/python3.8/site-packages/ariac_gui/updateRanges.py to updateRanges.cpython-38.pyc
[0.828s] byte-compiling /home/ubuntu/ariac_ws/install/ariac_gui/lib/python3.8/site-packages/ariac_gui/fileFunc.py to fileFunc.cpython-38.pyc
[0.829s] running install_data
[0.829s] running install_egg_info
[0.830s] removing '/home/ubuntu/ariac_ws/install/ariac_gui/lib/python3.8/site-packages/ariac_gui-0.0.0-py3.8.egg-info' (and everything under it)
[0.831s] Copying ../../build/ariac_gui/ariac_gui.egg-info to /home/ubuntu/ariac_ws/install/ariac_gui/lib/python3.8/site-packages/ariac_gui-0.0.0-py3.8.egg-info
[0.832s] running install_scripts
[0.846s] Installing gui script to /home/ubuntu/ariac_ws/install/ariac_gui/lib/ariac_gui
[0.846s] writing list of installed files to '/home/ubuntu/ariac_ws/build/ariac_gui/install.log'
[0.863s] Invoked command in '/home/ubuntu/ariac_ws/src/ariac_gui' returned '0': PYTHONPATH=/home/ubuntu/ariac_ws/build/ariac_gui/prefix_override:/home/ubuntu/ariac_ws/install/ariac_gui/lib/python3.8/site-packages:/home/ubuntu/ariac_ws/install/ariac_msgs/lib/python3.8/site-packages:/home/ubuntu/ariac_ws/install/py_pubsub/lib/python3.8/site-packages:/home/ubuntu/ariac_ws/install/ariac_gui/lib/python3.8/site-packages:/opt/ros/galactic/lib/python3.8/site-packages /usr/bin/python3 setup.py egg_info --egg-base ../../build/ariac_gui build --build-base /home/ubuntu/ariac_ws/build/ariac_gui/build install --record /home/ubuntu/ariac_ws/build/ariac_gui/install.log --single-version-externally-managed
