[0.146s] DEBUG:colcon:Command line arguments: ['/usr/bin/colcon', 'build']
[0.146s] DEBUG:colcon:Parsed command line arguments: Namespace(allow_overriding=[], ament_cmake_args=None, base_paths=['.'], build_base='build', catkin_cmake_args=None, catkin_skip_building_tests=False, cmake_args=None, cmake_clean_cache=False, cmake_clean_first=False, cmake_force_configure=False, cmake_target=None, cmake_target_skip_unavailable=False, continue_on_error=False, event_handlers=None, executor='parallel', ignore_user_meta=False, install_base='install', log_base=None, log_level=None, main=<bound method BuildVerb.main of <colcon_core.verb.build.BuildVerb object at 0x7f2c0c6b2310>>, merge_install=False, metas=['./colcon.meta'], packages_above=None, packages_above_and_dependencies=None, packages_above_depth=None, packages_end=None, packages_ignore=None, packages_ignore_regex=None, packages_select=None, packages_select_build_failed=False, packages_select_by_dep=None, packages_select_regex=None, packages_select_test_failures=False, packages_skip=None, packages_skip_build_finished=False, packages_skip_by_dep=None, packages_skip_regex=None, packages_skip_test_passed=False, packages_skip_up_to=None, packages_start=None, packages_up_to=None, packages_up_to_regex=None, parallel_workers=12, paths=None, symlink_install=False, test_result_base=None, verb_extension=<colcon_core.verb.build.BuildVerb object at 0x7f2c0c6b2310>, verb_name='build', verb_parser=<colcon_defaults.argument_parser.defaults.DefaultArgumentsDecorator object at 0x7f2c0c6b2850>)
[0.172s] Level 1:colcon.colcon_core.package_discovery:discover_packages(colcon_meta) check parameters
[0.173s] Level 1:colcon.colcon_core.package_discovery:discover_packages(recursive) check parameters
[0.173s] Level 1:colcon.colcon_core.package_discovery:discover_packages(ignore) check parameters
[0.173s] Level 1:colcon.colcon_core.package_discovery:discover_packages(path) check parameters
[0.173s] Level 1:colcon.colcon_core.package_discovery:discover_packages(colcon_meta) discover
[0.173s] Level 1:colcon.colcon_core.package_discovery:discover_packages(recursive) discover
[0.173s] INFO:colcon.colcon_core.package_discovery:Crawling recursively for packages in '/home/ubuntu/ariac_ws'
[0.174s] Level 1:colcon.colcon_core.package_identification:_identify(.) by extensions ['ignore', 'ignore_ament_install']
[0.174s] Level 1:colcon.colcon_core.package_identification:_identify(.) by extension 'ignore'
[0.174s] Level 1:colcon.colcon_core.package_identification:_identify(.) by extension 'ignore_ament_install'
[0.174s] Level 1:colcon.colcon_core.package_identification:_identify(.) by extensions ['colcon_pkg']
[0.174s] Level 1:colcon.colcon_core.package_identification:_identify(.) by extension 'colcon_pkg'
[0.174s] Level 1:colcon.colcon_core.package_identification:_identify(.) by extensions ['colcon_meta']
[0.175s] Level 1:colcon.colcon_core.package_identification:_identify(.) by extension 'colcon_meta'
[0.175s] Level 1:colcon.colcon_core.package_identification:_identify(.) by extensions ['ros']
[0.175s] Level 1:colcon.colcon_core.package_identification:_identify(.) by extension 'ros'
[0.189s] Level 1:colcon.colcon_core.package_identification:_identify(.) by extensions ['cmake', 'python']
[0.189s] Level 1:colcon.colcon_core.package_identification:_identify(.) by extension 'cmake'
[0.190s] Level 1:colcon.colcon_core.package_identification:_identify(.) by extension 'python'
[0.190s] Level 1:colcon.colcon_core.package_identification:_identify(.) by extensions ['python_setup_py']
[0.190s] Level 1:colcon.colcon_core.package_identification:_identify(.) by extension 'python_setup_py'
[0.190s] Level 1:colcon.colcon_core.package_identification:_identify(build) by extensions ['ignore', 'ignore_ament_install']
[0.190s] Level 1:colcon.colcon_core.package_identification:_identify(build) by extension 'ignore'
[0.190s] Level 1:colcon.colcon_core.package_identification:_identify(build) ignored
[0.191s] Level 1:colcon.colcon_core.package_identification:_identify(install) by extensions ['ignore', 'ignore_ament_install']
[0.191s] Level 1:colcon.colcon_core.package_identification:_identify(install) by extension 'ignore'
[0.191s] Level 1:colcon.colcon_core.package_identification:_identify(install) ignored
[0.191s] Level 1:colcon.colcon_core.package_identification:_identify(log) by extensions ['ignore', 'ignore_ament_install']
[0.191s] Level 1:colcon.colcon_core.package_identification:_identify(log) by extension 'ignore'
[0.191s] Level 1:colcon.colcon_core.package_identification:_identify(log) ignored
[0.191s] Level 1:colcon.colcon_core.package_identification:_identify(src) by extensions ['ignore', 'ignore_ament_install']
[0.192s] Level 1:colcon.colcon_core.package_identification:_identify(src) by extension 'ignore'
[0.192s] Level 1:colcon.colcon_core.package_identification:_identify(src) by extension 'ignore_ament_install'
[0.192s] Level 1:colcon.colcon_core.package_identification:_identify(src) by extensions ['colcon_pkg']
[0.192s] Level 1:colcon.colcon_core.package_identification:_identify(src) by extension 'colcon_pkg'
[0.192s] Level 1:colcon.colcon_core.package_identification:_identify(src) by extensions ['colcon_meta']
[0.192s] Level 1:colcon.colcon_core.package_identification:_identify(src) by extension 'colcon_meta'
[0.192s] Level 1:colcon.colcon_core.package_identification:_identify(src) by extensions ['ros']
[0.192s] Level 1:colcon.colcon_core.package_identification:_identify(src) by extension 'ros'
[0.192s] Level 1:colcon.colcon_core.package_identification:_identify(src) by extensions ['cmake', 'python']
[0.193s] Level 1:colcon.colcon_core.package_identification:_identify(src) by extension 'cmake'
[0.193s] Level 1:colcon.colcon_core.package_identification:_identify(src) by extension 'python'
[0.193s] Level 1:colcon.colcon_core.package_identification:_identify(src) by extensions ['python_setup_py']
[0.193s] Level 1:colcon.colcon_core.package_identification:_identify(src) by extension 'python_setup_py'
[0.193s] Level 1:colcon.colcon_core.package_identification:_identify(src/ariac_gui) by extensions ['ignore', 'ignore_ament_install']
[0.193s] Level 1:colcon.colcon_core.package_identification:_identify(src/ariac_gui) by extension 'ignore'
[0.193s] Level 1:colcon.colcon_core.package_identification:_identify(src/ariac_gui) by extension 'ignore_ament_install'
[0.193s] Level 1:colcon.colcon_core.package_identification:_identify(src/ariac_gui) by extensions ['colcon_pkg']
[0.194s] Level 1:colcon.colcon_core.package_identification:_identify(src/ariac_gui) by extension 'colcon_pkg'
[0.194s] Level 1:colcon.colcon_core.package_identification:_identify(src/ariac_gui) by extensions ['colcon_meta']
[0.194s] Level 1:colcon.colcon_core.package_identification:_identify(src/ariac_gui) by extension 'colcon_meta'
[0.194s] Level 1:colcon.colcon_core.package_identification:_identify(src/ariac_gui) by extensions ['ros']
[0.194s] Level 1:colcon.colcon_core.package_identification:_identify(src/ariac_gui) by extension 'ros'
[0.198s] DEBUG:colcon.colcon_core.package_identification:Package 'src/ariac_gui' with type 'ros.ament_python' and name 'ariac_gui'
[0.199s] Level 1:colcon.colcon_core.package_identification:_identify(src/ariac_ros2) by extensions ['ignore', 'ignore_ament_install']
[0.199s] Level 1:colcon.colcon_core.package_identification:_identify(src/ariac_ros2) by extension 'ignore'
[0.199s] Level 1:colcon.colcon_core.package_identification:_identify(src/ariac_ros2) by extension 'ignore_ament_install'
[0.199s] Level 1:colcon.colcon_core.package_identification:_identify(src/ariac_ros2) by extensions ['colcon_pkg']
[0.199s] Level 1:colcon.colcon_core.package_identification:_identify(src/ariac_ros2) by extension 'colcon_pkg'
[0.199s] Level 1:colcon.colcon_core.package_identification:_identify(src/ariac_ros2) by extensions ['colcon_meta']
[0.199s] Level 1:colcon.colcon_core.package_identification:_identify(src/ariac_ros2) by extension 'colcon_meta'
[0.200s] Level 1:colcon.colcon_core.package_identification:_identify(src/ariac_ros2) by extensions ['ros']
[0.200s] Level 1:colcon.colcon_core.package_identification:_identify(src/ariac_ros2) by extension 'ros'
[0.200s] Level 1:colcon.colcon_core.package_identification:_identify(src/ariac_ros2) by extensions ['cmake', 'python']
[0.200s] Level 1:colcon.colcon_core.package_identification:_identify(src/ariac_ros2) by extension 'cmake'
[0.200s] Level 1:colcon.colcon_core.package_identification:_identify(src/ariac_ros2) by extension 'python'
[0.200s] Level 1:colcon.colcon_core.package_identification:_identify(src/ariac_ros2) by extensions ['python_setup_py']
[0.200s] Level 1:colcon.colcon_core.package_identification:_identify(src/ariac_ros2) by extension 'python_setup_py'
[0.200s] Level 1:colcon.colcon_core.package_identification:_identify(src/ariac_ros2/ariac_msgs) by extensions ['ignore', 'ignore_ament_install']
[0.201s] Level 1:colcon.colcon_core.package_identification:_identify(src/ariac_ros2/ariac_msgs) by extension 'ignore'
[0.201s] Level 1:colcon.colcon_core.package_identification:_identify(src/ariac_ros2/ariac_msgs) by extension 'ignore_ament_install'
[0.201s] Level 1:colcon.colcon_core.package_identification:_identify(src/ariac_ros2/ariac_msgs) by extensions ['colcon_pkg']
[0.201s] Level 1:colcon.colcon_core.package_identification:_identify(src/ariac_ros2/ariac_msgs) by extension 'colcon_pkg'
[0.201s] Level 1:colcon.colcon_core.package_identification:_identify(src/ariac_ros2/ariac_msgs) by extensions ['colcon_meta']
[0.201s] Level 1:colcon.colcon_core.package_identification:_identify(src/ariac_ros2/ariac_msgs) by extension 'colcon_meta'
[0.201s] Level 1:colcon.colcon_core.package_identification:_identify(src/ariac_ros2/ariac_msgs) by extensions ['ros']
[0.201s] Level 1:colcon.colcon_core.package_identification:_identify(src/ariac_ros2/ariac_msgs) by extension 'ros'
[0.202s] DEBUG:colcon.colcon_core.package_identification:Package 'src/ariac_ros2/ariac_msgs' with type 'ros.ament_cmake' and name 'ariac_msgs'
[0.202s] Level 1:colcon.colcon_core.package_discovery:discover_packages(recursive) using defaults
[0.202s] Level 1:colcon.colcon_core.package_discovery:discover_packages(ignore) discover
[0.202s] Level 1:colcon.colcon_core.package_discovery:discover_packages(ignore) using defaults
[0.202s] Level 1:colcon.colcon_core.package_discovery:discover_packages(path) discover
[0.202s] Level 1:colcon.colcon_core.package_discovery:discover_packages(path) using defaults
[0.232s] Level 1:colcon.colcon_core.package_discovery:discover_packages(prefix_path) check parameters
[0.232s] Level 1:colcon.colcon_core.package_discovery:discover_packages(prefix_path) discover
[0.234s] DEBUG:colcon.colcon_installed_package_information.package_discovery:Found 3 installed packages in /home/ubuntu/ariac_ws/install
[0.236s] DEBUG:colcon.colcon_installed_package_information.package_discovery:Found 275 installed packages in /opt/ros/galactic
[0.237s] Level 1:colcon.colcon_core.package_discovery:discover_packages(prefix_path) using defaults
[0.311s] Level 5:colcon.colcon_core.verb:set package 'ariac_msgs' build argument 'cmake_args' from command line to 'None'
[0.311s] Level 5:colcon.colcon_core.verb:set package 'ariac_msgs' build argument 'cmake_target' from command line to 'None'
[0.311s] Level 5:colcon.colcon_core.verb:set package 'ariac_msgs' build argument 'cmake_target_skip_unavailable' from command line to 'False'
[0.311s] Level 5:colcon.colcon_core.verb:set package 'ariac_msgs' build argument 'cmake_clean_cache' from command line to 'False'
[0.311s] Level 5:colcon.colcon_core.verb:set package 'ariac_msgs' build argument 'cmake_clean_first' from command line to 'False'
[0.311s] Level 5:colcon.colcon_core.verb:set package 'ariac_msgs' build argument 'cmake_force_configure' from command line to 'False'
[0.311s] Level 5:colcon.colcon_core.verb:set package 'ariac_msgs' build argument 'ament_cmake_args' from command line to 'None'
[0.311s] Level 5:colcon.colcon_core.verb:set package 'ariac_msgs' build argument 'catkin_cmake_args' from command line to 'None'
[0.311s] Level 5:colcon.colcon_core.verb:set package 'ariac_msgs' build argument 'catkin_skip_building_tests' from command line to 'False'
[0.312s] DEBUG:colcon.colcon_core.verb:Building package 'ariac_msgs' with the following arguments: {'ament_cmake_args': None, 'build_base': '/home/ubuntu/ariac_ws/build/ariac_msgs', 'catkin_cmake_args': None, 'catkin_skip_building_tests': False, 'cmake_args': None, 'cmake_clean_cache': False, 'cmake_clean_first': False, 'cmake_force_configure': False, 'cmake_target': None, 'cmake_target_skip_unavailable': False, 'install_base': '/home/ubuntu/ariac_ws/install/ariac_msgs', 'merge_install': False, 'path': '/home/ubuntu/ariac_ws/src/ariac_ros2/ariac_msgs', 'symlink_install': False, 'test_result_base': None}
[0.313s] Level 5:colcon.colcon_core.verb:set package 'ariac_gui' build argument 'cmake_args' from command line to 'None'
[0.313s] Level 5:colcon.colcon_core.verb:set package 'ariac_gui' build argument 'cmake_target' from command line to 'None'
[0.313s] Level 5:colcon.colcon_core.verb:set package 'ariac_gui' build argument 'cmake_target_skip_unavailable' from command line to 'False'
[0.313s] Level 5:colcon.colcon_core.verb:set package 'ariac_gui' build argument 'cmake_clean_cache' from command line to 'False'
[0.313s] Level 5:colcon.colcon_core.verb:set package 'ariac_gui' build argument 'cmake_clean_first' from command line to 'False'
[0.313s] Level 5:colcon.colcon_core.verb:set package 'ariac_gui' build argument 'cmake_force_configure' from command line to 'False'
[0.313s] Level 5:colcon.colcon_core.verb:set package 'ariac_gui' build argument 'ament_cmake_args' from command line to 'None'
[0.313s] Level 5:colcon.colcon_core.verb:set package 'ariac_gui' build argument 'catkin_cmake_args' from command line to 'None'
[0.313s] Level 5:colcon.colcon_core.verb:set package 'ariac_gui' build argument 'catkin_skip_building_tests' from command line to 'False'
[0.313s] DEBUG:colcon.colcon_core.verb:Building package 'ariac_gui' with the following arguments: {'ament_cmake_args': None, 'build_base': '/home/ubuntu/ariac_ws/build/ariac_gui', 'catkin_cmake_args': None, 'catkin_skip_building_tests': False, 'cmake_args': None, 'cmake_clean_cache': False, 'cmake_clean_first': False, 'cmake_force_configure': False, 'cmake_target': None, 'cmake_target_skip_unavailable': False, 'install_base': '/home/ubuntu/ariac_ws/install/ariac_gui', 'merge_install': False, 'path': '/home/ubuntu/ariac_ws/src/ariac_gui', 'symlink_install': False, 'test_result_base': None}
[0.314s] INFO:colcon.colcon_core.executor:Executing jobs using 'parallel' executor
[0.318s] DEBUG:colcon.colcon_parallel_executor.executor.parallel:run_until_complete
[0.318s] INFO:colcon.colcon_ros.task.ament_cmake.build:Building ROS package in '/home/ubuntu/ariac_ws/src/ariac_ros2/ariac_msgs' with build type 'ament_cmake'
[0.319s] INFO:colcon.colcon_cmake.task.cmake.build:Building CMake package in '/home/ubuntu/ariac_ws/src/ariac_ros2/ariac_msgs'
[0.323s] INFO:colcon.colcon_core.plugin_system:Skipping extension 'colcon_core.shell.bat': Not used on non-Windows systems
[0.323s] INFO:colcon.colcon_core.shell:Skip shell extension 'powershell' for command environment: Not usable outside of PowerShell
[0.323s] DEBUG:colcon.colcon_core.shell:Skip shell extension 'dsv' for command environment
[0.337s] DEBUG:colcon.colcon_core.event_handler.log_command:Invoking command in '/home/ubuntu/ariac_ws/build/ariac_msgs': CMAKE_PREFIX_PATH=${CMAKE_PREFIX_PATH}:/home/ubuntu/ariac_ws/install/py_pubsub:/home/ubuntu/ariac_ws/install/ariac_gui:/opt/ros/galactic /usr/bin/cmake --build /home/ubuntu/ariac_ws/build/ariac_msgs -- -j12 -l12
[0.609s] DEBUG:colcon.colcon_core.event_handler.log_command:Invoked command in '/home/ubuntu/ariac_ws/build/ariac_msgs' returned '0': CMAKE_PREFIX_PATH=${CMAKE_PREFIX_PATH}:/home/ubuntu/ariac_ws/install/py_pubsub:/home/ubuntu/ariac_ws/install/ariac_gui:/opt/ros/galactic /usr/bin/cmake --build /home/ubuntu/ariac_ws/build/ariac_msgs -- -j12 -l12
[1.179s] DEBUG:colcon.colcon_core.event_handler.log_command:Invoking command in '/home/ubuntu/ariac_ws/build/ariac_msgs': CMAKE_PREFIX_PATH=${CMAKE_PREFIX_PATH}:/home/ubuntu/ariac_ws/install/py_pubsub:/home/ubuntu/ariac_ws/install/ariac_gui:/opt/ros/galactic /usr/bin/cmake --install /home/ubuntu/ariac_ws/build/ariac_msgs
[1.284s] Level 1:colcon.colcon_core.environment:create_environment_scripts_only(ariac_msgs)
[1.292s] Level 1:colcon.colcon_core.environment:checking '/home/ubuntu/ariac_ws/install/ariac_msgs' for CMake module files
[1.295s] Level 1:colcon.colcon_core.environment:checking '/home/ubuntu/ariac_ws/install/ariac_msgs' for CMake config files
[1.301s] Level 1:colcon.colcon_core.shell:create_environment_hook('ariac_msgs', 'cmake_prefix_path')
[1.302s] INFO:colcon.colcon_core.shell:Creating environment hook '/home/ubuntu/ariac_ws/install/ariac_msgs/share/ariac_msgs/hook/cmake_prefix_path.ps1'
[1.304s] INFO:colcon.colcon_core.shell:Creating environment descriptor '/home/ubuntu/ariac_ws/install/ariac_msgs/share/ariac_msgs/hook/cmake_prefix_path.dsv'
[1.305s] INFO:colcon.colcon_core.shell:Creating environment hook '/home/ubuntu/ariac_ws/install/ariac_msgs/share/ariac_msgs/hook/cmake_prefix_path.sh'
[1.307s] Level 1:colcon.colcon_core.environment:checking '/home/ubuntu/ariac_ws/install/ariac_msgs/lib'
[1.307s] Level 1:colcon.colcon_core.shell:create_environment_hook('ariac_msgs', 'ld_library_path_lib')
[1.309s] INFO:colcon.colcon_core.shell:Creating environment hook '/home/ubuntu/ariac_ws/install/ariac_msgs/share/ariac_msgs/hook/ld_library_path_lib.ps1'
[1.310s] INFO:colcon.colcon_core.shell:Creating environment descriptor '/home/ubuntu/ariac_ws/install/ariac_msgs/share/ariac_msgs/hook/ld_library_path_lib.dsv'
[1.311s] INFO:colcon.colcon_core.shell:Creating environment hook '/home/ubuntu/ariac_ws/install/ariac_msgs/share/ariac_msgs/hook/ld_library_path_lib.sh'
[1.311s] Level 1:colcon.colcon_core.environment:checking '/home/ubuntu/ariac_ws/install/ariac_msgs/bin'
[1.312s] Level 1:colcon.colcon_core.environment:checking '/home/ubuntu/ariac_ws/install/ariac_msgs/lib/pkgconfig/ariac_msgs.pc'
[1.312s] Level 1:colcon.colcon_core.environment:checking '/home/ubuntu/ariac_ws/install/ariac_msgs/lib/python3.8/site-packages'
[1.312s] Level 1:colcon.colcon_core.shell:create_environment_hook('ariac_msgs', 'pythonpath')
[1.314s] INFO:colcon.colcon_core.shell:Creating environment hook '/home/ubuntu/ariac_ws/install/ariac_msgs/share/ariac_msgs/hook/pythonpath.ps1'
[1.314s] INFO:colcon.colcon_core.shell:Creating environment descriptor '/home/ubuntu/ariac_ws/install/ariac_msgs/share/ariac_msgs/hook/pythonpath.dsv'
[1.315s] INFO:colcon.colcon_core.shell:Creating environment hook '/home/ubuntu/ariac_ws/install/ariac_msgs/share/ariac_msgs/hook/pythonpath.sh'
[1.316s] Level 1:colcon.colcon_core.environment:checking '/home/ubuntu/ariac_ws/install/ariac_msgs/bin'
[1.318s] INFO:colcon.colcon_core.shell:Creating package script '/home/ubuntu/ariac_ws/install/ariac_msgs/share/ariac_msgs/package.ps1'
[1.319s] INFO:colcon.colcon_core.shell:Creating package descriptor '/home/ubuntu/ariac_ws/install/ariac_msgs/share/ariac_msgs/package.dsv'
[1.320s] INFO:colcon.colcon_core.shell:Creating package script '/home/ubuntu/ariac_ws/install/ariac_msgs/share/ariac_msgs/package.sh'
[1.321s] INFO:colcon.colcon_core.shell:Creating package script '/home/ubuntu/ariac_ws/install/ariac_msgs/share/ariac_msgs/package.bash'
[1.322s] INFO:colcon.colcon_core.shell:Creating package script '/home/ubuntu/ariac_ws/install/ariac_msgs/share/ariac_msgs/package.zsh'
[1.324s] Level 1:colcon.colcon_core.environment:create_file_with_runtime_dependencies(/home/ubuntu/ariac_ws/install/ariac_msgs/share/colcon-core/packages/ariac_msgs)
[1.368s] DEBUG:colcon.colcon_core.event_handler.log_command:Invoked command in '/home/ubuntu/ariac_ws/build/ariac_msgs' returned '0': CMAKE_PREFIX_PATH=${CMAKE_PREFIX_PATH}:/home/ubuntu/ariac_ws/install/py_pubsub:/home/ubuntu/ariac_ws/install/ariac_gui:/opt/ros/galactic /usr/bin/cmake --install /home/ubuntu/ariac_ws/build/ariac_msgs
[1.870s] Level 1:colcon.colcon_core.environment:create_environment_scripts_only(ariac_msgs)
[1.872s] Level 1:colcon.colcon_core.environment:checking '/home/ubuntu/ariac_ws/install/ariac_msgs' for CMake module files
[1.872s] Level 1:colcon.colcon_core.environment:checking '/home/ubuntu/ariac_ws/install/ariac_msgs' for CMake config files
[1.873s] Level 1:colcon.colcon_core.shell:create_environment_hook('ariac_msgs', 'cmake_prefix_path')
[1.875s] INFO:colcon.colcon_core.shell:Creating environment hook '/home/ubuntu/ariac_ws/install/ariac_msgs/share/ariac_msgs/hook/cmake_prefix_path.ps1'
[1.875s] INFO:colcon.colcon_core.shell:Creating environment descriptor '/home/ubuntu/ariac_ws/install/ariac_msgs/share/ariac_msgs/hook/cmake_prefix_path.dsv'
[1.876s] INFO:colcon.colcon_core.shell:Creating environment hook '/home/ubuntu/ariac_ws/install/ariac_msgs/share/ariac_msgs/hook/cmake_prefix_path.sh'
[1.876s] Level 1:colcon.colcon_core.environment:checking '/home/ubuntu/ariac_ws/install/ariac_msgs/lib'
[1.876s] Level 1:colcon.colcon_core.shell:create_environment_hook('ariac_msgs', 'ld_library_path_lib')
[1.878s] INFO:colcon.colcon_core.shell:Creating environment hook '/home/ubuntu/ariac_ws/install/ariac_msgs/share/ariac_msgs/hook/ld_library_path_lib.ps1'
[1.878s] INFO:colcon.colcon_core.shell:Creating environment descriptor '/home/ubuntu/ariac_ws/install/ariac_msgs/share/ariac_msgs/hook/ld_library_path_lib.dsv'
[1.879s] INFO:colcon.colcon_core.shell:Creating environment hook '/home/ubuntu/ariac_ws/install/ariac_msgs/share/ariac_msgs/hook/ld_library_path_lib.sh'
[1.879s] Level 1:colcon.colcon_core.environment:checking '/home/ubuntu/ariac_ws/install/ariac_msgs/bin'
[1.879s] Level 1:colcon.colcon_core.environment:checking '/home/ubuntu/ariac_ws/install/ariac_msgs/lib/pkgconfig/ariac_msgs.pc'
[1.879s] Level 1:colcon.colcon_core.environment:checking '/home/ubuntu/ariac_ws/install/ariac_msgs/lib/python3.8/site-packages'
[1.879s] Level 1:colcon.colcon_core.shell:create_environment_hook('ariac_msgs', 'pythonpath')
[1.881s] INFO:colcon.colcon_core.shell:Creating environment hook '/home/ubuntu/ariac_ws/install/ariac_msgs/share/ariac_msgs/hook/pythonpath.ps1'
[1.881s] INFO:colcon.colcon_core.shell:Creating environment descriptor '/home/ubuntu/ariac_ws/install/ariac_msgs/share/ariac_msgs/hook/pythonpath.dsv'
[1.881s] INFO:colcon.colcon_core.shell:Creating environment hook '/home/ubuntu/ariac_ws/install/ariac_msgs/share/ariac_msgs/hook/pythonpath.sh'
[1.882s] Level 1:colcon.colcon_core.environment:checking '/home/ubuntu/ariac_ws/install/ariac_msgs/bin'
[1.883s] INFO:colcon.colcon_core.shell:Creating package script '/home/ubuntu/ariac_ws/install/ariac_msgs/share/ariac_msgs/package.ps1'
[1.884s] INFO:colcon.colcon_core.shell:Creating package descriptor '/home/ubuntu/ariac_ws/install/ariac_msgs/share/ariac_msgs/package.dsv'
[1.885s] INFO:colcon.colcon_core.shell:Creating package script '/home/ubuntu/ariac_ws/install/ariac_msgs/share/ariac_msgs/package.sh'
[1.885s] INFO:colcon.colcon_core.shell:Creating package script '/home/ubuntu/ariac_ws/install/ariac_msgs/share/ariac_msgs/package.bash'
[1.886s] INFO:colcon.colcon_core.shell:Creating package script '/home/ubuntu/ariac_ws/install/ariac_msgs/share/ariac_msgs/package.zsh'
[1.886s] Level 1:colcon.colcon_core.environment:create_file_with_runtime_dependencies(/home/ubuntu/ariac_ws/install/ariac_msgs/share/colcon-core/packages/ariac_msgs)
[1.887s] INFO:colcon.colcon_ros.task.ament_python.build:Building ROS package in '/home/ubuntu/ariac_ws/src/ariac_gui' with build type 'ament_python'
[1.887s] Level 1:colcon.colcon_core.shell:create_environment_hook('ariac_gui', 'ament_prefix_path')
[1.889s] INFO:colcon.colcon_core.shell:Creating environment hook '/home/ubuntu/ariac_ws/install/ariac_gui/share/ariac_gui/hook/ament_prefix_path.ps1'
[1.890s] INFO:colcon.colcon_core.shell:Creating environment descriptor '/home/ubuntu/ariac_ws/install/ariac_gui/share/ariac_gui/hook/ament_prefix_path.dsv'
[1.890s] INFO:colcon.colcon_core.shell:Creating environment hook '/home/ubuntu/ariac_ws/install/ariac_gui/share/ariac_gui/hook/ament_prefix_path.sh'
[1.892s] INFO:colcon.colcon_core.shell:Skip shell extension 'powershell' for command environment: Not usable outside of PowerShell
[1.893s] DEBUG:colcon.colcon_core.shell:Skip shell extension 'dsv' for command environment
[2.120s] INFO:colcon.colcon_core.task.python.build:Building Python package in '/home/ubuntu/ariac_ws/src/ariac_gui'
[2.123s] INFO:colcon.colcon_core.shell:Skip shell extension 'powershell' for command environment: Not usable outside of PowerShell
[2.123s] DEBUG:colcon.colcon_core.shell:Skip shell extension 'dsv' for command environment
[2.518s] DEBUG:colcon.colcon_core.event_handler.log_command:Invoking command in '/home/ubuntu/ariac_ws/src/ariac_gui': PYTHONPATH=/home/ubuntu/ariac_ws/build/ariac_gui/prefix_override:/home/ubuntu/ariac_ws/install/ariac_gui/lib/python3.8/site-packages:/home/ubuntu/ariac_ws/install/ariac_msgs/lib/python3.8/site-packages:/home/ubuntu/ariac_ws/install/py_pubsub/lib/python3.8/site-packages:/home/ubuntu/ariac_ws/install/ariac_gui/lib/python3.8/site-packages:/opt/ros/galactic/lib/python3.8/site-packages /usr/bin/python3 setup.py egg_info --egg-base ../../build/ariac_gui build --build-base /home/ubuntu/ariac_ws/build/ariac_gui/build install --record /home/ubuntu/ariac_ws/build/ariac_gui/install.log --single-version-externally-managed
[2.801s] Level 1:colcon.colcon_core.environment:checking '/home/ubuntu/ariac_ws/install/ariac_gui' for CMake module files
[2.802s] DEBUG:colcon.colcon_core.event_handler.log_command:Invoked command in '/home/ubuntu/ariac_ws/src/ariac_gui' returned '0': PYTHONPATH=/home/ubuntu/ariac_ws/build/ariac_gui/prefix_override:/home/ubuntu/ariac_ws/install/ariac_gui/lib/python3.8/site-packages:/home/ubuntu/ariac_ws/install/ariac_msgs/lib/python3.8/site-packages:/home/ubuntu/ariac_ws/install/py_pubsub/lib/python3.8/site-packages:/home/ubuntu/ariac_ws/install/ariac_gui/lib/python3.8/site-packages:/opt/ros/galactic/lib/python3.8/site-packages /usr/bin/python3 setup.py egg_info --egg-base ../../build/ariac_gui build --build-base /home/ubuntu/ariac_ws/build/ariac_gui/build install --record /home/ubuntu/ariac_ws/build/ariac_gui/install.log --single-version-externally-managed
[2.802s] Level 1:colcon.colcon_core.environment:checking '/home/ubuntu/ariac_ws/install/ariac_gui' for CMake config files
[2.802s] Level 1:colcon.colcon_core.environment:checking '/home/ubuntu/ariac_ws/install/ariac_gui/lib'
[2.803s] Level 1:colcon.colcon_core.environment:checking '/home/ubuntu/ariac_ws/install/ariac_gui/bin'
[2.803s] Level 1:colcon.colcon_core.environment:checking '/home/ubuntu/ariac_ws/install/ariac_gui/lib/pkgconfig/ariac_gui.pc'
[2.803s] Level 1:colcon.colcon_core.environment:checking '/home/ubuntu/ariac_ws/install/ariac_gui/lib/python3.8/site-packages'
[2.803s] Level 1:colcon.colcon_core.shell:create_environment_hook('ariac_gui', 'pythonpath')
[2.804s] INFO:colcon.colcon_core.shell:Creating environment hook '/home/ubuntu/ariac_ws/install/ariac_gui/share/ariac_gui/hook/pythonpath.ps1'
[2.805s] INFO:colcon.colcon_core.shell:Creating environment descriptor '/home/ubuntu/ariac_ws/install/ariac_gui/share/ariac_gui/hook/pythonpath.dsv'
[2.805s] INFO:colcon.colcon_core.shell:Creating environment hook '/home/ubuntu/ariac_ws/install/ariac_gui/share/ariac_gui/hook/pythonpath.sh'
[2.806s] Level 1:colcon.colcon_core.environment:checking '/home/ubuntu/ariac_ws/install/ariac_gui/bin'
[2.806s] Level 1:colcon.colcon_core.environment:create_environment_scripts_only(ariac_gui)
[2.807s] INFO:colcon.colcon_core.shell:Creating package script '/home/ubuntu/ariac_ws/install/ariac_gui/share/ariac_gui/package.ps1'
[2.808s] INFO:colcon.colcon_core.shell:Creating package descriptor '/home/ubuntu/ariac_ws/install/ariac_gui/share/ariac_gui/package.dsv'
[2.808s] INFO:colcon.colcon_core.shell:Creating package script '/home/ubuntu/ariac_ws/install/ariac_gui/share/ariac_gui/package.sh'
[2.809s] INFO:colcon.colcon_core.shell:Creating package script '/home/ubuntu/ariac_ws/install/ariac_gui/share/ariac_gui/package.bash'
[2.809s] INFO:colcon.colcon_core.shell:Creating package script '/home/ubuntu/ariac_ws/install/ariac_gui/share/ariac_gui/package.zsh'
[2.809s] Level 1:colcon.colcon_core.environment:create_file_with_runtime_dependencies(/home/ubuntu/ariac_ws/install/ariac_gui/share/colcon-core/packages/ariac_gui)
[2.810s] DEBUG:colcon.colcon_parallel_executor.executor.parallel:closing loop
[2.810s] DEBUG:colcon.colcon_parallel_executor.executor.parallel:loop closed
[2.811s] DEBUG:colcon.colcon_parallel_executor.executor.parallel:run_until_complete finished with '0'
[2.811s] DEBUG:colcon.colcon_core.event_reactor:joining thread
[2.818s] INFO:colcon.colcon_core.plugin_system:Skipping extension 'colcon_notification.desktop_notification.notify_send': Could not find 'notify-send'
[2.818s] INFO:colcon.colcon_core.plugin_system:Skipping extension 'colcon_notification.desktop_notification.terminal_notifier': Not used on non-Darwin systems
[2.818s] INFO:colcon.colcon_core.plugin_system:Skipping extension 'colcon_notification.desktop_notification.win32': Not used on non-Windows systems
[2.818s] INFO:colcon.colcon_notification.desktop_notification:Sending desktop notification using 'notify2'
[2.818s] DEBUG:colcon.colcon_notification.desktop_notification.notify2:Failed to initialize notify2: org.freedesktop.DBus.Error.NotSupported: Unable to autolaunch a dbus-daemon without a $DISPLAY for X11
[2.818s] DEBUG:colcon.colcon_core.event_reactor:joined thread
[2.820s] INFO:colcon.colcon_core.shell:Creating prefix script '/home/ubuntu/ariac_ws/install/local_setup.ps1'
[2.822s] INFO:colcon.colcon_core.shell:Creating prefix util module '/home/ubuntu/ariac_ws/install/_local_setup_util_ps1.py'
[2.823s] INFO:colcon.colcon_core.shell:Creating prefix chain script '/home/ubuntu/ariac_ws/install/setup.ps1'
[2.825s] INFO:colcon.colcon_core.shell:Creating prefix script '/home/ubuntu/ariac_ws/install/local_setup.sh'
[2.825s] INFO:colcon.colcon_core.shell:Creating prefix util module '/home/ubuntu/ariac_ws/install/_local_setup_util_sh.py'
[2.826s] INFO:colcon.colcon_core.shell:Creating prefix chain script '/home/ubuntu/ariac_ws/install/setup.sh'
[2.827s] INFO:colcon.colcon_core.shell:Creating prefix script '/home/ubuntu/ariac_ws/install/local_setup.bash'
[2.828s] INFO:colcon.colcon_core.shell:Creating prefix chain script '/home/ubuntu/ariac_ws/install/setup.bash'
[2.829s] INFO:colcon.colcon_core.shell:Creating prefix script '/home/ubuntu/ariac_ws/install/local_setup.zsh'
[2.830s] INFO:colcon.colcon_core.shell:Creating prefix chain script '/home/ubuntu/ariac_ws/install/setup.zsh'
