/home/ubuntu/ariac_ws/install/ariac_gui/lib/python3.8/site-packages/ariac_gui/gui_node.py
/home/ubuntu/ariac_ws/install/ariac_gui/lib/python3.8/site-packages/ariac_gui/addNewBin.py
/home/ubuntu/ariac_ws/install/ariac_gui/lib/python3.8/site-packages/ariac_gui/addPartFunc.py
/home/ubuntu/ariac_ws/install/ariac_gui/lib/python3.8/site-packages/ariac_gui/validationFunc.py
/home/ubuntu/ariac_ws/install/ariac_gui/lib/python3.8/site-packages/ariac_gui/addConvPart.py
/home/ubuntu/ariac_ws/install/ariac_gui/lib/python3.8/site-packages/ariac_gui/updateAGVFuncs.py
/home/ubuntu/ariac_ws/install/ariac_gui/lib/python3.8/site-packages/ariac_gui/buttonFuncs.py
/home/ubuntu/ariac_ws/install/ariac_gui/lib/python3.8/site-packages/ariac_gui/newGui.py
/home/ubuntu/ariac_ws/install/ariac_gui/lib/python3.8/site-packages/ariac_gui/newClasses.py
/home/ubuntu/ariac_ws/install/ariac_gui/lib/python3.8/site-packages/ariac_gui/timeFunctions.py
/home/ubuntu/ariac_ws/install/ariac_gui/lib/python3.8/site-packages/ariac_gui/validationFunctions.py
/home/ubuntu/ariac_ws/install/ariac_gui/lib/python3.8/site-packages/ariac_gui/challengesFuncs.py
/home/ubuntu/ariac_ws/install/ariac_gui/lib/python3.8/site-packages/ariac_gui/checkCancel.py
/home/ubuntu/ariac_ws/install/ariac_gui/lib/python3.8/site-packages/ariac_gui/msgNames.py
/home/ubuntu/ariac_ws/install/ariac_gui/lib/python3.8/site-packages/ariac_gui/orderFuncs.py
/home/ubuntu/ariac_ws/install/ariac_gui/lib/python3.8/site-packages/ariac_gui/updateRanges.py
/home/ubuntu/ariac_ws/install/ariac_gui/lib/python3.8/site-packages/ariac_gui/fileFunc.py
/home/ubuntu/ariac_ws/install/ariac_gui/lib/python3.8/site-packages/ariac_gui/__init__.py
/home/ubuntu/ariac_ws/install/ariac_gui/lib/python3.8/site-packages/ariac_gui/__pycache__/gui_node.cpython-38.pyc
/home/ubuntu/ariac_ws/install/ariac_gui/lib/python3.8/site-packages/ariac_gui/__pycache__/addNewBin.cpython-38.pyc
/home/ubuntu/ariac_ws/install/ariac_gui/lib/python3.8/site-packages/ariac_gui/__pycache__/addPartFunc.cpython-38.pyc
/home/ubuntu/ariac_ws/install/ariac_gui/lib/python3.8/site-packages/ariac_gui/__pycache__/validationFunc.cpython-38.pyc
/home/ubuntu/ariac_ws/install/ariac_gui/lib/python3.8/site-packages/ariac_gui/__pycache__/addConvPart.cpython-38.pyc
/home/ubuntu/ariac_ws/install/ariac_gui/lib/python3.8/site-packages/ariac_gui/__pycache__/updateAGVFuncs.cpython-38.pyc
/home/ubuntu/ariac_ws/install/ariac_gui/lib/python3.8/site-packages/ariac_gui/__pycache__/buttonFuncs.cpython-38.pyc
/home/ubuntu/ariac_ws/install/ariac_gui/lib/python3.8/site-packages/ariac_gui/__pycache__/newGui.cpython-38.pyc
/home/ubuntu/ariac_ws/install/ariac_gui/lib/python3.8/site-packages/ariac_gui/__pycache__/newClasses.cpython-38.pyc
/home/ubuntu/ariac_ws/install/ariac_gui/lib/python3.8/site-packages/ariac_gui/__pycache__/timeFunctions.cpython-38.pyc
/home/ubuntu/ariac_ws/install/ariac_gui/lib/python3.8/site-packages/ariac_gui/__pycache__/validationFunctions.cpython-38.pyc
/home/ubuntu/ariac_ws/install/ariac_gui/lib/python3.8/site-packages/ariac_gui/__pycache__/challengesFuncs.cpython-38.pyc
/home/ubuntu/ariac_ws/install/ariac_gui/lib/python3.8/site-packages/ariac_gui/__pycache__/checkCancel.cpython-38.pyc
/home/ubuntu/ariac_ws/install/ariac_gui/lib/python3.8/site-packages/ariac_gui/__pycache__/msgNames.cpython-38.pyc
/home/ubuntu/ariac_ws/install/ariac_gui/lib/python3.8/site-packages/ariac_gui/__pycache__/orderFuncs.cpython-38.pyc
/home/ubuntu/ariac_ws/install/ariac_gui/lib/python3.8/site-packages/ariac_gui/__pycache__/updateRanges.cpython-38.pyc
/home/ubuntu/ariac_ws/install/ariac_gui/lib/python3.8/site-packages/ariac_gui/__pycache__/fileFunc.cpython-38.pyc
/home/ubuntu/ariac_ws/install/ariac_gui/lib/python3.8/site-packages/ariac_gui/__pycache__/__init__.cpython-38.pyc
/home/ubuntu/ariac_ws/install/ariac_gui/share/ament_index/resource_index/packages/ariac_gui
/home/ubuntu/ariac_ws/install/ariac_gui/share/ariac_gui/package.xml
/home/ubuntu/ariac_ws/install/ariac_gui/lib/python3.8/site-packages/ariac_gui-0.0.0-py3.8.egg-info/top_level.txt
/home/ubuntu/ariac_ws/install/ariac_gui/lib/python3.8/site-packages/ariac_gui-0.0.0-py3.8.egg-info/dependency_links.txt
/home/ubuntu/ariac_ws/install/ariac_gui/lib/python3.8/site-packages/ariac_gui-0.0.0-py3.8.egg-info/entry_points.txt
/home/ubuntu/ariac_ws/install/ariac_gui/lib/python3.8/site-packages/ariac_gui-0.0.0-py3.8.egg-info/SOURCES.txt
/home/ubuntu/ariac_ws/install/ariac_gui/lib/python3.8/site-packages/ariac_gui-0.0.0-py3.8.egg-info/requires.txt
/home/ubuntu/ariac_ws/install/ariac_gui/lib/python3.8/site-packages/ariac_gui-0.0.0-py3.8.egg-info/PKG-INFO
/home/ubuntu/ariac_ws/install/ariac_gui/lib/python3.8/site-packages/ariac_gui-0.0.0-py3.8.egg-info/zip-safe
/home/ubuntu/ariac_ws/install/ariac_gui/lib/ariac_gui/gui
