[0.587s] Invoking command in '/home/ubuntu/ariac_ws/src/ariac_gui': PYTHONPATH=/home/ubuntu/ariac_ws/build/ariac_gui/prefix_override:/home/ubuntu/ariac_ws/install/ariac_gui/lib/python3.8/site-packages:/home/ubuntu/ariac_ws/install/ariac_msgs/lib/python3.8/site-packages:/home/ubuntu/ariac_ws/install/py_pubsub/lib/python3.8/site-packages:/home/ubuntu/ariac_ws/install/ariac_gui/lib/python3.8/site-packages:/opt/ros/galactic/lib/python3.8/site-packages /usr/bin/python3 setup.py egg_info --egg-base ../../build/ariac_gui build --build-base /home/ubuntu/ariac_ws/build/ariac_gui/build install --record /home/ubuntu/ariac_ws/build/ariac_gui/install.log --single-version-externally-managed
[0.777s] running egg_info
[0.778s] writing ../../build/ariac_gui/ariac_gui.egg-info/PKG-INFO
[0.778s] writing dependency_links to ../../build/ariac_gui/ariac_gui.egg-info/dependency_links.txt
[0.778s] writing entry points to ../../build/ariac_gui/ariac_gui.egg-info/entry_points.txt
[0.778s] writing requirements to ../../build/ariac_gui/ariac_gui.egg-info/requires.txt
[0.778s] writing top-level names to ../../build/ariac_gui/ariac_gui.egg-info/top_level.txt
[0.809s] reading manifest file '../../build/ariac_gui/ariac_gui.egg-info/SOURCES.txt'
[0.810s] writing manifest file '../../build/ariac_gui/ariac_gui.egg-info/SOURCES.txt'
[0.810s] running build
[0.810s] running build_py
[0.811s] copying ariac_gui/addPartFunc.py -> /home/ubuntu/ariac_ws/build/ariac_gui/build/lib/ariac_gui
[0.811s] copying ariac_gui/challengesFuncs.py -> /home/ubuntu/ariac_ws/build/ariac_gui/build/lib/ariac_gui
[0.811s] copying ariac_gui/orderFuncs.py -> /home/ubuntu/ariac_ws/build/ariac_gui/build/lib/ariac_gui
[0.812s] running install
[0.813s] running install_lib
[0.813s] copying /home/ubuntu/ariac_ws/build/ariac_gui/build/lib/ariac_gui/addPartFunc.py -> /home/ubuntu/ariac_ws/install/ariac_gui/lib/python3.8/site-packages/ariac_gui
[0.814s] copying /home/ubuntu/ariac_ws/build/ariac_gui/build/lib/ariac_gui/challengesFuncs.py -> /home/ubuntu/ariac_ws/install/ariac_gui/lib/python3.8/site-packages/ariac_gui
[0.814s] copying /home/ubuntu/ariac_ws/build/ariac_gui/build/lib/ariac_gui/orderFuncs.py -> /home/ubuntu/ariac_ws/install/ariac_gui/lib/python3.8/site-packages/ariac_gui
[0.815s] byte-compiling /home/ubuntu/ariac_ws/install/ariac_gui/lib/python3.8/site-packages/ariac_gui/addPartFunc.py to addPartFunc.cpython-38.pyc
[0.817s] byte-compiling /home/ubuntu/ariac_ws/install/ariac_gui/lib/python3.8/site-packages/ariac_gui/challengesFuncs.py to challengesFuncs.cpython-38.pyc
[0.819s] byte-compiling /home/ubuntu/ariac_ws/install/ariac_gui/lib/python3.8/site-packages/ariac_gui/orderFuncs.py to orderFuncs.cpython-38.pyc
[0.822s] running install_data
[0.822s] running install_egg_info
[0.824s] removing '/home/ubuntu/ariac_ws/install/ariac_gui/lib/python3.8/site-packages/ariac_gui-0.0.0-py3.8.egg-info' (and everything under it)
[0.824s] Copying ../../build/ariac_gui/ariac_gui.egg-info to /home/ubuntu/ariac_ws/install/ariac_gui/lib/python3.8/site-packages/ariac_gui-0.0.0-py3.8.egg-info
[0.825s] running install_scripts
[0.840s] Installing gui script to /home/ubuntu/ariac_ws/install/ariac_gui/lib/ariac_gui
[0.840s] writing list of installed files to '/home/ubuntu/ariac_ws/build/ariac_gui/install.log'
[0.862s] Invoked command in '/home/ubuntu/ariac_ws/src/ariac_gui' returned '0': PYTHONPATH=/home/ubuntu/ariac_ws/build/ariac_gui/prefix_override:/home/ubuntu/ariac_ws/install/ariac_gui/lib/python3.8/site-packages:/home/ubuntu/ariac_ws/install/ariac_msgs/lib/python3.8/site-packages:/home/ubuntu/ariac_ws/install/py_pubsub/lib/python3.8/site-packages:/home/ubuntu/ariac_ws/install/ariac_gui/lib/python3.8/site-packages:/opt/ros/galactic/lib/python3.8/site-packages /usr/bin/python3 setup.py egg_info --egg-base ../../build/ariac_gui build --build-base /home/ubuntu/ariac_ws/build/ariac_gui/build install --record /home/ubuntu/ariac_ws/build/ariac_gui/install.log --single-version-externally-managed
