[0.218s] DEBUG:colcon:Command line arguments: ['/usr/bin/colcon', 'build']
[0.218s] DEBUG:colcon:Parsed command line arguments: Namespace(allow_overriding=[], ament_cmake_args=None, base_paths=['.'], build_base='build', catkin_cmake_args=None, catkin_skip_building_tests=False, cmake_args=None, cmake_clean_cache=False, cmake_clean_first=False, cmake_force_configure=False, cmake_target=None, cmake_target_skip_unavailable=False, continue_on_error=False, event_handlers=None, executor='parallel', ignore_user_meta=False, install_base='install', log_base=None, log_level=None, main=<bound method BuildVerb.main of <colcon_core.verb.build.BuildVerb object at 0x7f35ebf82340>>, merge_install=False, metas=['./colcon.meta'], packages_above=None, packages_above_and_dependencies=None, packages_above_depth=None, packages_end=None, packages_ignore=None, packages_ignore_regex=None, packages_select=None, packages_select_build_failed=False, packages_select_by_dep=None, packages_select_regex=None, packages_select_test_failures=False, packages_skip=None, packages_skip_build_finished=False, packages_skip_by_dep=None, packages_skip_regex=None, packages_skip_test_passed=False, packages_skip_up_to=None, packages_start=None, packages_up_to=None, packages_up_to_regex=None, parallel_workers=12, paths=None, symlink_install=False, test_result_base=None, verb_extension=<colcon_core.verb.build.BuildVerb object at 0x7f35ebf82340>, verb_name='build', verb_parser=<colcon_defaults.argument_parser.defaults.DefaultArgumentsDecorator object at 0x7f35ebf82880>)
[0.256s] Level 1:colcon.colcon_core.package_discovery:discover_packages(colcon_meta) check parameters
[0.256s] Level 1:colcon.colcon_core.package_discovery:discover_packages(recursive) check parameters
[0.256s] Level 1:colcon.colcon_core.package_discovery:discover_packages(ignore) check parameters
[0.256s] Level 1:colcon.colcon_core.package_discovery:discover_packages(path) check parameters
[0.257s] Level 1:colcon.colcon_core.package_discovery:discover_packages(colcon_meta) discover
[0.257s] Level 1:colcon.colcon_core.package_discovery:discover_packages(recursive) discover
[0.257s] INFO:colcon.colcon_core.package_discovery:Crawling recursively for packages in '/home/ubuntu/ariac_ws'
[0.257s] Level 1:colcon.colcon_core.package_identification:_identify(.) by extensions ['ignore', 'ignore_ament_install']
[0.257s] Level 1:colcon.colcon_core.package_identification:_identify(.) by extension 'ignore'
[0.257s] Level 1:colcon.colcon_core.package_identification:_identify(.) by extension 'ignore_ament_install'
[0.257s] Level 1:colcon.colcon_core.package_identification:_identify(.) by extensions ['colcon_pkg']
[0.257s] Level 1:colcon.colcon_core.package_identification:_identify(.) by extension 'colcon_pkg'
[0.257s] Level 1:colcon.colcon_core.package_identification:_identify(.) by extensions ['colcon_meta']
[0.257s] Level 1:colcon.colcon_core.package_identification:_identify(.) by extension 'colcon_meta'
[0.257s] Level 1:colcon.colcon_core.package_identification:_identify(.) by extensions ['ros']
[0.257s] Level 1:colcon.colcon_core.package_identification:_identify(.) by extension 'ros'
[0.268s] Level 1:colcon.colcon_core.package_identification:_identify(.) by extensions ['cmake', 'python']
[0.268s] Level 1:colcon.colcon_core.package_identification:_identify(.) by extension 'cmake'
[0.268s] Level 1:colcon.colcon_core.package_identification:_identify(.) by extension 'python'
[0.268s] Level 1:colcon.colcon_core.package_identification:_identify(.) by extensions ['python_setup_py']
[0.268s] Level 1:colcon.colcon_core.package_identification:_identify(.) by extension 'python_setup_py'
[0.268s] Level 1:colcon.colcon_core.package_identification:_identify(build) by extensions ['ignore', 'ignore_ament_install']
[0.268s] Level 1:colcon.colcon_core.package_identification:_identify(build) by extension 'ignore'
[0.268s] Level 1:colcon.colcon_core.package_identification:_identify(build) ignored
[0.269s] Level 1:colcon.colcon_core.package_identification:_identify(install) by extensions ['ignore', 'ignore_ament_install']
[0.269s] Level 1:colcon.colcon_core.package_identification:_identify(install) by extension 'ignore'
[0.269s] Level 1:colcon.colcon_core.package_identification:_identify(install) ignored
[0.269s] Level 1:colcon.colcon_core.package_identification:_identify(log) by extensions ['ignore', 'ignore_ament_install']
[0.269s] Level 1:colcon.colcon_core.package_identification:_identify(log) by extension 'ignore'
[0.269s] Level 1:colcon.colcon_core.package_identification:_identify(log) ignored
[0.270s] Level 1:colcon.colcon_core.package_identification:_identify(src) by extensions ['ignore', 'ignore_ament_install']
[0.270s] Level 1:colcon.colcon_core.package_identification:_identify(src) by extension 'ignore'
[0.270s] Level 1:colcon.colcon_core.package_identification:_identify(src) by extension 'ignore_ament_install'
[0.270s] Level 1:colcon.colcon_core.package_identification:_identify(src) by extensions ['colcon_pkg']
[0.270s] Level 1:colcon.colcon_core.package_identification:_identify(src) by extension 'colcon_pkg'
[0.270s] Level 1:colcon.colcon_core.package_identification:_identify(src) by extensions ['colcon_meta']
[0.270s] Level 1:colcon.colcon_core.package_identification:_identify(src) by extension 'colcon_meta'
[0.270s] Level 1:colcon.colcon_core.package_identification:_identify(src) by extensions ['ros']
[0.270s] Level 1:colcon.colcon_core.package_identification:_identify(src) by extension 'ros'
[0.271s] Level 1:colcon.colcon_core.package_identification:_identify(src) by extensions ['cmake', 'python']
[0.271s] Level 1:colcon.colcon_core.package_identification:_identify(src) by extension 'cmake'
[0.271s] Level 1:colcon.colcon_core.package_identification:_identify(src) by extension 'python'
[0.271s] Level 1:colcon.colcon_core.package_identification:_identify(src) by extensions ['python_setup_py']
[0.271s] Level 1:colcon.colcon_core.package_identification:_identify(src) by extension 'python_setup_py'
[0.271s] Level 1:colcon.colcon_core.package_identification:_identify(src/ariac_ros2) by extensions ['ignore', 'ignore_ament_install']
[0.271s] Level 1:colcon.colcon_core.package_identification:_identify(src/ariac_ros2) by extension 'ignore'
[0.271s] Level 1:colcon.colcon_core.package_identification:_identify(src/ariac_ros2) by extension 'ignore_ament_install'
[0.271s] Level 1:colcon.colcon_core.package_identification:_identify(src/ariac_ros2) by extensions ['colcon_pkg']
[0.271s] Level 1:colcon.colcon_core.package_identification:_identify(src/ariac_ros2) by extension 'colcon_pkg'
[0.271s] Level 1:colcon.colcon_core.package_identification:_identify(src/ariac_ros2) by extensions ['colcon_meta']
[0.271s] Level 1:colcon.colcon_core.package_identification:_identify(src/ariac_ros2) by extension 'colcon_meta'
[0.271s] Level 1:colcon.colcon_core.package_identification:_identify(src/ariac_ros2) by extensions ['ros']
[0.271s] Level 1:colcon.colcon_core.package_identification:_identify(src/ariac_ros2) by extension 'ros'
[0.271s] Level 1:colcon.colcon_core.package_identification:_identify(src/ariac_ros2) by extensions ['cmake', 'python']
[0.271s] Level 1:colcon.colcon_core.package_identification:_identify(src/ariac_ros2) by extension 'cmake'
[0.271s] Level 1:colcon.colcon_core.package_identification:_identify(src/ariac_ros2) by extension 'python'
[0.271s] Level 1:colcon.colcon_core.package_identification:_identify(src/ariac_ros2) by extensions ['python_setup_py']
[0.272s] Level 1:colcon.colcon_core.package_identification:_identify(src/ariac_ros2) by extension 'python_setup_py'
[0.272s] Level 1:colcon.colcon_core.package_identification:_identify(src/ariac_ros2/ariac_msgs) by extensions ['ignore', 'ignore_ament_install']
[0.272s] Level 1:colcon.colcon_core.package_identification:_identify(src/ariac_ros2/ariac_msgs) by extension 'ignore'
[0.272s] Level 1:colcon.colcon_core.package_identification:_identify(src/ariac_ros2/ariac_msgs) by extension 'ignore_ament_install'
[0.272s] Level 1:colcon.colcon_core.package_identification:_identify(src/ariac_ros2/ariac_msgs) by extensions ['colcon_pkg']
[0.272s] Level 1:colcon.colcon_core.package_identification:_identify(src/ariac_ros2/ariac_msgs) by extension 'colcon_pkg'
[0.272s] Level 1:colcon.colcon_core.package_identification:_identify(src/ariac_ros2/ariac_msgs) by extensions ['colcon_meta']
[0.272s] Level 1:colcon.colcon_core.package_identification:_identify(src/ariac_ros2/ariac_msgs) by extension 'colcon_meta'
[0.272s] Level 1:colcon.colcon_core.package_identification:_identify(src/ariac_ros2/ariac_msgs) by extensions ['ros']
[0.272s] Level 1:colcon.colcon_core.package_identification:_identify(src/ariac_ros2/ariac_msgs) by extension 'ros'
[0.274s] DEBUG:colcon.colcon_core.package_identification:Package 'src/ariac_ros2/ariac_msgs' with type 'ros.ament_cmake' and name 'ariac_msgs'
[0.274s] Level 1:colcon.colcon_core.package_discovery:discover_packages(recursive) using defaults
[0.275s] Level 1:colcon.colcon_core.package_discovery:discover_packages(ignore) discover
[0.275s] Level 1:colcon.colcon_core.package_discovery:discover_packages(ignore) using defaults
[0.275s] Level 1:colcon.colcon_core.package_discovery:discover_packages(path) discover
[0.275s] Level 1:colcon.colcon_core.package_discovery:discover_packages(path) using defaults
[0.305s] Level 1:colcon.colcon_core.package_discovery:discover_packages(prefix_path) check parameters
[0.305s] Level 1:colcon.colcon_core.package_discovery:discover_packages(prefix_path) discover
[0.310s] DEBUG:colcon.colcon_installed_package_information.package_discovery:Found 275 installed packages in /opt/ros/galactic
[0.312s] Level 1:colcon.colcon_core.package_discovery:discover_packages(prefix_path) using defaults
[0.390s] Level 5:colcon.colcon_core.verb:set package 'ariac_msgs' build argument 'cmake_args' from command line to 'None'
[0.390s] Level 5:colcon.colcon_core.verb:set package 'ariac_msgs' build argument 'cmake_target' from command line to 'None'
[0.390s] Level 5:colcon.colcon_core.verb:set package 'ariac_msgs' build argument 'cmake_target_skip_unavailable' from command line to 'False'
[0.390s] Level 5:colcon.colcon_core.verb:set package 'ariac_msgs' build argument 'cmake_clean_cache' from command line to 'False'
[0.390s] Level 5:colcon.colcon_core.verb:set package 'ariac_msgs' build argument 'cmake_clean_first' from command line to 'False'
[0.390s] Level 5:colcon.colcon_core.verb:set package 'ariac_msgs' build argument 'cmake_force_configure' from command line to 'False'
[0.390s] Level 5:colcon.colcon_core.verb:set package 'ariac_msgs' build argument 'ament_cmake_args' from command line to 'None'
[0.390s] Level 5:colcon.colcon_core.verb:set package 'ariac_msgs' build argument 'catkin_cmake_args' from command line to 'None'
[0.390s] Level 5:colcon.colcon_core.verb:set package 'ariac_msgs' build argument 'catkin_skip_building_tests' from command line to 'False'
[0.390s] DEBUG:colcon.colcon_core.verb:Building package 'ariac_msgs' with the following arguments: {'ament_cmake_args': None, 'build_base': '/home/ubuntu/ariac_ws/build/ariac_msgs', 'catkin_cmake_args': None, 'catkin_skip_building_tests': False, 'cmake_args': None, 'cmake_clean_cache': False, 'cmake_clean_first': False, 'cmake_force_configure': False, 'cmake_target': None, 'cmake_target_skip_unavailable': False, 'install_base': '/home/ubuntu/ariac_ws/install/ariac_msgs', 'merge_install': False, 'path': '/home/ubuntu/ariac_ws/src/ariac_ros2/ariac_msgs', 'symlink_install': False, 'test_result_base': None}
[0.391s] INFO:colcon.colcon_core.executor:Executing jobs using 'parallel' executor
[0.397s] DEBUG:colcon.colcon_parallel_executor.executor.parallel:run_until_complete
[0.397s] INFO:colcon.colcon_ros.task.ament_cmake.build:Building ROS package in '/home/ubuntu/ariac_ws/src/ariac_ros2/ariac_msgs' with build type 'ament_cmake'
[0.397s] INFO:colcon.colcon_cmake.task.cmake.build:Building CMake package in '/home/ubuntu/ariac_ws/src/ariac_ros2/ariac_msgs'
[0.408s] INFO:colcon.colcon_core.plugin_system:Skipping extension 'colcon_core.shell.bat': Not used on non-Windows systems
[0.409s] INFO:colcon.colcon_core.shell:Skip shell extension 'powershell' for command environment: Not usable outside of PowerShell
[0.409s] DEBUG:colcon.colcon_core.shell:Skip shell extension 'dsv' for command environment
[0.423s] DEBUG:colcon.colcon_core.event_handler.log_command:Invoking command in '/home/ubuntu/ariac_ws/build/ariac_msgs': CMAKE_PREFIX_PATH=/opt/ros/galactic /usr/bin/cmake /home/ubuntu/ariac_ws/src/ariac_ros2/ariac_msgs -DCMAKE_INSTALL_PREFIX=/home/ubuntu/ariac_ws/install/ariac_msgs
[3.059s] DEBUG:colcon.colcon_core.event_handler.log_command:Invoked command in '/home/ubuntu/ariac_ws/build/ariac_msgs' returned '0': CMAKE_PREFIX_PATH=/opt/ros/galactic /usr/bin/cmake /home/ubuntu/ariac_ws/src/ariac_ros2/ariac_msgs -DCMAKE_INSTALL_PREFIX=/home/ubuntu/ariac_ws/install/ariac_msgs
[3.059s] DEBUG:colcon.colcon_core.event_handler.log_command:Invoking command in '/home/ubuntu/ariac_ws/build/ariac_msgs': CMAKE_PREFIX_PATH=/opt/ros/galactic /usr/bin/cmake --build /home/ubuntu/ariac_ws/build/ariac_msgs -- -j12 -l12
[26.845s] DEBUG:colcon.colcon_core.event_handler.log_command:Invoked command in '/home/ubuntu/ariac_ws/build/ariac_msgs' returned '0': CMAKE_PREFIX_PATH=/opt/ros/galactic /usr/bin/cmake --build /home/ubuntu/ariac_ws/build/ariac_msgs -- -j12 -l12
[27.563s] DEBUG:colcon.colcon_core.event_handler.log_command:Invoking command in '/home/ubuntu/ariac_ws/build/ariac_msgs': CMAKE_PREFIX_PATH=/opt/ros/galactic /usr/bin/cmake --install /home/ubuntu/ariac_ws/build/ariac_msgs
[27.787s] Level 1:colcon.colcon_core.environment:create_environment_scripts_only(ariac_msgs)
[27.788s] DEBUG:colcon.colcon_core.event_handler.log_command:Invoked command in '/home/ubuntu/ariac_ws/build/ariac_msgs' returned '0': CMAKE_PREFIX_PATH=/opt/ros/galactic /usr/bin/cmake --install /home/ubuntu/ariac_ws/build/ariac_msgs
[27.797s] Level 1:colcon.colcon_core.environment:checking '/home/ubuntu/ariac_ws/install/ariac_msgs' for CMake module files
[27.797s] Level 1:colcon.colcon_core.environment:checking '/home/ubuntu/ariac_ws/install/ariac_msgs' for CMake config files
[27.799s] Level 1:colcon.colcon_core.shell:create_environment_hook('ariac_msgs', 'cmake_prefix_path')
[27.800s] INFO:colcon.colcon_core.shell:Creating environment hook '/home/ubuntu/ariac_ws/install/ariac_msgs/share/ariac_msgs/hook/cmake_prefix_path.ps1'
[27.802s] INFO:colcon.colcon_core.shell:Creating environment descriptor '/home/ubuntu/ariac_ws/install/ariac_msgs/share/ariac_msgs/hook/cmake_prefix_path.dsv'
[27.802s] INFO:colcon.colcon_core.shell:Creating environment hook '/home/ubuntu/ariac_ws/install/ariac_msgs/share/ariac_msgs/hook/cmake_prefix_path.sh'
[27.804s] Level 1:colcon.colcon_core.environment:checking '/home/ubuntu/ariac_ws/install/ariac_msgs/lib'
[27.804s] Level 1:colcon.colcon_core.shell:create_environment_hook('ariac_msgs', 'ld_library_path_lib')
[27.805s] INFO:colcon.colcon_core.shell:Creating environment hook '/home/ubuntu/ariac_ws/install/ariac_msgs/share/ariac_msgs/hook/ld_library_path_lib.ps1'
[27.806s] INFO:colcon.colcon_core.shell:Creating environment descriptor '/home/ubuntu/ariac_ws/install/ariac_msgs/share/ariac_msgs/hook/ld_library_path_lib.dsv'
[27.806s] INFO:colcon.colcon_core.shell:Creating environment hook '/home/ubuntu/ariac_ws/install/ariac_msgs/share/ariac_msgs/hook/ld_library_path_lib.sh'
[27.806s] Level 1:colcon.colcon_core.environment:checking '/home/ubuntu/ariac_ws/install/ariac_msgs/bin'
[27.806s] Level 1:colcon.colcon_core.environment:checking '/home/ubuntu/ariac_ws/install/ariac_msgs/lib/pkgconfig/ariac_msgs.pc'
[27.807s] Level 1:colcon.colcon_core.environment:checking '/home/ubuntu/ariac_ws/install/ariac_msgs/lib/python3.8/site-packages'
[27.807s] Level 1:colcon.colcon_core.shell:create_environment_hook('ariac_msgs', 'pythonpath')
[27.808s] INFO:colcon.colcon_core.shell:Creating environment hook '/home/ubuntu/ariac_ws/install/ariac_msgs/share/ariac_msgs/hook/pythonpath.ps1'
[27.808s] INFO:colcon.colcon_core.shell:Creating environment descriptor '/home/ubuntu/ariac_ws/install/ariac_msgs/share/ariac_msgs/hook/pythonpath.dsv'
[27.808s] INFO:colcon.colcon_core.shell:Creating environment hook '/home/ubuntu/ariac_ws/install/ariac_msgs/share/ariac_msgs/hook/pythonpath.sh'
[27.809s] Level 1:colcon.colcon_core.environment:checking '/home/ubuntu/ariac_ws/install/ariac_msgs/bin'
[27.810s] INFO:colcon.colcon_core.shell:Creating package script '/home/ubuntu/ariac_ws/install/ariac_msgs/share/ariac_msgs/package.ps1'
[27.812s] INFO:colcon.colcon_core.shell:Creating package descriptor '/home/ubuntu/ariac_ws/install/ariac_msgs/share/ariac_msgs/package.dsv'
[27.813s] INFO:colcon.colcon_core.shell:Creating package script '/home/ubuntu/ariac_ws/install/ariac_msgs/share/ariac_msgs/package.sh'
[27.814s] INFO:colcon.colcon_core.shell:Creating package script '/home/ubuntu/ariac_ws/install/ariac_msgs/share/ariac_msgs/package.bash'
[27.815s] INFO:colcon.colcon_core.shell:Creating package script '/home/ubuntu/ariac_ws/install/ariac_msgs/share/ariac_msgs/package.zsh'
[27.816s] Level 1:colcon.colcon_core.environment:create_file_with_runtime_dependencies(/home/ubuntu/ariac_ws/install/ariac_msgs/share/colcon-core/packages/ariac_msgs)
[28.917s] Level 1:colcon.colcon_core.environment:create_environment_scripts_only(ariac_msgs)
[28.926s] Level 1:colcon.colcon_core.environment:checking '/home/ubuntu/ariac_ws/install/ariac_msgs' for CMake module files
[28.931s] Level 1:colcon.colcon_core.environment:checking '/home/ubuntu/ariac_ws/install/ariac_msgs' for CMake config files
[28.936s] Level 1:colcon.colcon_core.shell:create_environment_hook('ariac_msgs', 'cmake_prefix_path')
[28.943s] INFO:colcon.colcon_core.shell:Creating environment hook '/home/ubuntu/ariac_ws/install/ariac_msgs/share/ariac_msgs/hook/cmake_prefix_path.ps1'
[28.944s] INFO:colcon.colcon_core.shell:Creating environment descriptor '/home/ubuntu/ariac_ws/install/ariac_msgs/share/ariac_msgs/hook/cmake_prefix_path.dsv'
[28.946s] INFO:colcon.colcon_core.shell:Creating environment hook '/home/ubuntu/ariac_ws/install/ariac_msgs/share/ariac_msgs/hook/cmake_prefix_path.sh'
[28.948s] Level 1:colcon.colcon_core.environment:checking '/home/ubuntu/ariac_ws/install/ariac_msgs/lib'
[28.948s] Level 1:colcon.colcon_core.shell:create_environment_hook('ariac_msgs', 'ld_library_path_lib')
[28.954s] INFO:colcon.colcon_core.shell:Creating environment hook '/home/ubuntu/ariac_ws/install/ariac_msgs/share/ariac_msgs/hook/ld_library_path_lib.ps1'
[28.955s] INFO:colcon.colcon_core.shell:Creating environment descriptor '/home/ubuntu/ariac_ws/install/ariac_msgs/share/ariac_msgs/hook/ld_library_path_lib.dsv'
[28.956s] INFO:colcon.colcon_core.shell:Creating environment hook '/home/ubuntu/ariac_ws/install/ariac_msgs/share/ariac_msgs/hook/ld_library_path_lib.sh'
[28.958s] Level 1:colcon.colcon_core.environment:checking '/home/ubuntu/ariac_ws/install/ariac_msgs/bin'
[28.958s] Level 1:colcon.colcon_core.environment:checking '/home/ubuntu/ariac_ws/install/ariac_msgs/lib/pkgconfig/ariac_msgs.pc'
[28.959s] Level 1:colcon.colcon_core.environment:checking '/home/ubuntu/ariac_ws/install/ariac_msgs/lib/python3.8/site-packages'
[28.959s] Level 1:colcon.colcon_core.shell:create_environment_hook('ariac_msgs', 'pythonpath')
[28.965s] INFO:colcon.colcon_core.shell:Creating environment hook '/home/ubuntu/ariac_ws/install/ariac_msgs/share/ariac_msgs/hook/pythonpath.ps1'
[28.966s] INFO:colcon.colcon_core.shell:Creating environment descriptor '/home/ubuntu/ariac_ws/install/ariac_msgs/share/ariac_msgs/hook/pythonpath.dsv'
[28.968s] INFO:colcon.colcon_core.shell:Creating environment hook '/home/ubuntu/ariac_ws/install/ariac_msgs/share/ariac_msgs/hook/pythonpath.sh'
[28.969s] Level 1:colcon.colcon_core.environment:checking '/home/ubuntu/ariac_ws/install/ariac_msgs/bin'
[28.975s] INFO:colcon.colcon_core.shell:Creating package script '/home/ubuntu/ariac_ws/install/ariac_msgs/share/ariac_msgs/package.ps1'
[28.978s] INFO:colcon.colcon_core.shell:Creating package descriptor '/home/ubuntu/ariac_ws/install/ariac_msgs/share/ariac_msgs/package.dsv'
[28.980s] INFO:colcon.colcon_core.shell:Creating package script '/home/ubuntu/ariac_ws/install/ariac_msgs/share/ariac_msgs/package.sh'
[28.982s] INFO:colcon.colcon_core.shell:Creating package script '/home/ubuntu/ariac_ws/install/ariac_msgs/share/ariac_msgs/package.bash'
[28.983s] INFO:colcon.colcon_core.shell:Creating package script '/home/ubuntu/ariac_ws/install/ariac_msgs/share/ariac_msgs/package.zsh'
[28.984s] Level 1:colcon.colcon_core.environment:create_file_with_runtime_dependencies(/home/ubuntu/ariac_ws/install/ariac_msgs/share/colcon-core/packages/ariac_msgs)
[28.986s] DEBUG:colcon.colcon_parallel_executor.executor.parallel:closing loop
[28.986s] DEBUG:colcon.colcon_parallel_executor.executor.parallel:loop closed
[28.987s] DEBUG:colcon.colcon_parallel_executor.executor.parallel:run_until_complete finished with '0'
[28.987s] DEBUG:colcon.colcon_core.event_reactor:joining thread
[29.040s] INFO:colcon.colcon_core.plugin_system:Skipping extension 'colcon_notification.desktop_notification.notify_send': Could not find 'notify-send'
[29.040s] INFO:colcon.colcon_core.plugin_system:Skipping extension 'colcon_notification.desktop_notification.terminal_notifier': Not used on non-Darwin systems
[29.040s] INFO:colcon.colcon_core.plugin_system:Skipping extension 'colcon_notification.desktop_notification.win32': Not used on non-Windows systems
[29.041s] INFO:colcon.colcon_notification.desktop_notification:Sending desktop notification using 'notify2'
[29.041s] DEBUG:colcon.colcon_notification.desktop_notification.notify2:Failed to initialize notify2: org.freedesktop.DBus.Error.NotSupported: Unable to autolaunch a dbus-daemon without a $DISPLAY for X11
[29.041s] DEBUG:colcon.colcon_core.event_reactor:joined thread
[29.047s] INFO:colcon.colcon_core.shell:Creating prefix script '/home/ubuntu/ariac_ws/install/local_setup.ps1'
[29.052s] INFO:colcon.colcon_core.shell:Creating prefix util module '/home/ubuntu/ariac_ws/install/_local_setup_util_ps1.py'
[29.060s] INFO:colcon.colcon_core.shell:Creating prefix chain script '/home/ubuntu/ariac_ws/install/setup.ps1'
[29.066s] INFO:colcon.colcon_core.shell:Creating prefix script '/home/ubuntu/ariac_ws/install/local_setup.sh'
[29.070s] INFO:colcon.colcon_core.shell:Creating prefix util module '/home/ubuntu/ariac_ws/install/_local_setup_util_sh.py'
[29.072s] INFO:colcon.colcon_core.shell:Creating prefix chain script '/home/ubuntu/ariac_ws/install/setup.sh'
[29.077s] INFO:colcon.colcon_core.shell:Creating prefix script '/home/ubuntu/ariac_ws/install/local_setup.bash'
[29.081s] INFO:colcon.colcon_core.shell:Creating prefix chain script '/home/ubuntu/ariac_ws/install/setup.bash'
[29.086s] INFO:colcon.colcon_core.shell:Creating prefix script '/home/ubuntu/ariac_ws/install/local_setup.zsh'
[29.090s] INFO:colcon.colcon_core.shell:Creating prefix chain script '/home/ubuntu/ariac_ws/install/setup.zsh'
