[0.583s] Invoking command in '/home/ubuntu/ariac_ws/src/ariac_gui': PYTHONPATH=/home/ubuntu/ariac_ws/build/ariac_gui/prefix_override:/home/ubuntu/ariac_ws/install/ariac_gui/lib/python3.8/site-packages:/home/ubuntu/ariac_ws/install/ariac_msgs/lib/python3.8/site-packages:/home/ubuntu/ariac_ws/install/py_pubsub/lib/python3.8/site-packages:/home/ubuntu/ariac_ws/install/ariac_gui/lib/python3.8/site-packages:/opt/ros/galactic/lib/python3.8/site-packages /usr/bin/python3 setup.py egg_info --egg-base ../../build/ariac_gui build --build-base /home/ubuntu/ariac_ws/build/ariac_gui/build install --record /home/ubuntu/ariac_ws/build/ariac_gui/install.log --single-version-externally-managed
[0.801s] running egg_info
[0.802s] writing ../../build/ariac_gui/ariac_gui.egg-info/PKG-INFO
[0.802s] writing dependency_links to ../../build/ariac_gui/ariac_gui.egg-info/dependency_links.txt
[0.803s] writing entry points to ../../build/ariac_gui/ariac_gui.egg-info/entry_points.txt
[0.803s] writing requirements to ../../build/ariac_gui/ariac_gui.egg-info/requires.txt
[0.803s] writing top-level names to ../../build/ariac_gui/ariac_gui.egg-info/top_level.txt
[0.834s] reading manifest file '../../build/ariac_gui/ariac_gui.egg-info/SOURCES.txt'
[0.835s] writing manifest file '../../build/ariac_gui/ariac_gui.egg-info/SOURCES.txt'
[0.835s] running build
[0.835s] running build_py
[0.836s] copying ariac_gui/addNewBin.py -> /home/ubuntu/ariac_ws/build/ariac_gui/build/lib/ariac_gui
[0.836s] copying ariac_gui/addConvPart.py -> /home/ubuntu/ariac_ws/build/ariac_gui/build/lib/ariac_gui
[0.837s] running install
[0.838s] running install_lib
[0.839s] copying /home/ubuntu/ariac_ws/build/ariac_gui/build/lib/ariac_gui/addNewBin.py -> /home/ubuntu/ariac_ws/install/ariac_gui/lib/python3.8/site-packages/ariac_gui
[0.839s] copying /home/ubuntu/ariac_ws/build/ariac_gui/build/lib/ariac_gui/addConvPart.py -> /home/ubuntu/ariac_ws/install/ariac_gui/lib/python3.8/site-packages/ariac_gui
[0.840s] byte-compiling /home/ubuntu/ariac_ws/install/ariac_gui/lib/python3.8/site-packages/ariac_gui/addNewBin.py to addNewBin.cpython-38.pyc
[0.844s] byte-compiling /home/ubuntu/ariac_ws/install/ariac_gui/lib/python3.8/site-packages/ariac_gui/addConvPart.py to addConvPart.cpython-38.pyc
[0.845s] running install_data
[0.846s] running install_egg_info
[0.847s] removing '/home/ubuntu/ariac_ws/install/ariac_gui/lib/python3.8/site-packages/ariac_gui-0.0.0-py3.8.egg-info' (and everything under it)
[0.848s] Copying ../../build/ariac_gui/ariac_gui.egg-info to /home/ubuntu/ariac_ws/install/ariac_gui/lib/python3.8/site-packages/ariac_gui-0.0.0-py3.8.egg-info
[0.849s] running install_scripts
[0.865s] Installing gui script to /home/ubuntu/ariac_ws/install/ariac_gui/lib/ariac_gui
[0.865s] writing list of installed files to '/home/ubuntu/ariac_ws/build/ariac_gui/install.log'
[0.883s] Invoked command in '/home/ubuntu/ariac_ws/src/ariac_gui' returned '0': PYTHONPATH=/home/ubuntu/ariac_ws/build/ariac_gui/prefix_override:/home/ubuntu/ariac_ws/install/ariac_gui/lib/python3.8/site-packages:/home/ubuntu/ariac_ws/install/ariac_msgs/lib/python3.8/site-packages:/home/ubuntu/ariac_ws/install/py_pubsub/lib/python3.8/site-packages:/home/ubuntu/ariac_ws/install/ariac_gui/lib/python3.8/site-packages:/opt/ros/galactic/lib/python3.8/site-packages /usr/bin/python3 setup.py egg_info --egg-base ../../build/ariac_gui build --build-base /home/ubuntu/ariac_ws/build/ariac_gui/build install --record /home/ubuntu/ariac_ws/build/ariac_gui/install.log --single-version-externally-managed
