running egg_info
creating ../../build/ariac_gui/ariac_gui.egg-info
writing ../../build/ariac_gui/ariac_gui.egg-info/PKG-INFO
writing dependency_links to ../../build/ariac_gui/ariac_gui.egg-info/dependency_links.txt
writing entry points to ../../build/ariac_gui/ariac_gui.egg-info/entry_points.txt
writing requirements to ../../build/ariac_gui/ariac_gui.egg-info/requires.txt
writing top-level names to ../../build/ariac_gui/ariac_gui.egg-info/top_level.txt
writing manifest file '../../build/ariac_gui/ariac_gui.egg-info/SOURCES.txt'
reading manifest file '../../build/ariac_gui/ariac_gui.egg-info/SOURCES.txt'
writing manifest file '../../build/ariac_gui/ariac_gui.egg-info/SOURCES.txt'
running build
running build_py
creating /home/ubuntu/ariac_ws/build/ariac_gui/build
creating /home/ubuntu/ariac_ws/build/ariac_gui/build/lib
creating /home/ubuntu/ariac_ws/build/ariac_gui/build/lib/ariac_gui
copying ariac_gui/gui_node.py -> /home/ubuntu/ariac_ws/build/ariac_gui/build/lib/ariac_gui
copying ariac_gui/__init__.py -> /home/ubuntu/ariac_ws/build/ariac_gui/build/lib/ariac_gui
running install
running install_lib
creating /home/ubuntu/ariac_ws/install/ariac_gui/lib/python3.8/site-packages/ariac_gui
copying /home/ubuntu/ariac_ws/build/ariac_gui/build/lib/ariac_gui/gui_node.py -> /home/ubuntu/ariac_ws/install/ariac_gui/lib/python3.8/site-packages/ariac_gui
copying /home/ubuntu/ariac_ws/build/ariac_gui/build/lib/ariac_gui/__init__.py -> /home/ubuntu/ariac_ws/install/ariac_gui/lib/python3.8/site-packages/ariac_gui
byte-compiling /home/ubuntu/ariac_ws/install/ariac_gui/lib/python3.8/site-packages/ariac_gui/gui_node.py to gui_node.cpython-38.pyc
byte-compiling /home/ubuntu/ariac_ws/install/ariac_gui/lib/python3.8/site-packages/ariac_gui/__init__.py to __init__.cpython-38.pyc
running install_data
warning: install_data: setup script did not provide a directory for 'share/ament_index/resource_index/packages' -- installing right in '/home/ubuntu/ariac_ws/install/ariac_gui'

error: can't copy 'share/ament_index/resource_index/packages': doesn't exist or not a regular file
