[0.600s] Invoking command in '/home/ubuntu/ariac_ws/src/ariac_gui': PYTHONPATH=/home/ubuntu/ariac_ws/build/ariac_gui/prefix_override:/home/ubuntu/ariac_ws/install/ariac_gui/lib/python3.8/site-packages:/home/ubuntu/ariac_ws/install/ariac_msgs/lib/python3.8/site-packages:/home/ubuntu/ariac_ws/install/py_pubsub/lib/python3.8/site-packages:/opt/ros/galactic/lib/python3.8/site-packages /usr/bin/python3 setup.py egg_info --egg-base ../../build/ariac_gui build --build-base /home/ubuntu/ariac_ws/build/ariac_gui/build install --record /home/ubuntu/ariac_ws/build/ariac_gui/install.log --single-version-externally-managed
[0.800s] running egg_info
[0.800s] creating ../../build/ariac_gui/ariac_gui.egg-info
[0.800s] writing ../../build/ariac_gui/ariac_gui.egg-info/PKG-INFO
[0.801s] writing dependency_links to ../../build/ariac_gui/ariac_gui.egg-info/dependency_links.txt
[0.801s] writing entry points to ../../build/ariac_gui/ariac_gui.egg-info/entry_points.txt
[0.801s] writing requirements to ../../build/ariac_gui/ariac_gui.egg-info/requires.txt
[0.801s] writing top-level names to ../../build/ariac_gui/ariac_gui.egg-info/top_level.txt
[0.802s] writing manifest file '../../build/ariac_gui/ariac_gui.egg-info/SOURCES.txt'
[0.833s] reading manifest file '../../build/ariac_gui/ariac_gui.egg-info/SOURCES.txt'
[0.834s] writing manifest file '../../build/ariac_gui/ariac_gui.egg-info/SOURCES.txt'
[0.835s] running build
[0.835s] running build_py
[0.835s] creating /home/ubuntu/ariac_ws/build/ariac_gui/build
[0.836s] creating /home/ubuntu/ariac_ws/build/ariac_gui/build/lib
[0.836s] creating /home/ubuntu/ariac_ws/build/ariac_gui/build/lib/ariac_gui
[0.836s] copying ariac_gui/gui_node.py -> /home/ubuntu/ariac_ws/build/ariac_gui/build/lib/ariac_gui
[0.836s] copying ariac_gui/__init__.py -> /home/ubuntu/ariac_ws/build/ariac_gui/build/lib/ariac_gui
[0.836s] running install
[0.837s] running install_lib
[0.838s] creating /home/ubuntu/ariac_ws/install/ariac_gui/lib/python3.8/site-packages/ariac_gui
[0.838s] copying /home/ubuntu/ariac_ws/build/ariac_gui/build/lib/ariac_gui/gui_node.py -> /home/ubuntu/ariac_ws/install/ariac_gui/lib/python3.8/site-packages/ariac_gui
[0.839s] copying /home/ubuntu/ariac_ws/build/ariac_gui/build/lib/ariac_gui/__init__.py -> /home/ubuntu/ariac_ws/install/ariac_gui/lib/python3.8/site-packages/ariac_gui
[0.839s] byte-compiling /home/ubuntu/ariac_ws/install/ariac_gui/lib/python3.8/site-packages/ariac_gui/gui_node.py to gui_node.cpython-38.pyc
[0.841s] byte-compiling /home/ubuntu/ariac_ws/install/ariac_gui/lib/python3.8/site-packages/ariac_gui/__init__.py to __init__.cpython-38.pyc
[0.841s] running install_data
[0.841s] warning: install_data: setup script did not provide a directory for 'share/ament_index/resource_index/packages' -- installing right in '/home/ubuntu/ariac_ws/install/ariac_gui'
[0.841s] 
[0.842s] error: can't copy 'share/ament_index/resource_index/packages': doesn't exist or not a regular file
[0.856s] Invoked command in '/home/ubuntu/ariac_ws/src/ariac_gui' returned '1': PYTHONPATH=/home/ubuntu/ariac_ws/build/ariac_gui/prefix_override:/home/ubuntu/ariac_ws/install/ariac_gui/lib/python3.8/site-packages:/home/ubuntu/ariac_ws/install/ariac_msgs/lib/python3.8/site-packages:/home/ubuntu/ariac_ws/install/py_pubsub/lib/python3.8/site-packages:/opt/ros/galactic/lib/python3.8/site-packages /usr/bin/python3 setup.py egg_info --egg-base ../../build/ariac_gui build --build-base /home/ubuntu/ariac_ws/build/ariac_gui/build install --record /home/ubuntu/ariac_ws/build/ariac_gui/install.log --single-version-externally-managed
