running egg_info
writing ../../build/ariac_gui/ariac_gui.egg-info/PKG-INFO
writing dependency_links to ../../build/ariac_gui/ariac_gui.egg-info/dependency_links.txt
writing entry points to ../../build/ariac_gui/ariac_gui.egg-info/entry_points.txt
writing requirements to ../../build/ariac_gui/ariac_gui.egg-info/requires.txt
writing top-level names to ../../build/ariac_gui/ariac_gui.egg-info/top_level.txt
reading manifest file '../../build/ariac_gui/ariac_gui.egg-info/SOURCES.txt'
writing manifest file '../../build/ariac_gui/ariac_gui.egg-info/SOURCES.txt'
running build
running build_py
copying ariac_gui/addPartFunc.py -> /home/ubuntu/ariac_ws/build/ariac_gui/build/lib/ariac_gui
running install
running install_lib
copying /home/ubuntu/ariac_ws/build/ariac_gui/build/lib/ariac_gui/addPartFunc.py -> /home/ubuntu/ariac_ws/install/ariac_gui/lib/python3.8/site-packages/ariac_gui
byte-compiling /home/ubuntu/ariac_ws/install/ariac_gui/lib/python3.8/site-packages/ariac_gui/addPartFunc.py to addPartFunc.cpython-38.pyc
running install_data
running install_egg_info
removing '/home/ubuntu/ariac_ws/install/ariac_gui/lib/python3.8/site-packages/ariac_gui-0.0.0-py3.8.egg-info' (and everything under it)
Copying ../../build/ariac_gui/ariac_gui.egg-info to /home/ubuntu/ariac_ws/install/ariac_gui/lib/python3.8/site-packages/ariac_gui-0.0.0-py3.8.egg-info
running install_scripts
Installing gui script to /home/ubuntu/ariac_ws/install/ariac_gui/lib/ariac_gui
writing list of installed files to '/home/ubuntu/ariac_ws/build/ariac_gui/install.log'
