[0.528s] Invoking command in '/home/ubuntu/ariac_ws/src/ariac_gui': AMENT_PREFIX_PATH=/home/ubuntu/ariac_ws/install/ariac_msgs CMAKE_PREFIX_PATH=/home/ubuntu/ariac_ws/install/ariac_msgs LD_LIBRARY_PATH=/home/ubuntu/ariac_ws/install/ariac_msgs/lib PYTHONPATH=/home/ubuntu/ariac_ws/build/ariac_gui/prefix_override:/home/ubuntu/ariac_ws/install/ariac_gui/lib/python3.8/site-packages:/home/ubuntu/ariac_ws/install/ariac_msgs/lib/python3.8/site-packages /usr/bin/python3 setup.py egg_info --egg-base ../../build/ariac_gui build --build-base /home/ubuntu/ariac_ws/build/ariac_gui/build install --record /home/ubuntu/ariac_ws/build/ariac_gui/install.log --single-version-externally-managed
[0.690s] running egg_info
[0.690s] writing ../../build/ariac_gui/ariac_gui.egg-info/PKG-INFO
[0.691s] writing dependency_links to ../../build/ariac_gui/ariac_gui.egg-info/dependency_links.txt
[0.691s] writing entry points to ../../build/ariac_gui/ariac_gui.egg-info/entry_points.txt
[0.691s] writing requirements to ../../build/ariac_gui/ariac_gui.egg-info/requires.txt
[0.691s] writing top-level names to ../../build/ariac_gui/ariac_gui.egg-info/top_level.txt
[0.723s] reading manifest file '../../build/ariac_gui/ariac_gui.egg-info/SOURCES.txt'
[0.724s] writing manifest file '../../build/ariac_gui/ariac_gui.egg-info/SOURCES.txt'
[0.724s] running build
[0.724s] running build_py
[0.724s] copying ariac_gui/addPartFunc.py -> /home/ubuntu/ariac_ws/build/ariac_gui/build/lib/ariac_gui
[0.725s] running install
[0.726s] running install_lib
[0.727s] copying /home/ubuntu/ariac_ws/build/ariac_gui/build/lib/ariac_gui/addPartFunc.py -> /home/ubuntu/ariac_ws/install/ariac_gui/lib/python3.8/site-packages/ariac_gui
[0.728s] byte-compiling /home/ubuntu/ariac_ws/install/ariac_gui/lib/python3.8/site-packages/ariac_gui/addPartFunc.py to addPartFunc.cpython-38.pyc
[0.730s] running install_data
[0.730s] running install_egg_info
[0.731s] removing '/home/ubuntu/ariac_ws/install/ariac_gui/lib/python3.8/site-packages/ariac_gui-0.0.0-py3.8.egg-info' (and everything under it)
[0.731s] Copying ../../build/ariac_gui/ariac_gui.egg-info to /home/ubuntu/ariac_ws/install/ariac_gui/lib/python3.8/site-packages/ariac_gui-0.0.0-py3.8.egg-info
[0.732s] running install_scripts
[0.746s] Installing gui script to /home/ubuntu/ariac_ws/install/ariac_gui/lib/ariac_gui
[0.747s] writing list of installed files to '/home/ubuntu/ariac_ws/build/ariac_gui/install.log'
[0.764s] Invoked command in '/home/ubuntu/ariac_ws/src/ariac_gui' returned '0': AMENT_PREFIX_PATH=/home/ubuntu/ariac_ws/install/ariac_msgs CMAKE_PREFIX_PATH=/home/ubuntu/ariac_ws/install/ariac_msgs LD_LIBRARY_PATH=/home/ubuntu/ariac_ws/install/ariac_msgs/lib PYTHONPATH=/home/ubuntu/ariac_ws/build/ariac_gui/prefix_override:/home/ubuntu/ariac_ws/install/ariac_gui/lib/python3.8/site-packages:/home/ubuntu/ariac_ws/install/ariac_msgs/lib/python3.8/site-packages /usr/bin/python3 setup.py egg_info --egg-base ../../build/ariac_gui build --build-base /home/ubuntu/ariac_ws/build/ariac_gui/build install --record /home/ubuntu/ariac_ws/build/ariac_gui/install.log --single-version-externally-managed
