[0.500s] Invoking command in '/home/ubuntu/ariac_ws/src/ariac_gui': AMENT_PREFIX_PATH=/home/ubuntu/ariac_ws/install/ariac_msgs CMAKE_PREFIX_PATH=/home/ubuntu/ariac_ws/install/ariac_msgs LD_LIBRARY_PATH=/home/ubuntu/ariac_ws/install/ariac_msgs/lib PYTHONPATH=/home/ubuntu/ariac_ws/build/ariac_gui/prefix_override:/home/ubuntu/ariac_ws/install/ariac_gui/lib/python3.8/site-packages:/home/ubuntu/ariac_ws/install/ariac_msgs/lib/python3.8/site-packages /usr/bin/python3 setup.py egg_info --egg-base ../../build/ariac_gui build --build-base /home/ubuntu/ariac_ws/build/ariac_gui/build install --record /home/ubuntu/ariac_ws/build/ariac_gui/install.log --single-version-externally-managed
[0.659s] running egg_info
[0.660s] writing ../../build/ariac_gui/ariac_gui.egg-info/PKG-INFO
[0.660s] writing dependency_links to ../../build/ariac_gui/ariac_gui.egg-info/dependency_links.txt
[0.660s] writing entry points to ../../build/ariac_gui/ariac_gui.egg-info/entry_points.txt
[0.660s] writing requirements to ../../build/ariac_gui/ariac_gui.egg-info/requires.txt
[0.661s] writing top-level names to ../../build/ariac_gui/ariac_gui.egg-info/top_level.txt
[0.694s] reading manifest file '../../build/ariac_gui/ariac_gui.egg-info/SOURCES.txt'
[0.695s] writing manifest file '../../build/ariac_gui/ariac_gui.egg-info/SOURCES.txt'
[0.696s] running build
[0.696s] running build_py
[0.696s] copying ariac_gui/newGui.py -> /home/ubuntu/ariac_ws/build/ariac_gui/build/lib/ariac_gui
[0.696s] running install
[0.697s] running install_lib
[0.698s] copying /home/ubuntu/ariac_ws/build/ariac_gui/build/lib/ariac_gui/newGui.py -> /home/ubuntu/ariac_ws/install/ariac_gui/lib/python3.8/site-packages/ariac_gui
[0.699s] byte-compiling /home/ubuntu/ariac_ws/install/ariac_gui/lib/python3.8/site-packages/ariac_gui/newGui.py to newGui.cpython-38.pyc
[0.703s] running install_data
[0.704s] running install_egg_info
[0.705s] removing '/home/ubuntu/ariac_ws/install/ariac_gui/lib/python3.8/site-packages/ariac_gui-0.0.0-py3.8.egg-info' (and everything under it)
[0.705s] Copying ../../build/ariac_gui/ariac_gui.egg-info to /home/ubuntu/ariac_ws/install/ariac_gui/lib/python3.8/site-packages/ariac_gui-0.0.0-py3.8.egg-info
[0.706s] running install_scripts
[0.721s] Installing gui script to /home/ubuntu/ariac_ws/install/ariac_gui/lib/ariac_gui
[0.721s] writing list of installed files to '/home/ubuntu/ariac_ws/build/ariac_gui/install.log'
[0.738s] Invoked command in '/home/ubuntu/ariac_ws/src/ariac_gui' returned '0': AMENT_PREFIX_PATH=/home/ubuntu/ariac_ws/install/ariac_msgs CMAKE_PREFIX_PATH=/home/ubuntu/ariac_ws/install/ariac_msgs LD_LIBRARY_PATH=/home/ubuntu/ariac_ws/install/ariac_msgs/lib PYTHONPATH=/home/ubuntu/ariac_ws/build/ariac_gui/prefix_override:/home/ubuntu/ariac_ws/install/ariac_gui/lib/python3.8/site-packages:/home/ubuntu/ariac_ws/install/ariac_msgs/lib/python3.8/site-packages /usr/bin/python3 setup.py egg_info --egg-base ../../build/ariac_gui build --build-base /home/ubuntu/ariac_ws/build/ariac_gui/build install --record /home/ubuntu/ariac_ws/build/ariac_gui/install.log --single-version-externally-managed
