[0.685s] Invoking command in '/home/ubuntu/ariac_ws/src/main_pubsub': PYTHONPATH=/home/ubuntu/ariac_ws/build/py_pubsub/prefix_override:/home/ubuntu/ariac_ws/install/py_pubsub/lib/python3.8/site-packages:${PYTHONPATH} /usr/bin/python3 setup.py egg_info --egg-base ../../build/py_pubsub build --build-base /home/ubuntu/ariac_ws/build/py_pubsub/build install --record /home/ubuntu/ariac_ws/build/py_pubsub/install.log --single-version-externally-managed
[0.898s] running egg_info
[0.900s] writing ../../build/py_pubsub/py_pubsub.egg-info/PKG-INFO
[0.900s] writing dependency_links to ../../build/py_pubsub/py_pubsub.egg-info/dependency_links.txt
[0.900s] writing entry points to ../../build/py_pubsub/py_pubsub.egg-info/entry_points.txt
[0.901s] writing requirements to ../../build/py_pubsub/py_pubsub.egg-info/requires.txt
[0.901s] writing top-level names to ../../build/py_pubsub/py_pubsub.egg-info/top_level.txt
[0.935s] reading manifest file '../../build/py_pubsub/py_pubsub.egg-info/SOURCES.txt'
[0.936s] writing manifest file '../../build/py_pubsub/py_pubsub.egg-info/SOURCES.txt'
[0.936s] running build
[0.936s] running build_py
[0.937s] copying py_pubsub/publisher_member_function.py -> /home/ubuntu/ariac_ws/build/py_pubsub/build/lib/py_pubsub
[0.937s] running install
[0.937s] running install_lib
[0.938s] copying /home/ubuntu/ariac_ws/build/py_pubsub/build/lib/py_pubsub/publisher_member_function.py -> /home/ubuntu/ariac_ws/install/py_pubsub/lib/python3.8/site-packages/py_pubsub
[0.938s] byte-compiling /home/ubuntu/ariac_ws/install/py_pubsub/lib/python3.8/site-packages/py_pubsub/publisher_member_function.py to publisher_member_function.cpython-38.pyc
[0.940s] running install_data
[0.940s] running install_egg_info
[0.942s] removing '/home/ubuntu/ariac_ws/install/py_pubsub/lib/python3.8/site-packages/py_pubsub-0.0.0-py3.8.egg-info' (and everything under it)
[0.943s] Copying ../../build/py_pubsub/py_pubsub.egg-info to /home/ubuntu/ariac_ws/install/py_pubsub/lib/python3.8/site-packages/py_pubsub-0.0.0-py3.8.egg-info
[0.944s] running install_scripts
[0.960s] Installing listener script to /home/ubuntu/ariac_ws/install/py_pubsub/lib/py_pubsub
[0.961s] Installing talker script to /home/ubuntu/ariac_ws/install/py_pubsub/lib/py_pubsub
[0.961s] writing list of installed files to '/home/ubuntu/ariac_ws/build/py_pubsub/install.log'
[0.982s] Invoked command in '/home/ubuntu/ariac_ws/src/main_pubsub' returned '0': PYTHONPATH=/home/ubuntu/ariac_ws/build/py_pubsub/prefix_override:/home/ubuntu/ariac_ws/install/py_pubsub/lib/python3.8/site-packages:${PYTHONPATH} /usr/bin/python3 setup.py egg_info --egg-base ../../build/py_pubsub build --build-base /home/ubuntu/ariac_ws/build/py_pubsub/build install --record /home/ubuntu/ariac_ws/build/py_pubsub/install.log --single-version-externally-managed
