[0.597s] Invoking command in '/home/ubuntu/ariac_ws/src/ariac_gui': PYTHONPATH=/home/ubuntu/ariac_ws/build/ariac_gui/prefix_override:/home/ubuntu/ariac_ws/install/ariac_gui/lib/python3.8/site-packages:/home/ubuntu/ariac_ws/install/ariac_msgs/lib/python3.8/site-packages:/home/ubuntu/ariac_ws/install/py_pubsub/lib/python3.8/site-packages:/home/ubuntu/ariac_ws/install/ariac_gui/lib/python3.8/site-packages:/opt/ros/galactic/lib/python3.8/site-packages /usr/bin/python3 setup.py egg_info --egg-base ../../build/ariac_gui build --build-base /home/ubuntu/ariac_ws/build/ariac_gui/build install --record /home/ubuntu/ariac_ws/build/ariac_gui/install.log --single-version-externally-managed
[0.801s] running egg_info
[0.801s] writing ../../build/ariac_gui/ariac_gui.egg-info/PKG-INFO
[0.801s] writing dependency_links to ../../build/ariac_gui/ariac_gui.egg-info/dependency_links.txt
[0.802s] writing entry points to ../../build/ariac_gui/ariac_gui.egg-info/entry_points.txt
[0.802s] writing requirements to ../../build/ariac_gui/ariac_gui.egg-info/requires.txt
[0.802s] writing top-level names to ../../build/ariac_gui/ariac_gui.egg-info/top_level.txt
[0.835s] reading manifest file '../../build/ariac_gui/ariac_gui.egg-info/SOURCES.txt'
[0.835s] writing manifest file '../../build/ariac_gui/ariac_gui.egg-info/SOURCES.txt'
[0.836s] running build
[0.836s] running build_py
[0.836s] copying ariac_gui/newGui.py -> /home/ubuntu/ariac_ws/build/ariac_gui/build/lib/ariac_gui
[0.836s] running install
[0.837s] running install_lib
[0.838s] copying /home/ubuntu/ariac_ws/build/ariac_gui/build/lib/ariac_gui/newGui.py -> /home/ubuntu/ariac_ws/install/ariac_gui/lib/python3.8/site-packages/ariac_gui
[0.838s] byte-compiling /home/ubuntu/ariac_ws/install/ariac_gui/lib/python3.8/site-packages/ariac_gui/newGui.py to newGui.cpython-38.pyc
[0.839s]   File "/home/ubuntu/ariac_ws/install/ariac_gui/lib/python3.8/site-packages/ariac_gui/newGui.py", line 7
[0.840s]     from ariac_gui/Functions.checkCancel import *
[0.840s]                   ^
[0.840s] SyntaxError: invalid syntax
[0.840s] 
[0.840s] running install_data
[0.840s] running install_egg_info
[0.841s] removing '/home/ubuntu/ariac_ws/install/ariac_gui/lib/python3.8/site-packages/ariac_gui-0.0.0-py3.8.egg-info' (and everything under it)
[0.842s] Copying ../../build/ariac_gui/ariac_gui.egg-info to /home/ubuntu/ariac_ws/install/ariac_gui/lib/python3.8/site-packages/ariac_gui-0.0.0-py3.8.egg-info
[0.843s] running install_scripts
[0.859s] Installing gui script to /home/ubuntu/ariac_ws/install/ariac_gui/lib/ariac_gui
[0.860s] writing list of installed files to '/home/ubuntu/ariac_ws/build/ariac_gui/install.log'
[0.879s] Invoked command in '/home/ubuntu/ariac_ws/src/ariac_gui' returned '0': PYTHONPATH=/home/ubuntu/ariac_ws/build/ariac_gui/prefix_override:/home/ubuntu/ariac_ws/install/ariac_gui/lib/python3.8/site-packages:/home/ubuntu/ariac_ws/install/ariac_msgs/lib/python3.8/site-packages:/home/ubuntu/ariac_ws/install/py_pubsub/lib/python3.8/site-packages:/home/ubuntu/ariac_ws/install/ariac_gui/lib/python3.8/site-packages:/opt/ros/galactic/lib/python3.8/site-packages /usr/bin/python3 setup.py egg_info --egg-base ../../build/ariac_gui build --build-base /home/ubuntu/ariac_ws/build/ariac_gui/build install --record /home/ubuntu/ariac_ws/build/ariac_gui/install.log --single-version-externally-managed
