[0.663s] Invoking command in '/home/ubuntu/ariac_ws/src/main_pubsub': PYTHONPATH=/home/ubuntu/ariac_ws/build/py_pubsub/prefix_override:/home/ubuntu/ariac_ws/install/py_pubsub/lib/python3.8/site-packages:${PYTHONPATH} /usr/bin/python3 setup.py egg_info --egg-base ../../build/py_pubsub build --build-base /home/ubuntu/ariac_ws/build/py_pubsub/build install --record /home/ubuntu/ariac_ws/build/py_pubsub/install.log --single-version-externally-managed
[0.867s] running egg_info
[0.867s] creating ../../build/py_pubsub/py_pubsub.egg-info
[0.868s] writing ../../build/py_pubsub/py_pubsub.egg-info/PKG-INFO
[0.868s] writing dependency_links to ../../build/py_pubsub/py_pubsub.egg-info/dependency_links.txt
[0.869s] writing entry points to ../../build/py_pubsub/py_pubsub.egg-info/entry_points.txt
[0.869s] writing requirements to ../../build/py_pubsub/py_pubsub.egg-info/requires.txt
[0.869s] writing top-level names to ../../build/py_pubsub/py_pubsub.egg-info/top_level.txt
[0.870s] writing manifest file '../../build/py_pubsub/py_pubsub.egg-info/SOURCES.txt'
[0.905s] reading manifest file '../../build/py_pubsub/py_pubsub.egg-info/SOURCES.txt'
[0.906s] writing manifest file '../../build/py_pubsub/py_pubsub.egg-info/SOURCES.txt'
[0.907s] running build
[0.908s] running build_py
[0.908s] creating /home/ubuntu/ariac_ws/build/py_pubsub/build
[0.908s] creating /home/ubuntu/ariac_ws/build/py_pubsub/build/lib
[0.909s] creating /home/ubuntu/ariac_ws/build/py_pubsub/build/lib/py_pubsub
[0.909s] copying py_pubsub/publisher_member_function.py -> /home/ubuntu/ariac_ws/build/py_pubsub/build/lib/py_pubsub
[0.909s] copying py_pubsub/subscriber_member_function.py -> /home/ubuntu/ariac_ws/build/py_pubsub/build/lib/py_pubsub
[0.910s] copying py_pubsub/__init__.py -> /home/ubuntu/ariac_ws/build/py_pubsub/build/lib/py_pubsub
[0.910s] running install
[0.910s] running install_lib
[0.911s] creating /home/ubuntu/ariac_ws/install/py_pubsub/lib/python3.8/site-packages/py_pubsub
[0.911s] copying /home/ubuntu/ariac_ws/build/py_pubsub/build/lib/py_pubsub/publisher_member_function.py -> /home/ubuntu/ariac_ws/install/py_pubsub/lib/python3.8/site-packages/py_pubsub
[0.912s] copying /home/ubuntu/ariac_ws/build/py_pubsub/build/lib/py_pubsub/subscriber_member_function.py -> /home/ubuntu/ariac_ws/install/py_pubsub/lib/python3.8/site-packages/py_pubsub
[0.912s] copying /home/ubuntu/ariac_ws/build/py_pubsub/build/lib/py_pubsub/__init__.py -> /home/ubuntu/ariac_ws/install/py_pubsub/lib/python3.8/site-packages/py_pubsub
[0.912s] byte-compiling /home/ubuntu/ariac_ws/install/py_pubsub/lib/python3.8/site-packages/py_pubsub/publisher_member_function.py to publisher_member_function.cpython-38.pyc
[0.914s] byte-compiling /home/ubuntu/ariac_ws/install/py_pubsub/lib/python3.8/site-packages/py_pubsub/subscriber_member_function.py to subscriber_member_function.cpython-38.pyc
[0.914s] byte-compiling /home/ubuntu/ariac_ws/install/py_pubsub/lib/python3.8/site-packages/py_pubsub/__init__.py to __init__.cpython-38.pyc
[0.914s] running install_data
[0.915s] creating /home/ubuntu/ariac_ws/install/py_pubsub/share/ament_index
[0.915s] creating /home/ubuntu/ariac_ws/install/py_pubsub/share/ament_index/resource_index
[0.915s] creating /home/ubuntu/ariac_ws/install/py_pubsub/share/ament_index/resource_index/packages
[0.916s] copying resource/py_pubsub -> /home/ubuntu/ariac_ws/install/py_pubsub/share/ament_index/resource_index/packages
[0.916s] copying package.xml -> /home/ubuntu/ariac_ws/install/py_pubsub/share/py_pubsub
[0.916s] running install_egg_info
[0.917s] Copying ../../build/py_pubsub/py_pubsub.egg-info to /home/ubuntu/ariac_ws/install/py_pubsub/lib/python3.8/site-packages/py_pubsub-0.0.0-py3.8.egg-info
[0.919s] running install_scripts
[0.934s] Installing listener script to /home/ubuntu/ariac_ws/install/py_pubsub/lib/py_pubsub
[0.935s] Installing talker script to /home/ubuntu/ariac_ws/install/py_pubsub/lib/py_pubsub
[0.935s] writing list of installed files to '/home/ubuntu/ariac_ws/build/py_pubsub/install.log'
[0.967s] Invoked command in '/home/ubuntu/ariac_ws/src/main_pubsub' returned '0': PYTHONPATH=/home/ubuntu/ariac_ws/build/py_pubsub/prefix_override:/home/ubuntu/ariac_ws/install/py_pubsub/lib/python3.8/site-packages:${PYTHONPATH} /usr/bin/python3 setup.py egg_info --egg-base ../../build/py_pubsub build --build-base /home/ubuntu/ariac_ws/build/py_pubsub/build install --record /home/ubuntu/ariac_ws/build/py_pubsub/install.log --single-version-externally-managed
