[0.147s] DEBUG:colcon:Command line arguments: ['/usr/bin/colcon', 'build']
[0.147s] DEBUG:colcon:Parsed command line arguments: Namespace(allow_overriding=[], ament_cmake_args=None, base_paths=['.'], build_base='build', catkin_cmake_args=None, catkin_skip_building_tests=False, cmake_args=None, cmake_clean_cache=False, cmake_clean_first=False, cmake_force_configure=False, cmake_target=None, cmake_target_skip_unavailable=False, continue_on_error=False, event_handlers=None, executor='parallel', ignore_user_meta=False, install_base='install', log_base=None, log_level=None, main=<bound method BuildVerb.main of <colcon_core.verb.build.BuildVerb object at 0x7fb3bb59e430>>, merge_install=False, metas=['./colcon.meta'], packages_above=None, packages_above_and_dependencies=None, packages_above_depth=None, packages_end=None, packages_ignore=None, packages_ignore_regex=None, packages_select=None, packages_select_build_failed=False, packages_select_by_dep=None, packages_select_regex=None, packages_select_test_failures=False, packages_skip=None, packages_skip_build_finished=False, packages_skip_by_dep=None, packages_skip_regex=None, packages_skip_test_passed=False, packages_skip_up_to=None, packages_start=None, packages_up_to=None, packages_up_to_regex=None, parallel_workers=12, paths=None, symlink_install=False, test_result_base=None, verb_extension=<colcon_core.verb.build.BuildVerb object at 0x7fb3bb59e430>, verb_name='build', verb_parser=<colcon_defaults.argument_parser.defaults.DefaultArgumentsDecorator object at 0x7fb3bb59e970>)
[0.170s] Level 1:colcon.colcon_core.package_discovery:discover_packages(colcon_meta) check parameters
[0.170s] Level 1:colcon.colcon_core.package_discovery:discover_packages(recursive) check parameters
[0.170s] Level 1:colcon.colcon_core.package_discovery:discover_packages(ignore) check parameters
[0.170s] Level 1:colcon.colcon_core.package_discovery:discover_packages(path) check parameters
[0.170s] Level 1:colcon.colcon_core.package_discovery:discover_packages(colcon_meta) discover
[0.170s] Level 1:colcon.colcon_core.package_discovery:discover_packages(recursive) discover
[0.170s] INFO:colcon.colcon_core.package_discovery:Crawling recursively for packages in '/home/ubuntu/ariac_ws'
[0.170s] Level 1:colcon.colcon_core.package_identification:_identify(.) by extensions ['ignore', 'ignore_ament_install']
[0.170s] Level 1:colcon.colcon_core.package_identification:_identify(.) by extension 'ignore'
[0.170s] Level 1:colcon.colcon_core.package_identification:_identify(.) by extension 'ignore_ament_install'
[0.171s] Level 1:colcon.colcon_core.package_identification:_identify(.) by extensions ['colcon_pkg']
[0.171s] Level 1:colcon.colcon_core.package_identification:_identify(.) by extension 'colcon_pkg'
[0.171s] Level 1:colcon.colcon_core.package_identification:_identify(.) by extensions ['colcon_meta']
[0.171s] Level 1:colcon.colcon_core.package_identification:_identify(.) by extension 'colcon_meta'
[0.171s] Level 1:colcon.colcon_core.package_identification:_identify(.) by extensions ['ros']
[0.171s] Level 1:colcon.colcon_core.package_identification:_identify(.) by extension 'ros'
[0.180s] Level 1:colcon.colcon_core.package_identification:_identify(.) by extensions ['cmake', 'python']
[0.180s] Level 1:colcon.colcon_core.package_identification:_identify(.) by extension 'cmake'
[0.180s] Level 1:colcon.colcon_core.package_identification:_identify(.) by extension 'python'
[0.180s] Level 1:colcon.colcon_core.package_identification:_identify(.) by extensions ['python_setup_py']
[0.180s] Level 1:colcon.colcon_core.package_identification:_identify(.) by extension 'python_setup_py'
[0.180s] Level 1:colcon.colcon_core.package_identification:_identify(build) by extensions ['ignore', 'ignore_ament_install']
[0.180s] Level 1:colcon.colcon_core.package_identification:_identify(build) by extension 'ignore'
[0.181s] Level 1:colcon.colcon_core.package_identification:_identify(build) ignored
[0.181s] Level 1:colcon.colcon_core.package_identification:_identify(install) by extensions ['ignore', 'ignore_ament_install']
[0.181s] Level 1:colcon.colcon_core.package_identification:_identify(install) by extension 'ignore'
[0.181s] Level 1:colcon.colcon_core.package_identification:_identify(install) ignored
[0.181s] Level 1:colcon.colcon_core.package_identification:_identify(log) by extensions ['ignore', 'ignore_ament_install']
[0.181s] Level 1:colcon.colcon_core.package_identification:_identify(log) by extension 'ignore'
[0.181s] Level 1:colcon.colcon_core.package_identification:_identify(log) ignored
[0.181s] Level 1:colcon.colcon_core.package_identification:_identify(src) by extensions ['ignore', 'ignore_ament_install']
[0.181s] Level 1:colcon.colcon_core.package_identification:_identify(src) by extension 'ignore'
[0.181s] Level 1:colcon.colcon_core.package_identification:_identify(src) by extension 'ignore_ament_install'
[0.181s] Level 1:colcon.colcon_core.package_identification:_identify(src) by extensions ['colcon_pkg']
[0.182s] Level 1:colcon.colcon_core.package_identification:_identify(src) by extension 'colcon_pkg'
[0.182s] Level 1:colcon.colcon_core.package_identification:_identify(src) by extensions ['colcon_meta']
[0.182s] Level 1:colcon.colcon_core.package_identification:_identify(src) by extension 'colcon_meta'
[0.182s] Level 1:colcon.colcon_core.package_identification:_identify(src) by extensions ['ros']
[0.182s] Level 1:colcon.colcon_core.package_identification:_identify(src) by extension 'ros'
[0.182s] Level 1:colcon.colcon_core.package_identification:_identify(src) by extensions ['cmake', 'python']
[0.182s] Level 1:colcon.colcon_core.package_identification:_identify(src) by extension 'cmake'
[0.182s] Level 1:colcon.colcon_core.package_identification:_identify(src) by extension 'python'
[0.182s] Level 1:colcon.colcon_core.package_identification:_identify(src) by extensions ['python_setup_py']
[0.182s] Level 1:colcon.colcon_core.package_identification:_identify(src) by extension 'python_setup_py'
[0.182s] Level 1:colcon.colcon_core.package_identification:_identify(src/ariac_gui) by extensions ['ignore', 'ignore_ament_install']
[0.183s] Level 1:colcon.colcon_core.package_identification:_identify(src/ariac_gui) by extension 'ignore'
[0.183s] Level 1:colcon.colcon_core.package_identification:_identify(src/ariac_gui) by extension 'ignore_ament_install'
[0.183s] Level 1:colcon.colcon_core.package_identification:_identify(src/ariac_gui) by extensions ['colcon_pkg']
[0.183s] Level 1:colcon.colcon_core.package_identification:_identify(src/ariac_gui) by extension 'colcon_pkg'
[0.183s] Level 1:colcon.colcon_core.package_identification:_identify(src/ariac_gui) by extensions ['colcon_meta']
[0.183s] Level 1:colcon.colcon_core.package_identification:_identify(src/ariac_gui) by extension 'colcon_meta'
[0.183s] Level 1:colcon.colcon_core.package_identification:_identify(src/ariac_gui) by extensions ['ros']
[0.183s] Level 1:colcon.colcon_core.package_identification:_identify(src/ariac_gui) by extension 'ros'
[0.186s] DEBUG:colcon.colcon_core.package_identification:Package 'src/ariac_gui' with type 'ros.ament_python' and name 'ariac_gui'
[0.186s] Level 1:colcon.colcon_core.package_identification:_identify(src/ariac_ros2) by extensions ['ignore', 'ignore_ament_install']
[0.186s] Level 1:colcon.colcon_core.package_identification:_identify(src/ariac_ros2) by extension 'ignore'
[0.186s] Level 1:colcon.colcon_core.package_identification:_identify(src/ariac_ros2) by extension 'ignore_ament_install'
[0.186s] Level 1:colcon.colcon_core.package_identification:_identify(src/ariac_ros2) by extensions ['colcon_pkg']
[0.186s] Level 1:colcon.colcon_core.package_identification:_identify(src/ariac_ros2) by extension 'colcon_pkg'
[0.186s] Level 1:colcon.colcon_core.package_identification:_identify(src/ariac_ros2) by extensions ['colcon_meta']
[0.186s] Level 1:colcon.colcon_core.package_identification:_identify(src/ariac_ros2) by extension 'colcon_meta'
[0.186s] Level 1:colcon.colcon_core.package_identification:_identify(src/ariac_ros2) by extensions ['ros']
[0.186s] Level 1:colcon.colcon_core.package_identification:_identify(src/ariac_ros2) by extension 'ros'
[0.186s] Level 1:colcon.colcon_core.package_identification:_identify(src/ariac_ros2) by extensions ['cmake', 'python']
[0.187s] Level 1:colcon.colcon_core.package_identification:_identify(src/ariac_ros2) by extension 'cmake'
[0.187s] Level 1:colcon.colcon_core.package_identification:_identify(src/ariac_ros2) by extension 'python'
[0.187s] Level 1:colcon.colcon_core.package_identification:_identify(src/ariac_ros2) by extensions ['python_setup_py']
[0.187s] Level 1:colcon.colcon_core.package_identification:_identify(src/ariac_ros2) by extension 'python_setup_py'
[0.187s] Level 1:colcon.colcon_core.package_identification:_identify(src/ariac_ros2/ariac_msgs) by extensions ['ignore', 'ignore_ament_install']
[0.187s] Level 1:colcon.colcon_core.package_identification:_identify(src/ariac_ros2/ariac_msgs) by extension 'ignore'
[0.187s] Level 1:colcon.colcon_core.package_identification:_identify(src/ariac_ros2/ariac_msgs) by extension 'ignore_ament_install'
[0.187s] Level 1:colcon.colcon_core.package_identification:_identify(src/ariac_ros2/ariac_msgs) by extensions ['colcon_pkg']
[0.187s] Level 1:colcon.colcon_core.package_identification:_identify(src/ariac_ros2/ariac_msgs) by extension 'colcon_pkg'
[0.187s] Level 1:colcon.colcon_core.package_identification:_identify(src/ariac_ros2/ariac_msgs) by extensions ['colcon_meta']
[0.187s] Level 1:colcon.colcon_core.package_identification:_identify(src/ariac_ros2/ariac_msgs) by extension 'colcon_meta'
[0.187s] Level 1:colcon.colcon_core.package_identification:_identify(src/ariac_ros2/ariac_msgs) by extensions ['ros']
[0.187s] Level 1:colcon.colcon_core.package_identification:_identify(src/ariac_ros2/ariac_msgs) by extension 'ros'
[0.188s] DEBUG:colcon.colcon_core.package_identification:Package 'src/ariac_ros2/ariac_msgs' with type 'ros.ament_cmake' and name 'ariac_msgs'
[0.188s] Level 1:colcon.colcon_core.package_discovery:discover_packages(recursive) using defaults
[0.188s] Level 1:colcon.colcon_core.package_discovery:discover_packages(ignore) discover
[0.188s] Level 1:colcon.colcon_core.package_discovery:discover_packages(ignore) using defaults
[0.188s] Level 1:colcon.colcon_core.package_discovery:discover_packages(path) discover
[0.188s] Level 1:colcon.colcon_core.package_discovery:discover_packages(path) using defaults
[0.213s] Level 1:colcon.colcon_core.package_discovery:discover_packages(prefix_path) check parameters
[0.213s] Level 1:colcon.colcon_core.package_discovery:discover_packages(prefix_path) discover
[0.215s] DEBUG:colcon.colcon_installed_package_information.package_discovery:Found 3 installed packages in /home/ubuntu/ariac_ws/install
[0.217s] DEBUG:colcon.colcon_installed_package_information.package_discovery:Found 275 installed packages in /opt/ros/galactic
[0.218s] Level 1:colcon.colcon_core.package_discovery:discover_packages(prefix_path) using defaults
[0.296s] Level 5:colcon.colcon_core.verb:set package 'ariac_msgs' build argument 'cmake_args' from command line to 'None'
[0.296s] Level 5:colcon.colcon_core.verb:set package 'ariac_msgs' build argument 'cmake_target' from command line to 'None'
[0.296s] Level 5:colcon.colcon_core.verb:set package 'ariac_msgs' build argument 'cmake_target_skip_unavailable' from command line to 'False'
[0.296s] Level 5:colcon.colcon_core.verb:set package 'ariac_msgs' build argument 'cmake_clean_cache' from command line to 'False'
[0.296s] Level 5:colcon.colcon_core.verb:set package 'ariac_msgs' build argument 'cmake_clean_first' from command line to 'False'
[0.296s] Level 5:colcon.colcon_core.verb:set package 'ariac_msgs' build argument 'cmake_force_configure' from command line to 'False'
[0.296s] Level 5:colcon.colcon_core.verb:set package 'ariac_msgs' build argument 'ament_cmake_args' from command line to 'None'
[0.296s] Level 5:colcon.colcon_core.verb:set package 'ariac_msgs' build argument 'catkin_cmake_args' from command line to 'None'
[0.297s] Level 5:colcon.colcon_core.verb:set package 'ariac_msgs' build argument 'catkin_skip_building_tests' from command line to 'False'
[0.297s] DEBUG:colcon.colcon_core.verb:Building package 'ariac_msgs' with the following arguments: {'ament_cmake_args': None, 'build_base': '/home/ubuntu/ariac_ws/build/ariac_msgs', 'catkin_cmake_args': None, 'catkin_skip_building_tests': False, 'cmake_args': None, 'cmake_clean_cache': False, 'cmake_clean_first': False, 'cmake_force_configure': False, 'cmake_target': None, 'cmake_target_skip_unavailable': False, 'install_base': '/home/ubuntu/ariac_ws/install/ariac_msgs', 'merge_install': False, 'path': '/home/ubuntu/ariac_ws/src/ariac_ros2/ariac_msgs', 'symlink_install': False, 'test_result_base': None}
[0.298s] Level 5:colcon.colcon_core.verb:set package 'ariac_gui' build argument 'cmake_args' from command line to 'None'
[0.298s] Level 5:colcon.colcon_core.verb:set package 'ariac_gui' build argument 'cmake_target' from command line to 'None'
[0.298s] Level 5:colcon.colcon_core.verb:set package 'ariac_gui' build argument 'cmake_target_skip_unavailable' from command line to 'False'
[0.298s] Level 5:colcon.colcon_core.verb:set package 'ariac_gui' build argument 'cmake_clean_cache' from command line to 'False'
[0.298s] Level 5:colcon.colcon_core.verb:set package 'ariac_gui' build argument 'cmake_clean_first' from command line to 'False'
[0.298s] Level 5:colcon.colcon_core.verb:set package 'ariac_gui' build argument 'cmake_force_configure' from command line to 'False'
[0.298s] Level 5:colcon.colcon_core.verb:set package 'ariac_gui' build argument 'ament_cmake_args' from command line to 'None'
[0.298s] Level 5:colcon.colcon_core.verb:set package 'ariac_gui' build argument 'catkin_cmake_args' from command line to 'None'
[0.298s] Level 5:colcon.colcon_core.verb:set package 'ariac_gui' build argument 'catkin_skip_building_tests' from command line to 'False'
[0.298s] DEBUG:colcon.colcon_core.verb:Building package 'ariac_gui' with the following arguments: {'ament_cmake_args': None, 'build_base': '/home/ubuntu/ariac_ws/build/ariac_gui', 'catkin_cmake_args': None, 'catkin_skip_building_tests': False, 'cmake_args': None, 'cmake_clean_cache': False, 'cmake_clean_first': False, 'cmake_force_configure': False, 'cmake_target': None, 'cmake_target_skip_unavailable': False, 'install_base': '/home/ubuntu/ariac_ws/install/ariac_gui', 'merge_install': False, 'path': '/home/ubuntu/ariac_ws/src/ariac_gui', 'symlink_install': False, 'test_result_base': None}
[0.299s] INFO:colcon.colcon_core.executor:Executing jobs using 'parallel' executor
[0.303s] DEBUG:colcon.colcon_parallel_executor.executor.parallel:run_until_complete
[0.304s] INFO:colcon.colcon_ros.task.ament_cmake.build:Building ROS package in '/home/ubuntu/ariac_ws/src/ariac_ros2/ariac_msgs' with build type 'ament_cmake'
[0.304s] INFO:colcon.colcon_cmake.task.cmake.build:Building CMake package in '/home/ubuntu/ariac_ws/src/ariac_ros2/ariac_msgs'
[0.310s] INFO:colcon.colcon_core.plugin_system:Skipping extension 'colcon_core.shell.bat': Not used on non-Windows systems
[0.310s] INFO:colcon.colcon_core.shell:Skip shell extension 'powershell' for command environment: Not usable outside of PowerShell
[0.310s] DEBUG:colcon.colcon_core.shell:Skip shell extension 'dsv' for command environment
[0.327s] DEBUG:colcon.colcon_core.event_handler.log_command:Invoking command in '/home/ubuntu/ariac_ws/build/ariac_msgs': CMAKE_PREFIX_PATH=${CMAKE_PREFIX_PATH}:/home/ubuntu/ariac_ws/install/py_pubsub:/home/ubuntu/ariac_ws/install/ariac_gui:/opt/ros/galactic /usr/bin/cmake --build /home/ubuntu/ariac_ws/build/ariac_msgs -- -j12 -l12
[0.599s] DEBUG:colcon.colcon_core.event_handler.log_command:Invoked command in '/home/ubuntu/ariac_ws/build/ariac_msgs' returned '0': CMAKE_PREFIX_PATH=${CMAKE_PREFIX_PATH}:/home/ubuntu/ariac_ws/install/py_pubsub:/home/ubuntu/ariac_ws/install/ariac_gui:/opt/ros/galactic /usr/bin/cmake --build /home/ubuntu/ariac_ws/build/ariac_msgs -- -j12 -l12
[1.181s] DEBUG:colcon.colcon_core.event_handler.log_command:Invoking command in '/home/ubuntu/ariac_ws/build/ariac_msgs': CMAKE_PREFIX_PATH=${CMAKE_PREFIX_PATH}:/home/ubuntu/ariac_ws/install/py_pubsub:/home/ubuntu/ariac_ws/install/ariac_gui:/opt/ros/galactic /usr/bin/cmake --install /home/ubuntu/ariac_ws/build/ariac_msgs
[1.288s] Level 1:colcon.colcon_core.environment:create_environment_scripts_only(ariac_msgs)
[1.298s] Level 1:colcon.colcon_core.environment:checking '/home/ubuntu/ariac_ws/install/ariac_msgs' for CMake module files
[1.301s] Level 1:colcon.colcon_core.environment:checking '/home/ubuntu/ariac_ws/install/ariac_msgs' for CMake config files
[1.307s] Level 1:colcon.colcon_core.shell:create_environment_hook('ariac_msgs', 'cmake_prefix_path')
[1.308s] INFO:colcon.colcon_core.shell:Creating environment hook '/home/ubuntu/ariac_ws/install/ariac_msgs/share/ariac_msgs/hook/cmake_prefix_path.ps1'
[1.310s] INFO:colcon.colcon_core.shell:Creating environment descriptor '/home/ubuntu/ariac_ws/install/ariac_msgs/share/ariac_msgs/hook/cmake_prefix_path.dsv'
[1.311s] INFO:colcon.colcon_core.shell:Creating environment hook '/home/ubuntu/ariac_ws/install/ariac_msgs/share/ariac_msgs/hook/cmake_prefix_path.sh'
[1.313s] Level 1:colcon.colcon_core.environment:checking '/home/ubuntu/ariac_ws/install/ariac_msgs/lib'
[1.313s] Level 1:colcon.colcon_core.shell:create_environment_hook('ariac_msgs', 'ld_library_path_lib')
[1.315s] INFO:colcon.colcon_core.shell:Creating environment hook '/home/ubuntu/ariac_ws/install/ariac_msgs/share/ariac_msgs/hook/ld_library_path_lib.ps1'
[1.316s] INFO:colcon.colcon_core.shell:Creating environment descriptor '/home/ubuntu/ariac_ws/install/ariac_msgs/share/ariac_msgs/hook/ld_library_path_lib.dsv'
[1.317s] INFO:colcon.colcon_core.shell:Creating environment hook '/home/ubuntu/ariac_ws/install/ariac_msgs/share/ariac_msgs/hook/ld_library_path_lib.sh'
[1.318s] Level 1:colcon.colcon_core.environment:checking '/home/ubuntu/ariac_ws/install/ariac_msgs/bin'
[1.318s] Level 1:colcon.colcon_core.environment:checking '/home/ubuntu/ariac_ws/install/ariac_msgs/lib/pkgconfig/ariac_msgs.pc'
[1.318s] Level 1:colcon.colcon_core.environment:checking '/home/ubuntu/ariac_ws/install/ariac_msgs/lib/python3.8/site-packages'
[1.318s] Level 1:colcon.colcon_core.shell:create_environment_hook('ariac_msgs', 'pythonpath')
[1.320s] INFO:colcon.colcon_core.shell:Creating environment hook '/home/ubuntu/ariac_ws/install/ariac_msgs/share/ariac_msgs/hook/pythonpath.ps1'
[1.321s] INFO:colcon.colcon_core.shell:Creating environment descriptor '/home/ubuntu/ariac_ws/install/ariac_msgs/share/ariac_msgs/hook/pythonpath.dsv'
[1.322s] INFO:colcon.colcon_core.shell:Creating environment hook '/home/ubuntu/ariac_ws/install/ariac_msgs/share/ariac_msgs/hook/pythonpath.sh'
[1.323s] Level 1:colcon.colcon_core.environment:checking '/home/ubuntu/ariac_ws/install/ariac_msgs/bin'
[1.324s] INFO:colcon.colcon_core.shell:Creating package script '/home/ubuntu/ariac_ws/install/ariac_msgs/share/ariac_msgs/package.ps1'
[1.326s] INFO:colcon.colcon_core.shell:Creating package descriptor '/home/ubuntu/ariac_ws/install/ariac_msgs/share/ariac_msgs/package.dsv'
[1.327s] INFO:colcon.colcon_core.shell:Creating package script '/home/ubuntu/ariac_ws/install/ariac_msgs/share/ariac_msgs/package.sh'
[1.328s] INFO:colcon.colcon_core.shell:Creating package script '/home/ubuntu/ariac_ws/install/ariac_msgs/share/ariac_msgs/package.bash'
[1.329s] INFO:colcon.colcon_core.shell:Creating package script '/home/ubuntu/ariac_ws/install/ariac_msgs/share/ariac_msgs/package.zsh'
[1.330s] Level 1:colcon.colcon_core.environment:create_file_with_runtime_dependencies(/home/ubuntu/ariac_ws/install/ariac_msgs/share/colcon-core/packages/ariac_msgs)
[1.370s] DEBUG:colcon.colcon_core.event_handler.log_command:Invoked command in '/home/ubuntu/ariac_ws/build/ariac_msgs' returned '0': CMAKE_PREFIX_PATH=${CMAKE_PREFIX_PATH}:/home/ubuntu/ariac_ws/install/py_pubsub:/home/ubuntu/ariac_ws/install/ariac_gui:/opt/ros/galactic /usr/bin/cmake --install /home/ubuntu/ariac_ws/build/ariac_msgs
[1.903s] Level 1:colcon.colcon_core.environment:create_environment_scripts_only(ariac_msgs)
[1.905s] Level 1:colcon.colcon_core.environment:checking '/home/ubuntu/ariac_ws/install/ariac_msgs' for CMake module files
[1.906s] Level 1:colcon.colcon_core.environment:checking '/home/ubuntu/ariac_ws/install/ariac_msgs' for CMake config files
[1.907s] Level 1:colcon.colcon_core.shell:create_environment_hook('ariac_msgs', 'cmake_prefix_path')
[1.909s] INFO:colcon.colcon_core.shell:Creating environment hook '/home/ubuntu/ariac_ws/install/ariac_msgs/share/ariac_msgs/hook/cmake_prefix_path.ps1'
[1.909s] INFO:colcon.colcon_core.shell:Creating environment descriptor '/home/ubuntu/ariac_ws/install/ariac_msgs/share/ariac_msgs/hook/cmake_prefix_path.dsv'
[1.910s] INFO:colcon.colcon_core.shell:Creating environment hook '/home/ubuntu/ariac_ws/install/ariac_msgs/share/ariac_msgs/hook/cmake_prefix_path.sh'
[1.910s] Level 1:colcon.colcon_core.environment:checking '/home/ubuntu/ariac_ws/install/ariac_msgs/lib'
[1.910s] Level 1:colcon.colcon_core.shell:create_environment_hook('ariac_msgs', 'ld_library_path_lib')
[1.913s] INFO:colcon.colcon_core.shell:Creating environment hook '/home/ubuntu/ariac_ws/install/ariac_msgs/share/ariac_msgs/hook/ld_library_path_lib.ps1'
[1.913s] INFO:colcon.colcon_core.shell:Creating environment descriptor '/home/ubuntu/ariac_ws/install/ariac_msgs/share/ariac_msgs/hook/ld_library_path_lib.dsv'
[1.913s] INFO:colcon.colcon_core.shell:Creating environment hook '/home/ubuntu/ariac_ws/install/ariac_msgs/share/ariac_msgs/hook/ld_library_path_lib.sh'
[1.914s] Level 1:colcon.colcon_core.environment:checking '/home/ubuntu/ariac_ws/install/ariac_msgs/bin'
[1.914s] Level 1:colcon.colcon_core.environment:checking '/home/ubuntu/ariac_ws/install/ariac_msgs/lib/pkgconfig/ariac_msgs.pc'
[1.914s] Level 1:colcon.colcon_core.environment:checking '/home/ubuntu/ariac_ws/install/ariac_msgs/lib/python3.8/site-packages'
[1.915s] Level 1:colcon.colcon_core.shell:create_environment_hook('ariac_msgs', 'pythonpath')
[1.916s] INFO:colcon.colcon_core.shell:Creating environment hook '/home/ubuntu/ariac_ws/install/ariac_msgs/share/ariac_msgs/hook/pythonpath.ps1'
[1.917s] INFO:colcon.colcon_core.shell:Creating environment descriptor '/home/ubuntu/ariac_ws/install/ariac_msgs/share/ariac_msgs/hook/pythonpath.dsv'
[1.917s] INFO:colcon.colcon_core.shell:Creating environment hook '/home/ubuntu/ariac_ws/install/ariac_msgs/share/ariac_msgs/hook/pythonpath.sh'
[1.918s] Level 1:colcon.colcon_core.environment:checking '/home/ubuntu/ariac_ws/install/ariac_msgs/bin'
[1.919s] INFO:colcon.colcon_core.shell:Creating package script '/home/ubuntu/ariac_ws/install/ariac_msgs/share/ariac_msgs/package.ps1'
[1.920s] INFO:colcon.colcon_core.shell:Creating package descriptor '/home/ubuntu/ariac_ws/install/ariac_msgs/share/ariac_msgs/package.dsv'
[1.921s] INFO:colcon.colcon_core.shell:Creating package script '/home/ubuntu/ariac_ws/install/ariac_msgs/share/ariac_msgs/package.sh'
[1.921s] INFO:colcon.colcon_core.shell:Creating package script '/home/ubuntu/ariac_ws/install/ariac_msgs/share/ariac_msgs/package.bash'
[1.922s] INFO:colcon.colcon_core.shell:Creating package script '/home/ubuntu/ariac_ws/install/ariac_msgs/share/ariac_msgs/package.zsh'
[1.922s] Level 1:colcon.colcon_core.environment:create_file_with_runtime_dependencies(/home/ubuntu/ariac_ws/install/ariac_msgs/share/colcon-core/packages/ariac_msgs)
[1.923s] INFO:colcon.colcon_ros.task.ament_python.build:Building ROS package in '/home/ubuntu/ariac_ws/src/ariac_gui' with build type 'ament_python'
[1.923s] Level 1:colcon.colcon_core.shell:create_environment_hook('ariac_gui', 'ament_prefix_path')
[1.925s] INFO:colcon.colcon_core.shell:Creating environment hook '/home/ubuntu/ariac_ws/install/ariac_gui/share/ariac_gui/hook/ament_prefix_path.ps1'
[1.926s] INFO:colcon.colcon_core.shell:Creating environment descriptor '/home/ubuntu/ariac_ws/install/ariac_gui/share/ariac_gui/hook/ament_prefix_path.dsv'
[1.927s] INFO:colcon.colcon_core.shell:Creating environment hook '/home/ubuntu/ariac_ws/install/ariac_gui/share/ariac_gui/hook/ament_prefix_path.sh'
[1.929s] INFO:colcon.colcon_core.shell:Skip shell extension 'powershell' for command environment: Not usable outside of PowerShell
[1.929s] DEBUG:colcon.colcon_core.shell:Skip shell extension 'dsv' for command environment
[2.153s] INFO:colcon.colcon_core.task.python.build:Building Python package in '/home/ubuntu/ariac_ws/src/ariac_gui'
[2.155s] INFO:colcon.colcon_core.shell:Skip shell extension 'powershell' for command environment: Not usable outside of PowerShell
[2.155s] DEBUG:colcon.colcon_core.shell:Skip shell extension 'dsv' for command environment
[2.565s] DEBUG:colcon.colcon_core.event_handler.log_command:Invoking command in '/home/ubuntu/ariac_ws/src/ariac_gui': PYTHONPATH=/home/ubuntu/ariac_ws/build/ariac_gui/prefix_override:/home/ubuntu/ariac_ws/install/ariac_gui/lib/python3.8/site-packages:/home/ubuntu/ariac_ws/install/ariac_msgs/lib/python3.8/site-packages:/home/ubuntu/ariac_ws/install/py_pubsub/lib/python3.8/site-packages:/home/ubuntu/ariac_ws/install/ariac_gui/lib/python3.8/site-packages:/opt/ros/galactic/lib/python3.8/site-packages /usr/bin/python3 setup.py egg_info --egg-base ../../build/ariac_gui build --build-base /home/ubuntu/ariac_ws/build/ariac_gui/build install --record /home/ubuntu/ariac_ws/build/ariac_gui/install.log --single-version-externally-managed
[2.849s] Level 1:colcon.colcon_core.environment:checking '/home/ubuntu/ariac_ws/install/ariac_gui' for CMake module files
[2.850s] DEBUG:colcon.colcon_core.event_handler.log_command:Invoked command in '/home/ubuntu/ariac_ws/src/ariac_gui' returned '0': PYTHONPATH=/home/ubuntu/ariac_ws/build/ariac_gui/prefix_override:/home/ubuntu/ariac_ws/install/ariac_gui/lib/python3.8/site-packages:/home/ubuntu/ariac_ws/install/ariac_msgs/lib/python3.8/site-packages:/home/ubuntu/ariac_ws/install/py_pubsub/lib/python3.8/site-packages:/home/ubuntu/ariac_ws/install/ariac_gui/lib/python3.8/site-packages:/opt/ros/galactic/lib/python3.8/site-packages /usr/bin/python3 setup.py egg_info --egg-base ../../build/ariac_gui build --build-base /home/ubuntu/ariac_ws/build/ariac_gui/build install --record /home/ubuntu/ariac_ws/build/ariac_gui/install.log --single-version-externally-managed
[2.850s] Level 1:colcon.colcon_core.environment:checking '/home/ubuntu/ariac_ws/install/ariac_gui' for CMake config files
[2.850s] Level 1:colcon.colcon_core.environment:checking '/home/ubuntu/ariac_ws/install/ariac_gui/lib'
[2.850s] Level 1:colcon.colcon_core.environment:checking '/home/ubuntu/ariac_ws/install/ariac_gui/bin'
[2.851s] Level 1:colcon.colcon_core.environment:checking '/home/ubuntu/ariac_ws/install/ariac_gui/lib/pkgconfig/ariac_gui.pc'
[2.851s] Level 1:colcon.colcon_core.environment:checking '/home/ubuntu/ariac_ws/install/ariac_gui/lib/python3.8/site-packages'
[2.851s] Level 1:colcon.colcon_core.shell:create_environment_hook('ariac_gui', 'pythonpath')
[2.852s] INFO:colcon.colcon_core.shell:Creating environment hook '/home/ubuntu/ariac_ws/install/ariac_gui/share/ariac_gui/hook/pythonpath.ps1'
[2.853s] INFO:colcon.colcon_core.shell:Creating environment descriptor '/home/ubuntu/ariac_ws/install/ariac_gui/share/ariac_gui/hook/pythonpath.dsv'
[2.853s] INFO:colcon.colcon_core.shell:Creating environment hook '/home/ubuntu/ariac_ws/install/ariac_gui/share/ariac_gui/hook/pythonpath.sh'
[2.854s] Level 1:colcon.colcon_core.environment:checking '/home/ubuntu/ariac_ws/install/ariac_gui/bin'
[2.854s] Level 1:colcon.colcon_core.environment:create_environment_scripts_only(ariac_gui)
[2.855s] INFO:colcon.colcon_core.shell:Creating package script '/home/ubuntu/ariac_ws/install/ariac_gui/share/ariac_gui/package.ps1'
[2.855s] INFO:colcon.colcon_core.shell:Creating package descriptor '/home/ubuntu/ariac_ws/install/ariac_gui/share/ariac_gui/package.dsv'
[2.856s] INFO:colcon.colcon_core.shell:Creating package script '/home/ubuntu/ariac_ws/install/ariac_gui/share/ariac_gui/package.sh'
[2.856s] INFO:colcon.colcon_core.shell:Creating package script '/home/ubuntu/ariac_ws/install/ariac_gui/share/ariac_gui/package.bash'
[2.857s] INFO:colcon.colcon_core.shell:Creating package script '/home/ubuntu/ariac_ws/install/ariac_gui/share/ariac_gui/package.zsh'
[2.857s] Level 1:colcon.colcon_core.environment:create_file_with_runtime_dependencies(/home/ubuntu/ariac_ws/install/ariac_gui/share/colcon-core/packages/ariac_gui)
[2.858s] DEBUG:colcon.colcon_parallel_executor.executor.parallel:closing loop
[2.858s] DEBUG:colcon.colcon_parallel_executor.executor.parallel:loop closed
[2.859s] DEBUG:colcon.colcon_parallel_executor.executor.parallel:run_until_complete finished with '0'
[2.859s] DEBUG:colcon.colcon_core.event_reactor:joining thread
[2.866s] INFO:colcon.colcon_core.plugin_system:Skipping extension 'colcon_notification.desktop_notification.notify_send': Could not find 'notify-send'
[2.866s] INFO:colcon.colcon_core.plugin_system:Skipping extension 'colcon_notification.desktop_notification.terminal_notifier': Not used on non-Darwin systems
[2.866s] INFO:colcon.colcon_core.plugin_system:Skipping extension 'colcon_notification.desktop_notification.win32': Not used on non-Windows systems
[2.866s] INFO:colcon.colcon_notification.desktop_notification:Sending desktop notification using 'notify2'
[2.866s] DEBUG:colcon.colcon_notification.desktop_notification.notify2:Failed to initialize notify2: org.freedesktop.DBus.Error.NotSupported: Unable to autolaunch a dbus-daemon without a $DISPLAY for X11
[2.866s] DEBUG:colcon.colcon_core.event_reactor:joined thread
[2.868s] INFO:colcon.colcon_core.shell:Creating prefix script '/home/ubuntu/ariac_ws/install/local_setup.ps1'
[2.869s] INFO:colcon.colcon_core.shell:Creating prefix util module '/home/ubuntu/ariac_ws/install/_local_setup_util_ps1.py'
[2.871s] INFO:colcon.colcon_core.shell:Creating prefix chain script '/home/ubuntu/ariac_ws/install/setup.ps1'
[2.872s] INFO:colcon.colcon_core.shell:Creating prefix script '/home/ubuntu/ariac_ws/install/local_setup.sh'
[2.873s] INFO:colcon.colcon_core.shell:Creating prefix util module '/home/ubuntu/ariac_ws/install/_local_setup_util_sh.py'
[2.873s] INFO:colcon.colcon_core.shell:Creating prefix chain script '/home/ubuntu/ariac_ws/install/setup.sh'
[2.875s] INFO:colcon.colcon_core.shell:Creating prefix script '/home/ubuntu/ariac_ws/install/local_setup.bash'
[2.875s] INFO:colcon.colcon_core.shell:Creating prefix chain script '/home/ubuntu/ariac_ws/install/setup.bash'
[2.877s] INFO:colcon.colcon_core.shell:Creating prefix script '/home/ubuntu/ariac_ws/install/local_setup.zsh'
[2.877s] INFO:colcon.colcon_core.shell:Creating prefix chain script '/home/ubuntu/ariac_ws/install/setup.zsh'
